[0.055s] DEBUG:colcon:Command line arguments: ['/usr/bin/colcon', 'build', '--symlink-install']
[0.055s] DEBUG:colcon:Parsed command line arguments: Namespace(log_base=None, log_level=None, verb_name='build', build_base='build', install_base='install', merge_install=False, symlink_install=True, test_result_base=None, continue_on_error=False, executor='parallel', parallel_workers=20, event_handlers=None, ignore_user_meta=False, metas=['./colcon.meta'], base_paths=['.'], packages_ignore=None, packages_ignore_regex=None, paths=None, packages_up_to=None, packages_up_to_regex=None, packages_above=None, packages_above_and_dependencies=None, packages_above_depth=None, packages_select_by_dep=None, packages_skip_by_dep=None, packages_skip_up_to=None, packages_select_build_failed=False, packages_skip_build_finished=False, packages_select_test_failures=False, packages_skip_test_passed=False, packages_select=None, packages_skip=None, packages_select_regex=None, packages_skip_regex=None, packages_start=None, packages_end=None, allow_overriding=[], cmake_args=None, cmake_target=None, cmake_target_skip_unavailable=False, cmake_clean_cache=False, cmake_clean_first=False, cmake_force_configure=False, ament_cmake_args=None, catkin_cmake_args=None, catkin_skip_building_tests=False, verb_parser=<colcon_defaults.argument_parser.defaults.DefaultArgumentsDecorator object at 0x7632af9511e0>, verb_extension=<colcon_core.verb.build.BuildVerb object at 0x7632af950ca0>, main=<bound method BuildVerb.main of <colcon_core.verb.build.BuildVerb object at 0x7632af950ca0>>)
[0.139s] Level 1:colcon.colcon_core.package_discovery:discover_packages(colcon_meta) check parameters
[0.139s] Level 1:colcon.colcon_core.package_discovery:discover_packages(recursive) check parameters
[0.139s] Level 1:colcon.colcon_core.package_discovery:discover_packages(ignore) check parameters
[0.139s] Level 1:colcon.colcon_core.package_discovery:discover_packages(path) check parameters
[0.139s] Level 1:colcon.colcon_core.package_discovery:discover_packages(colcon_meta) discover
[0.139s] Level 1:colcon.colcon_core.package_discovery:discover_packages(recursive) discover
[0.139s] INFO:colcon.colcon_core.package_discovery:Crawling recursively for packages in '/home/ubuntu/650610832_final'
[0.139s] Level 1:colcon.colcon_core.package_identification:_identify(.) by extensions ['ignore', 'ignore_ament_install']
[0.140s] Level 1:colcon.colcon_core.package_identification:_identify(.) by extension 'ignore'
[0.140s] Level 1:colcon.colcon_core.package_identification:_identify(.) by extension 'ignore_ament_install'
[0.140s] Level 1:colcon.colcon_core.package_identification:_identify(.) by extensions ['colcon_pkg']
[0.140s] Level 1:colcon.colcon_core.package_identification:_identify(.) by extension 'colcon_pkg'
[0.140s] Level 1:colcon.colcon_core.package_identification:_identify(.) by extensions ['colcon_meta']
[0.140s] Level 1:colcon.colcon_core.package_identification:_identify(.) by extension 'colcon_meta'
[0.140s] Level 1:colcon.colcon_core.package_identification:_identify(.) by extensions ['ros']
[0.140s] Level 1:colcon.colcon_core.package_identification:_identify(.) by extension 'ros'
[0.146s] Level 1:colcon.colcon_core.package_identification:_identify(.) by extensions ['cmake', 'python']
[0.146s] Level 1:colcon.colcon_core.package_identification:_identify(.) by extension 'cmake'
[0.146s] Level 1:colcon.colcon_core.package_identification:_identify(.) by extension 'python'
[0.146s] Level 1:colcon.colcon_core.package_identification:_identify(.) by extensions ['python_setup_py']
[0.146s] Level 1:colcon.colcon_core.package_identification:_identify(.) by extension 'python_setup_py'
[0.146s] Level 1:colcon.colcon_core.package_identification:_identify(build) by extensions ['ignore', 'ignore_ament_install']
[0.146s] Level 1:colcon.colcon_core.package_identification:_identify(build) by extension 'ignore'
[0.146s] Level 1:colcon.colcon_core.package_identification:_identify(build) ignored
[0.146s] Level 1:colcon.colcon_core.package_identification:_identify(install) by extensions ['ignore', 'ignore_ament_install']
[0.146s] Level 1:colcon.colcon_core.package_identification:_identify(install) by extension 'ignore'
[0.146s] Level 1:colcon.colcon_core.package_identification:_identify(install) ignored
[0.146s] Level 1:colcon.colcon_core.package_identification:_identify(log) by extensions ['ignore', 'ignore_ament_install']
[0.146s] Level 1:colcon.colcon_core.package_identification:_identify(log) by extension 'ignore'
[0.146s] Level 1:colcon.colcon_core.package_identification:_identify(log) ignored
[0.146s] Level 1:colcon.colcon_core.package_identification:_identify(src) by extensions ['ignore', 'ignore_ament_install']
[0.146s] Level 1:colcon.colcon_core.package_identification:_identify(src) by extension 'ignore'
[0.146s] Level 1:colcon.colcon_core.package_identification:_identify(src) by extension 'ignore_ament_install'
[0.146s] Level 1:colcon.colcon_core.package_identification:_identify(src) by extensions ['colcon_pkg']
[0.146s] Level 1:colcon.colcon_core.package_identification:_identify(src) by extension 'colcon_pkg'
[0.146s] Level 1:colcon.colcon_core.package_identification:_identify(src) by extensions ['colcon_meta']
[0.146s] Level 1:colcon.colcon_core.package_identification:_identify(src) by extension 'colcon_meta'
[0.146s] Level 1:colcon.colcon_core.package_identification:_identify(src) by extensions ['ros']
[0.146s] Level 1:colcon.colcon_core.package_identification:_identify(src) by extension 'ros'
[0.146s] Level 1:colcon.colcon_core.package_identification:_identify(src) by extensions ['cmake', 'python']
[0.146s] Level 1:colcon.colcon_core.package_identification:_identify(src) by extension 'cmake'
[0.146s] Level 1:colcon.colcon_core.package_identification:_identify(src) by extension 'python'
[0.146s] Level 1:colcon.colcon_core.package_identification:_identify(src) by extensions ['python_setup_py']
[0.146s] Level 1:colcon.colcon_core.package_identification:_identify(src) by extension 'python_setup_py'
[0.147s] Level 1:colcon.colcon_core.package_identification:_identify(src/my_interface) by extensions ['ignore', 'ignore_ament_install']
[0.147s] Level 1:colcon.colcon_core.package_identification:_identify(src/my_interface) by extension 'ignore'
[0.147s] Level 1:colcon.colcon_core.package_identification:_identify(src/my_interface) by extension 'ignore_ament_install'
[0.147s] Level 1:colcon.colcon_core.package_identification:_identify(src/my_interface) by extensions ['colcon_pkg']
[0.147s] Level 1:colcon.colcon_core.package_identification:_identify(src/my_interface) by extension 'colcon_pkg'
[0.147s] Level 1:colcon.colcon_core.package_identification:_identify(src/my_interface) by extensions ['colcon_meta']
[0.147s] Level 1:colcon.colcon_core.package_identification:_identify(src/my_interface) by extension 'colcon_meta'
[0.147s] Level 1:colcon.colcon_core.package_identification:_identify(src/my_interface) by extensions ['ros']
[0.147s] Level 1:colcon.colcon_core.package_identification:_identify(src/my_interface) by extension 'ros'
[0.148s] DEBUG:colcon.colcon_core.package_identification:Package 'src/my_interface' with type 'ros.ament_cmake' and name 'my_interface'
[0.148s] Level 1:colcon.colcon_core.package_identification:_identify(src/server_node) by extensions ['ignore', 'ignore_ament_install']
[0.148s] Level 1:colcon.colcon_core.package_identification:_identify(src/server_node) by extension 'ignore'
[0.148s] Level 1:colcon.colcon_core.package_identification:_identify(src/server_node) by extension 'ignore_ament_install'
[0.148s] Level 1:colcon.colcon_core.package_identification:_identify(src/server_node) by extensions ['colcon_pkg']
[0.148s] Level 1:colcon.colcon_core.package_identification:_identify(src/server_node) by extension 'colcon_pkg'
[0.148s] Level 1:colcon.colcon_core.package_identification:_identify(src/server_node) by extensions ['colcon_meta']
[0.148s] Level 1:colcon.colcon_core.package_identification:_identify(src/server_node) by extension 'colcon_meta'
[0.148s] Level 1:colcon.colcon_core.package_identification:_identify(src/server_node) by extensions ['ros']
[0.148s] Level 1:colcon.colcon_core.package_identification:_identify(src/server_node) by extension 'ros'
[0.149s] DEBUG:colcon.colcon_core.package_identification:Package 'src/server_node' with type 'ros.ament_python' and name 'server_node'
[0.149s] Level 1:colcon.colcon_core.package_identification:_identify(src/service_node) by extensions ['ignore', 'ignore_ament_install']
[0.149s] Level 1:colcon.colcon_core.package_identification:_identify(src/service_node) by extension 'ignore'
[0.149s] Level 1:colcon.colcon_core.package_identification:_identify(src/service_node) by extension 'ignore_ament_install'
[0.149s] Level 1:colcon.colcon_core.package_identification:_identify(src/service_node) by extensions ['colcon_pkg']
[0.149s] Level 1:colcon.colcon_core.package_identification:_identify(src/service_node) by extension 'colcon_pkg'
[0.149s] Level 1:colcon.colcon_core.package_identification:_identify(src/service_node) by extensions ['colcon_meta']
[0.149s] Level 1:colcon.colcon_core.package_identification:_identify(src/service_node) by extension 'colcon_meta'
[0.149s] Level 1:colcon.colcon_core.package_identification:_identify(src/service_node) by extensions ['ros']
[0.149s] Level 1:colcon.colcon_core.package_identification:_identify(src/service_node) by extension 'ros'
[0.149s] DEBUG:colcon.colcon_core.package_identification:Package 'src/service_node' with type 'ros.ament_python' and name 'service_node'
[0.149s] Level 1:colcon.colcon_core.package_identification:_identify(src/sllidar_ros2) by extensions ['ignore', 'ignore_ament_install']
[0.149s] Level 1:colcon.colcon_core.package_identification:_identify(src/sllidar_ros2) by extension 'ignore'
[0.149s] Level 1:colcon.colcon_core.package_identification:_identify(src/sllidar_ros2) by extension 'ignore_ament_install'
[0.149s] Level 1:colcon.colcon_core.package_identification:_identify(src/sllidar_ros2) by extensions ['colcon_pkg']
[0.149s] Level 1:colcon.colcon_core.package_identification:_identify(src/sllidar_ros2) by extension 'colcon_pkg'
[0.149s] Level 1:colcon.colcon_core.package_identification:_identify(src/sllidar_ros2) by extensions ['colcon_meta']
[0.149s] Level 1:colcon.colcon_core.package_identification:_identify(src/sllidar_ros2) by extension 'colcon_meta'
[0.150s] Level 1:colcon.colcon_core.package_identification:_identify(src/sllidar_ros2) by extensions ['ros']
[0.150s] Level 1:colcon.colcon_core.package_identification:_identify(src/sllidar_ros2) by extension 'ros'
[0.150s] DEBUG:colcon.colcon_core.package_identification:Package 'src/sllidar_ros2' with type 'ros.ament_cmake' and name 'sllidar_ros2'
[0.150s] Level 1:colcon.colcon_core.package_identification:_identify(src/turtlebot_node) by extensions ['ignore', 'ignore_ament_install']
[0.150s] Level 1:colcon.colcon_core.package_identification:_identify(src/turtlebot_node) by extension 'ignore'
[0.150s] Level 1:colcon.colcon_core.package_identification:_identify(src/turtlebot_node) by extension 'ignore_ament_install'
[0.150s] Level 1:colcon.colcon_core.package_identification:_identify(src/turtlebot_node) by extensions ['colcon_pkg']
[0.150s] Level 1:colcon.colcon_core.package_identification:_identify(src/turtlebot_node) by extension 'colcon_pkg'
[0.150s] Level 1:colcon.colcon_core.package_identification:_identify(src/turtlebot_node) by extensions ['colcon_meta']
[0.150s] Level 1:colcon.colcon_core.package_identification:_identify(src/turtlebot_node) by extension 'colcon_meta'
[0.150s] Level 1:colcon.colcon_core.package_identification:_identify(src/turtlebot_node) by extensions ['ros']
[0.150s] Level 1:colcon.colcon_core.package_identification:_identify(src/turtlebot_node) by extension 'ros'
[0.150s] DEBUG:colcon.colcon_core.package_identification:Package 'src/turtlebot_node' with type 'ros.ament_python' and name 'turtlebot_node'
[0.151s] Level 1:colcon.colcon_core.package_discovery:discover_packages(recursive) using defaults
[0.151s] Level 1:colcon.colcon_core.package_discovery:discover_packages(ignore) discover
[0.151s] Level 1:colcon.colcon_core.package_discovery:discover_packages(ignore) using defaults
[0.151s] Level 1:colcon.colcon_core.package_discovery:discover_packages(path) discover
[0.151s] Level 1:colcon.colcon_core.package_discovery:discover_packages(path) using defaults
[0.167s] Level 1:colcon.colcon_core.package_discovery:discover_packages(prefix_path) check parameters
[0.167s] Level 1:colcon.colcon_core.package_discovery:discover_packages(prefix_path) discover
[0.168s] WARNING:colcon.colcon_ros.prefix_path.ament:The path '/home/ubuntu/650610832_final/install/turtlebot_node' in the environment variable AMENT_PREFIX_PATH doesn't exist
[0.168s] WARNING:colcon.colcon_ros.prefix_path.ament:The path '/home/ubuntu/650610832_final/install/sllidar_ros2' in the environment variable AMENT_PREFIX_PATH doesn't exist
[0.168s] WARNING:colcon.colcon_ros.prefix_path.ament:The path '/home/ubuntu/650610832_final/install/service_node' in the environment variable AMENT_PREFIX_PATH doesn't exist
[0.168s] WARNING:colcon.colcon_ros.prefix_path.ament:The path '/home/ubuntu/650610832_final/install/server_node' in the environment variable AMENT_PREFIX_PATH doesn't exist
[0.168s] WARNING:colcon.colcon_ros.prefix_path.ament:The path '/home/ubuntu/650610832_final/install/my_interface' in the environment variable AMENT_PREFIX_PATH doesn't exist
[0.168s] WARNING:colcon.colcon_ros.prefix_path.catkin:The path '/home/ubuntu/650610832_final/install/sllidar_ros2' in the environment variable CMAKE_PREFIX_PATH doesn't exist
[0.168s] WARNING:colcon.colcon_ros.prefix_path.catkin:The path '/home/ubuntu/650610832_final/install/my_interface' in the environment variable CMAKE_PREFIX_PATH doesn't exist
[0.168s] DEBUG:colcon.colcon_installed_package_information.package_discovery:Found 0 installed packages in /home/ubuntu/650610832_final/install
[0.169s] DEBUG:colcon.colcon_installed_package_information.package_discovery:Found 363 installed packages in /opt/ros/humble
[0.170s] Level 1:colcon.colcon_core.package_discovery:discover_packages(prefix_path) using defaults
[0.192s] Level 5:colcon.colcon_core.verb:set package 'my_interface' build argument 'cmake_args' from command line to 'None'
[0.192s] Level 5:colcon.colcon_core.verb:set package 'my_interface' build argument 'cmake_target' from command line to 'None'
[0.192s] Level 5:colcon.colcon_core.verb:set package 'my_interface' build argument 'cmake_target_skip_unavailable' from command line to 'False'
[0.192s] Level 5:colcon.colcon_core.verb:set package 'my_interface' build argument 'cmake_clean_cache' from command line to 'False'
[0.192s] Level 5:colcon.colcon_core.verb:set package 'my_interface' build argument 'cmake_clean_first' from command line to 'False'
[0.192s] Level 5:colcon.colcon_core.verb:set package 'my_interface' build argument 'cmake_force_configure' from command line to 'False'
[0.192s] Level 5:colcon.colcon_core.verb:set package 'my_interface' build argument 'ament_cmake_args' from command line to 'None'
[0.192s] Level 5:colcon.colcon_core.verb:set package 'my_interface' build argument 'catkin_cmake_args' from command line to 'None'
[0.192s] Level 5:colcon.colcon_core.verb:set package 'my_interface' build argument 'catkin_skip_building_tests' from command line to 'False'
[0.192s] DEBUG:colcon.colcon_core.verb:Building package 'my_interface' with the following arguments: {'ament_cmake_args': None, 'build_base': '/home/ubuntu/650610832_final/build/my_interface', 'catkin_cmake_args': None, 'catkin_skip_building_tests': False, 'cmake_args': None, 'cmake_clean_cache': False, 'cmake_clean_first': False, 'cmake_force_configure': False, 'cmake_target': None, 'cmake_target_skip_unavailable': False, 'install_base': '/home/ubuntu/650610832_final/install/my_interface', 'merge_install': False, 'path': '/home/ubuntu/650610832_final/src/my_interface', 'symlink_install': True, 'test_result_base': None}
[0.193s] Level 5:colcon.colcon_core.verb:set package 'server_node' build argument 'cmake_args' from command line to 'None'
[0.193s] Level 5:colcon.colcon_core.verb:set package 'server_node' build argument 'cmake_target' from command line to 'None'
[0.193s] Level 5:colcon.colcon_core.verb:set package 'server_node' build argument 'cmake_target_skip_unavailable' from command line to 'False'
[0.193s] Level 5:colcon.colcon_core.verb:set package 'server_node' build argument 'cmake_clean_cache' from command line to 'False'
[0.193s] Level 5:colcon.colcon_core.verb:set package 'server_node' build argument 'cmake_clean_first' from command line to 'False'
[0.193s] Level 5:colcon.colcon_core.verb:set package 'server_node' build argument 'cmake_force_configure' from command line to 'False'
[0.193s] Level 5:colcon.colcon_core.verb:set package 'server_node' build argument 'ament_cmake_args' from command line to 'None'
[0.193s] Level 5:colcon.colcon_core.verb:set package 'server_node' build argument 'catkin_cmake_args' from command line to 'None'
[0.193s] Level 5:colcon.colcon_core.verb:set package 'server_node' build argument 'catkin_skip_building_tests' from command line to 'False'
[0.193s] DEBUG:colcon.colcon_core.verb:Building package 'server_node' with the following arguments: {'ament_cmake_args': None, 'build_base': '/home/ubuntu/650610832_final/build/server_node', 'catkin_cmake_args': None, 'catkin_skip_building_tests': False, 'cmake_args': None, 'cmake_clean_cache': False, 'cmake_clean_first': False, 'cmake_force_configure': False, 'cmake_target': None, 'cmake_target_skip_unavailable': False, 'install_base': '/home/ubuntu/650610832_final/install/server_node', 'merge_install': False, 'path': '/home/ubuntu/650610832_final/src/server_node', 'symlink_install': True, 'test_result_base': None}
[0.193s] Level 5:colcon.colcon_core.verb:set package 'service_node' build argument 'cmake_args' from command line to 'None'
[0.193s] Level 5:colcon.colcon_core.verb:set package 'service_node' build argument 'cmake_target' from command line to 'None'
[0.193s] Level 5:colcon.colcon_core.verb:set package 'service_node' build argument 'cmake_target_skip_unavailable' from command line to 'False'
[0.193s] Level 5:colcon.colcon_core.verb:set package 'service_node' build argument 'cmake_clean_cache' from command line to 'False'
[0.193s] Level 5:colcon.colcon_core.verb:set package 'service_node' build argument 'cmake_clean_first' from command line to 'False'
[0.193s] Level 5:colcon.colcon_core.verb:set package 'service_node' build argument 'cmake_force_configure' from command line to 'False'
[0.193s] Level 5:colcon.colcon_core.verb:set package 'service_node' build argument 'ament_cmake_args' from command line to 'None'
[0.193s] Level 5:colcon.colcon_core.verb:set package 'service_node' build argument 'catkin_cmake_args' from command line to 'None'
[0.193s] Level 5:colcon.colcon_core.verb:set package 'service_node' build argument 'catkin_skip_building_tests' from command line to 'False'
[0.193s] DEBUG:colcon.colcon_core.verb:Building package 'service_node' with the following arguments: {'ament_cmake_args': None, 'build_base': '/home/ubuntu/650610832_final/build/service_node', 'catkin_cmake_args': None, 'catkin_skip_building_tests': False, 'cmake_args': None, 'cmake_clean_cache': False, 'cmake_clean_first': False, 'cmake_force_configure': False, 'cmake_target': None, 'cmake_target_skip_unavailable': False, 'install_base': '/home/ubuntu/650610832_final/install/service_node', 'merge_install': False, 'path': '/home/ubuntu/650610832_final/src/service_node', 'symlink_install': True, 'test_result_base': None}
[0.193s] Level 5:colcon.colcon_core.verb:set package 'sllidar_ros2' build argument 'cmake_args' from command line to 'None'
[0.193s] Level 5:colcon.colcon_core.verb:set package 'sllidar_ros2' build argument 'cmake_target' from command line to 'None'
[0.193s] Level 5:colcon.colcon_core.verb:set package 'sllidar_ros2' build argument 'cmake_target_skip_unavailable' from command line to 'False'
[0.193s] Level 5:colcon.colcon_core.verb:set package 'sllidar_ros2' build argument 'cmake_clean_cache' from command line to 'False'
[0.193s] Level 5:colcon.colcon_core.verb:set package 'sllidar_ros2' build argument 'cmake_clean_first' from command line to 'False'
[0.193s] Level 5:colcon.colcon_core.verb:set package 'sllidar_ros2' build argument 'cmake_force_configure' from command line to 'False'
[0.193s] Level 5:colcon.colcon_core.verb:set package 'sllidar_ros2' build argument 'ament_cmake_args' from command line to 'None'
[0.193s] Level 5:colcon.colcon_core.verb:set package 'sllidar_ros2' build argument 'catkin_cmake_args' from command line to 'None'
[0.193s] Level 5:colcon.colcon_core.verb:set package 'sllidar_ros2' build argument 'catkin_skip_building_tests' from command line to 'False'
[0.193s] DEBUG:colcon.colcon_core.verb:Building package 'sllidar_ros2' with the following arguments: {'ament_cmake_args': None, 'build_base': '/home/ubuntu/650610832_final/build/sllidar_ros2', 'catkin_cmake_args': None, 'catkin_skip_building_tests': False, 'cmake_args': None, 'cmake_clean_cache': False, 'cmake_clean_first': False, 'cmake_force_configure': False, 'cmake_target': None, 'cmake_target_skip_unavailable': False, 'install_base': '/home/ubuntu/650610832_final/install/sllidar_ros2', 'merge_install': False, 'path': '/home/ubuntu/650610832_final/src/sllidar_ros2', 'symlink_install': True, 'test_result_base': None}
[0.193s] Level 5:colcon.colcon_core.verb:set package 'turtlebot_node' build argument 'cmake_args' from command line to 'None'
[0.194s] Level 5:colcon.colcon_core.verb:set package 'turtlebot_node' build argument 'cmake_target' from command line to 'None'
[0.194s] Level 5:colcon.colcon_core.verb:set package 'turtlebot_node' build argument 'cmake_target_skip_unavailable' from command line to 'False'
[0.194s] Level 5:colcon.colcon_core.verb:set package 'turtlebot_node' build argument 'cmake_clean_cache' from command line to 'False'
[0.194s] Level 5:colcon.colcon_core.verb:set package 'turtlebot_node' build argument 'cmake_clean_first' from command line to 'False'
[0.194s] Level 5:colcon.colcon_core.verb:set package 'turtlebot_node' build argument 'cmake_force_configure' from command line to 'False'
[0.194s] Level 5:colcon.colcon_core.verb:set package 'turtlebot_node' build argument 'ament_cmake_args' from command line to 'None'
[0.194s] Level 5:colcon.colcon_core.verb:set package 'turtlebot_node' build argument 'catkin_cmake_args' from command line to 'None'
[0.194s] Level 5:colcon.colcon_core.verb:set package 'turtlebot_node' build argument 'catkin_skip_building_tests' from command line to 'False'
[0.194s] DEBUG:colcon.colcon_core.verb:Building package 'turtlebot_node' with the following arguments: {'ament_cmake_args': None, 'build_base': '/home/ubuntu/650610832_final/build/turtlebot_node', 'catkin_cmake_args': None, 'catkin_skip_building_tests': False, 'cmake_args': None, 'cmake_clean_cache': False, 'cmake_clean_first': False, 'cmake_force_configure': False, 'cmake_target': None, 'cmake_target_skip_unavailable': False, 'install_base': '/home/ubuntu/650610832_final/install/turtlebot_node', 'merge_install': False, 'path': '/home/ubuntu/650610832_final/src/turtlebot_node', 'symlink_install': True, 'test_result_base': None}
[0.194s] INFO:colcon.colcon_core.executor:Executing jobs using 'parallel' executor
[0.194s] DEBUG:colcon.colcon_parallel_executor.executor.parallel:run_until_complete
[0.195s] INFO:colcon.colcon_ros.task.ament_cmake.build:Building ROS package in '/home/ubuntu/650610832_final/src/my_interface' with build type 'ament_cmake'
[0.195s] INFO:colcon.colcon_cmake.task.cmake.build:Building CMake package in '/home/ubuntu/650610832_final/src/my_interface'
[0.196s] INFO:colcon.colcon_core.plugin_system:Skipping extension 'colcon_core.shell.bat': Not used on non-Windows systems
[0.196s] INFO:colcon.colcon_core.shell:Skip shell extension 'powershell' for command environment: Not usable outside of PowerShell
[0.196s] DEBUG:colcon.colcon_core.shell:Skip shell extension 'dsv' for command environment
[0.198s] INFO:colcon.colcon_ros.task.ament_python.build:Building ROS package in '/home/ubuntu/650610832_final/src/server_node' with build type 'ament_python'
[0.198s] Level 1:colcon.colcon_core.shell:create_environment_hook('server_node', 'ament_prefix_path')
[0.198s] INFO:colcon.colcon_core.shell:Creating environment hook '/home/ubuntu/650610832_final/install/server_node/share/server_node/hook/ament_prefix_path.ps1'
[0.198s] INFO:colcon.colcon_core.shell:Creating environment descriptor '/home/ubuntu/650610832_final/install/server_node/share/server_node/hook/ament_prefix_path.dsv'
[0.198s] INFO:colcon.colcon_core.shell:Creating environment hook '/home/ubuntu/650610832_final/install/server_node/share/server_node/hook/ament_prefix_path.sh'
[0.199s] INFO:colcon.colcon_core.shell:Skip shell extension 'powershell' for command environment: Not usable outside of PowerShell
[0.199s] DEBUG:colcon.colcon_core.shell:Skip shell extension 'dsv' for command environment
[0.200s] INFO:colcon.colcon_ros.task.ament_python.build:Building ROS package in '/home/ubuntu/650610832_final/src/service_node' with build type 'ament_python'
[0.200s] Level 1:colcon.colcon_core.shell:create_environment_hook('service_node', 'ament_prefix_path')
[0.200s] INFO:colcon.colcon_core.shell:Creating environment hook '/home/ubuntu/650610832_final/install/service_node/share/service_node/hook/ament_prefix_path.ps1'
[0.201s] INFO:colcon.colcon_core.shell:Creating environment descriptor '/home/ubuntu/650610832_final/install/service_node/share/service_node/hook/ament_prefix_path.dsv'
[0.201s] INFO:colcon.colcon_core.shell:Creating environment hook '/home/ubuntu/650610832_final/install/service_node/share/service_node/hook/ament_prefix_path.sh'
[0.201s] INFO:colcon.colcon_core.shell:Skip shell extension 'powershell' for command environment: Not usable outside of PowerShell
[0.201s] DEBUG:colcon.colcon_core.shell:Skip shell extension 'dsv' for command environment
[0.203s] INFO:colcon.colcon_ros.task.ament_cmake.build:Building ROS package in '/home/ubuntu/650610832_final/src/sllidar_ros2' with build type 'ament_cmake'
[0.203s] INFO:colcon.colcon_cmake.task.cmake.build:Building CMake package in '/home/ubuntu/650610832_final/src/sllidar_ros2'
[0.203s] INFO:colcon.colcon_core.shell:Skip shell extension 'powershell' for command environment: Not usable outside of PowerShell
[0.203s] DEBUG:colcon.colcon_core.shell:Skip shell extension 'dsv' for command environment
[0.205s] INFO:colcon.colcon_ros.task.ament_python.build:Building ROS package in '/home/ubuntu/650610832_final/src/turtlebot_node' with build type 'ament_python'
[0.205s] Level 1:colcon.colcon_core.shell:create_environment_hook('turtlebot_node', 'ament_prefix_path')
[0.205s] INFO:colcon.colcon_core.shell:Creating environment hook '/home/ubuntu/650610832_final/install/turtlebot_node/share/turtlebot_node/hook/ament_prefix_path.ps1'
[0.205s] INFO:colcon.colcon_core.shell:Creating environment descriptor '/home/ubuntu/650610832_final/install/turtlebot_node/share/turtlebot_node/hook/ament_prefix_path.dsv'
[0.205s] INFO:colcon.colcon_core.shell:Creating environment hook '/home/ubuntu/650610832_final/install/turtlebot_node/share/turtlebot_node/hook/ament_prefix_path.sh'
[0.206s] INFO:colcon.colcon_core.shell:Skip shell extension 'powershell' for command environment: Not usable outside of PowerShell
[0.206s] DEBUG:colcon.colcon_core.shell:Skip shell extension 'dsv' for command environment
[0.210s] DEBUG:colcon.colcon_core.event_handler.log_command:Invoking command in '/home/ubuntu/650610832_final/build/my_interface': CMAKE_PREFIX_PATH=${CMAKE_PREFIX_PATH}:/home/ubuntu/650610832_final/install/turtlebot_node:/home/ubuntu/650610832_final/install/service_node:/home/ubuntu/650610832_final/install/server_node:/opt/ros/humble /usr/bin/cmake /home/ubuntu/650610832_final/src/my_interface -DAMENT_CMAKE_SYMLINK_INSTALL=1 -DCMAKE_INSTALL_PREFIX=/home/ubuntu/650610832_final/install/my_interface
[0.353s] INFO:colcon.colcon_core.task.python.build:Building Python package in '/home/ubuntu/650610832_final/src/server_node'
[0.354s] INFO:colcon.colcon_core.shell:Skip shell extension 'powershell' for command environment: Not usable outside of PowerShell
[0.354s] DEBUG:colcon.colcon_core.shell:Skip shell extension 'dsv' for command environment
[0.502s] INFO:colcon.colcon_core.task.python.build:Building Python package in '/home/ubuntu/650610832_final/src/service_node'
[0.502s] INFO:colcon.colcon_core.shell:Skip shell extension 'powershell' for command environment: Not usable outside of PowerShell
[0.502s] DEBUG:colcon.colcon_core.shell:Skip shell extension 'dsv' for command environment
[0.507s] DEBUG:colcon.colcon_core.event_handler.log_command:Invoking command in '/home/ubuntu/650610832_final/build/sllidar_ros2': CMAKE_PREFIX_PATH=${CMAKE_PREFIX_PATH}:/home/ubuntu/650610832_final/install/turtlebot_node:/home/ubuntu/650610832_final/install/service_node:/home/ubuntu/650610832_final/install/server_node:/opt/ros/humble /usr/bin/cmake /home/ubuntu/650610832_final/src/sllidar_ros2 -DAMENT_CMAKE_SYMLINK_INSTALL=1 -DCMAKE_INSTALL_PREFIX=/home/ubuntu/650610832_final/install/sllidar_ros2
[0.683s] INFO:colcon.colcon_core.task.python.build:Building Python package in '/home/ubuntu/650610832_final/src/turtlebot_node'
[0.684s] INFO:colcon.colcon_core.shell:Skip shell extension 'powershell' for command environment: Not usable outside of PowerShell
[0.684s] DEBUG:colcon.colcon_core.shell:Skip shell extension 'dsv' for command environment
[0.902s] DEBUG:colcon.colcon_core.event_handler.log_command:Invoking command in '/home/ubuntu/650610832_final/build/server_node': PYTHONPATH=/home/ubuntu/650610832_final/build/server_node/prefix_override:/usr/lib/python3/dist-packages/colcon_core/task/python/colcon_distutils_commands:/home/ubuntu/650610832_final/install/server_node/lib/python3.10/site-packages:${PYTHONPATH} /usr/bin/python3 -W ignore:setup.py install is deprecated -W ignore:easy_install command is deprecated setup.py develop --editable --build-directory /home/ubuntu/650610832_final/build/server_node/build --no-deps symlink_data
[0.910s] DEBUG:colcon.colcon_core.event_handler.log_command:Invoking command in '/home/ubuntu/650610832_final/build/service_node': PYTHONPATH=/home/ubuntu/650610832_final/build/service_node/prefix_override:/usr/lib/python3/dist-packages/colcon_core/task/python/colcon_distutils_commands:/home/ubuntu/650610832_final/install/service_node/lib/python3.10/site-packages:${PYTHONPATH} /usr/bin/python3 -W ignore:setup.py install is deprecated -W ignore:easy_install command is deprecated setup.py develop --editable --build-directory /home/ubuntu/650610832_final/build/service_node/build --no-deps symlink_data
[0.914s] DEBUG:colcon.colcon_core.event_handler.log_command:Invoking command in '/home/ubuntu/650610832_final/build/turtlebot_node': PYTHONPATH=/home/ubuntu/650610832_final/build/turtlebot_node/prefix_override:/usr/lib/python3/dist-packages/colcon_core/task/python/colcon_distutils_commands:/home/ubuntu/650610832_final/install/turtlebot_node/lib/python3.10/site-packages:${PYTHONPATH} /usr/bin/python3 -W ignore:setup.py install is deprecated -W ignore:easy_install command is deprecated setup.py develop --editable --build-directory /home/ubuntu/650610832_final/build/turtlebot_node/build --no-deps symlink_data
[1.159s] Level 1:colcon.colcon_core.shell:create_environment_hook('server_node', 'pythonpath_develop')
[1.160s] INFO:colcon.colcon_core.shell:Creating environment hook '/home/ubuntu/650610832_final/build/server_node/share/server_node/hook/pythonpath_develop.ps1'
[1.160s] DEBUG:colcon.colcon_core.event_handler.log_command:Invoked command in '/home/ubuntu/650610832_final/build/server_node' returned '0': PYTHONPATH=/home/ubuntu/650610832_final/build/server_node/prefix_override:/usr/lib/python3/dist-packages/colcon_core/task/python/colcon_distutils_commands:/home/ubuntu/650610832_final/install/server_node/lib/python3.10/site-packages:${PYTHONPATH} /usr/bin/python3 -W ignore:setup.py install is deprecated -W ignore:easy_install command is deprecated setup.py develop --editable --build-directory /home/ubuntu/650610832_final/build/server_node/build --no-deps symlink_data
[1.160s] INFO:colcon.colcon_core.shell:Creating environment descriptor '/home/ubuntu/650610832_final/build/server_node/share/server_node/hook/pythonpath_develop.dsv'
[1.161s] INFO:colcon.colcon_core.shell:Creating environment hook '/home/ubuntu/650610832_final/build/server_node/share/server_node/hook/pythonpath_develop.sh'
[1.164s] Level 1:colcon.colcon_core.environment:checking '/home/ubuntu/650610832_final/install/server_node' for CMake module files
[1.164s] Level 1:colcon.colcon_core.environment:checking '/home/ubuntu/650610832_final/install/server_node' for CMake config files
[1.165s] Level 1:colcon.colcon_core.environment:checking '/home/ubuntu/650610832_final/install/server_node/lib'
[1.165s] Level 1:colcon.colcon_core.environment:checking '/home/ubuntu/650610832_final/install/server_node/bin'
[1.165s] Level 1:colcon.colcon_core.environment:checking '/home/ubuntu/650610832_final/install/server_node/lib/pkgconfig/server_node.pc'
[1.165s] Level 1:colcon.colcon_core.environment:checking '/home/ubuntu/650610832_final/install/server_node/lib/python3.10/site-packages'
[1.165s] Level 1:colcon.colcon_core.shell:create_environment_hook('server_node', 'pythonpath')
[1.165s] INFO:colcon.colcon_core.shell:Creating environment hook '/home/ubuntu/650610832_final/install/server_node/share/server_node/hook/pythonpath.ps1'
[1.166s] INFO:colcon.colcon_core.shell:Creating environment descriptor '/home/ubuntu/650610832_final/install/server_node/share/server_node/hook/pythonpath.dsv'
[1.166s] INFO:colcon.colcon_core.shell:Creating environment hook '/home/ubuntu/650610832_final/install/server_node/share/server_node/hook/pythonpath.sh'
[1.167s] Level 1:colcon.colcon_core.environment:checking '/home/ubuntu/650610832_final/install/server_node/bin'
[1.167s] Level 1:colcon.colcon_core.environment:create_environment_scripts_only(server_node)
[1.167s] INFO:colcon.colcon_core.shell:Creating package script '/home/ubuntu/650610832_final/install/server_node/share/server_node/package.ps1'
[1.168s] INFO:colcon.colcon_core.shell:Creating package descriptor '/home/ubuntu/650610832_final/install/server_node/share/server_node/package.dsv'
[1.169s] INFO:colcon.colcon_core.shell:Creating package script '/home/ubuntu/650610832_final/install/server_node/share/server_node/package.sh'
[1.170s] INFO:colcon.colcon_core.shell:Creating package script '/home/ubuntu/650610832_final/install/server_node/share/server_node/package.bash'
[1.170s] INFO:colcon.colcon_core.shell:Creating package script '/home/ubuntu/650610832_final/install/server_node/share/server_node/package.zsh'
[1.171s] Level 1:colcon.colcon_core.environment:create_file_with_runtime_dependencies(/home/ubuntu/650610832_final/install/server_node/share/colcon-core/packages/server_node)
[1.176s] Level 1:colcon.colcon_core.shell:create_environment_hook('turtlebot_node', 'pythonpath_develop')
[1.176s] INFO:colcon.colcon_core.shell:Creating environment hook '/home/ubuntu/650610832_final/build/turtlebot_node/share/turtlebot_node/hook/pythonpath_develop.ps1'
[1.176s] DEBUG:colcon.colcon_core.event_handler.log_command:Invoked command in '/home/ubuntu/650610832_final/build/turtlebot_node' returned '0': PYTHONPATH=/home/ubuntu/650610832_final/build/turtlebot_node/prefix_override:/usr/lib/python3/dist-packages/colcon_core/task/python/colcon_distutils_commands:/home/ubuntu/650610832_final/install/turtlebot_node/lib/python3.10/site-packages:${PYTHONPATH} /usr/bin/python3 -W ignore:setup.py install is deprecated -W ignore:easy_install command is deprecated setup.py develop --editable --build-directory /home/ubuntu/650610832_final/build/turtlebot_node/build --no-deps symlink_data
[1.177s] INFO:colcon.colcon_core.shell:Creating environment descriptor '/home/ubuntu/650610832_final/build/turtlebot_node/share/turtlebot_node/hook/pythonpath_develop.dsv'
[1.177s] INFO:colcon.colcon_core.shell:Creating environment hook '/home/ubuntu/650610832_final/build/turtlebot_node/share/turtlebot_node/hook/pythonpath_develop.sh'
[1.178s] Level 1:colcon.colcon_core.environment:checking '/home/ubuntu/650610832_final/install/turtlebot_node' for CMake module files
[1.178s] Level 1:colcon.colcon_core.environment:checking '/home/ubuntu/650610832_final/install/turtlebot_node' for CMake config files
[1.178s] Level 1:colcon.colcon_core.environment:checking '/home/ubuntu/650610832_final/install/turtlebot_node/lib'
[1.178s] Level 1:colcon.colcon_core.environment:checking '/home/ubuntu/650610832_final/install/turtlebot_node/bin'
[1.178s] Level 1:colcon.colcon_core.environment:checking '/home/ubuntu/650610832_final/install/turtlebot_node/lib/pkgconfig/turtlebot_node.pc'
[1.178s] Level 1:colcon.colcon_core.environment:checking '/home/ubuntu/650610832_final/install/turtlebot_node/lib/python3.10/site-packages'
[1.178s] Level 1:colcon.colcon_core.shell:create_environment_hook('turtlebot_node', 'pythonpath')
[1.179s] INFO:colcon.colcon_core.shell:Creating environment hook '/home/ubuntu/650610832_final/install/turtlebot_node/share/turtlebot_node/hook/pythonpath.ps1'
[1.179s] INFO:colcon.colcon_core.shell:Creating environment descriptor '/home/ubuntu/650610832_final/install/turtlebot_node/share/turtlebot_node/hook/pythonpath.dsv'
[1.179s] INFO:colcon.colcon_core.shell:Creating environment hook '/home/ubuntu/650610832_final/install/turtlebot_node/share/turtlebot_node/hook/pythonpath.sh'
[1.179s] Level 1:colcon.colcon_core.environment:checking '/home/ubuntu/650610832_final/install/turtlebot_node/bin'
[1.179s] Level 1:colcon.colcon_core.environment:create_environment_scripts_only(turtlebot_node)
[1.180s] INFO:colcon.colcon_core.shell:Creating package script '/home/ubuntu/650610832_final/install/turtlebot_node/share/turtlebot_node/package.ps1'
[1.180s] INFO:colcon.colcon_core.shell:Creating package descriptor '/home/ubuntu/650610832_final/install/turtlebot_node/share/turtlebot_node/package.dsv'
[1.180s] INFO:colcon.colcon_core.shell:Creating package script '/home/ubuntu/650610832_final/install/turtlebot_node/share/turtlebot_node/package.sh'
[1.180s] INFO:colcon.colcon_core.shell:Creating package script '/home/ubuntu/650610832_final/install/turtlebot_node/share/turtlebot_node/package.bash'
[1.181s] INFO:colcon.colcon_core.shell:Creating package script '/home/ubuntu/650610832_final/install/turtlebot_node/share/turtlebot_node/package.zsh'
[1.181s] Level 1:colcon.colcon_core.environment:create_file_with_runtime_dependencies(/home/ubuntu/650610832_final/install/turtlebot_node/share/colcon-core/packages/turtlebot_node)
[1.181s] Level 1:colcon.colcon_core.shell:create_environment_hook('service_node', 'pythonpath_develop')
[1.182s] INFO:colcon.colcon_core.shell:Creating environment hook '/home/ubuntu/650610832_final/build/service_node/share/service_node/hook/pythonpath_develop.ps1'
[1.182s] DEBUG:colcon.colcon_core.event_handler.log_command:Invoked command in '/home/ubuntu/650610832_final/build/service_node' returned '0': PYTHONPATH=/home/ubuntu/650610832_final/build/service_node/prefix_override:/usr/lib/python3/dist-packages/colcon_core/task/python/colcon_distutils_commands:/home/ubuntu/650610832_final/install/service_node/lib/python3.10/site-packages:${PYTHONPATH} /usr/bin/python3 -W ignore:setup.py install is deprecated -W ignore:easy_install command is deprecated setup.py develop --editable --build-directory /home/ubuntu/650610832_final/build/service_node/build --no-deps symlink_data
[1.182s] INFO:colcon.colcon_core.shell:Creating environment descriptor '/home/ubuntu/650610832_final/build/service_node/share/service_node/hook/pythonpath_develop.dsv'
[1.182s] INFO:colcon.colcon_core.shell:Creating environment hook '/home/ubuntu/650610832_final/build/service_node/share/service_node/hook/pythonpath_develop.sh'
[1.182s] Level 1:colcon.colcon_core.environment:checking '/home/ubuntu/650610832_final/install/service_node' for CMake module files
[1.183s] Level 1:colcon.colcon_core.environment:checking '/home/ubuntu/650610832_final/install/service_node' for CMake config files
[1.183s] Level 1:colcon.colcon_core.environment:checking '/home/ubuntu/650610832_final/install/service_node/lib'
[1.183s] Level 1:colcon.colcon_core.environment:checking '/home/ubuntu/650610832_final/install/service_node/bin'
[1.183s] Level 1:colcon.colcon_core.environment:checking '/home/ubuntu/650610832_final/install/service_node/lib/pkgconfig/service_node.pc'
[1.183s] Level 1:colcon.colcon_core.environment:checking '/home/ubuntu/650610832_final/install/service_node/lib/python3.10/site-packages'
[1.183s] Level 1:colcon.colcon_core.shell:create_environment_hook('service_node', 'pythonpath')
[1.183s] INFO:colcon.colcon_core.shell:Creating environment hook '/home/ubuntu/650610832_final/install/service_node/share/service_node/hook/pythonpath.ps1'
[1.183s] INFO:colcon.colcon_core.shell:Creating environment descriptor '/home/ubuntu/650610832_final/install/service_node/share/service_node/hook/pythonpath.dsv'
[1.184s] INFO:colcon.colcon_core.shell:Creating environment hook '/home/ubuntu/650610832_final/install/service_node/share/service_node/hook/pythonpath.sh'
[1.184s] Level 1:colcon.colcon_core.environment:checking '/home/ubuntu/650610832_final/install/service_node/bin'
[1.184s] Level 1:colcon.colcon_core.environment:create_environment_scripts_only(service_node)
[1.184s] INFO:colcon.colcon_core.shell:Creating package script '/home/ubuntu/650610832_final/install/service_node/share/service_node/package.ps1'
[1.184s] INFO:colcon.colcon_core.shell:Creating package descriptor '/home/ubuntu/650610832_final/install/service_node/share/service_node/package.dsv'
[1.185s] INFO:colcon.colcon_core.shell:Creating package script '/home/ubuntu/650610832_final/install/service_node/share/service_node/package.sh'
[1.185s] INFO:colcon.colcon_core.shell:Creating package script '/home/ubuntu/650610832_final/install/service_node/share/service_node/package.bash'
[1.185s] INFO:colcon.colcon_core.shell:Creating package script '/home/ubuntu/650610832_final/install/service_node/share/service_node/package.zsh'
[1.185s] Level 1:colcon.colcon_core.environment:create_file_with_runtime_dependencies(/home/ubuntu/650610832_final/install/service_node/share/colcon-core/packages/service_node)
[1.346s] DEBUG:colcon.colcon_core.event_handler.log_command:Invoked command in '/home/ubuntu/650610832_final/build/sllidar_ros2' returned '0': CMAKE_PREFIX_PATH=${CMAKE_PREFIX_PATH}:/home/ubuntu/650610832_final/install/turtlebot_node:/home/ubuntu/650610832_final/install/service_node:/home/ubuntu/650610832_final/install/server_node:/opt/ros/humble /usr/bin/cmake /home/ubuntu/650610832_final/src/sllidar_ros2 -DAMENT_CMAKE_SYMLINK_INSTALL=1 -DCMAKE_INSTALL_PREFIX=/home/ubuntu/650610832_final/install/sllidar_ros2
[1.347s] DEBUG:colcon.colcon_core.event_handler.log_command:Invoking command in '/home/ubuntu/650610832_final/build/sllidar_ros2': CMAKE_PREFIX_PATH=${CMAKE_PREFIX_PATH}:/home/ubuntu/650610832_final/install/turtlebot_node:/home/ubuntu/650610832_final/install/service_node:/home/ubuntu/650610832_final/install/server_node:/opt/ros/humble /usr/bin/cmake --build /home/ubuntu/650610832_final/build/sllidar_ros2 -- -j20 -l20
[1.350s] DEBUG:colcon.colcon_core.event_handler.log_command:Invoked command in '/home/ubuntu/650610832_final/build/my_interface' returned '0': CMAKE_PREFIX_PATH=${CMAKE_PREFIX_PATH}:/home/ubuntu/650610832_final/install/turtlebot_node:/home/ubuntu/650610832_final/install/service_node:/home/ubuntu/650610832_final/install/server_node:/opt/ros/humble /usr/bin/cmake /home/ubuntu/650610832_final/src/my_interface -DAMENT_CMAKE_SYMLINK_INSTALL=1 -DCMAKE_INSTALL_PREFIX=/home/ubuntu/650610832_final/install/my_interface
[1.351s] DEBUG:colcon.colcon_core.event_handler.log_command:Invoking command in '/home/ubuntu/650610832_final/build/my_interface': CMAKE_PREFIX_PATH=${CMAKE_PREFIX_PATH}:/home/ubuntu/650610832_final/install/turtlebot_node:/home/ubuntu/650610832_final/install/service_node:/home/ubuntu/650610832_final/install/server_node:/opt/ros/humble /usr/bin/cmake --build /home/ubuntu/650610832_final/build/my_interface -- -j20 -l20
[3.140s] DEBUG:colcon.colcon_core.event_handler.log_command:Invoked command in '/home/ubuntu/650610832_final/build/my_interface' returned '0': CMAKE_PREFIX_PATH=${CMAKE_PREFIX_PATH}:/home/ubuntu/650610832_final/install/turtlebot_node:/home/ubuntu/650610832_final/install/service_node:/home/ubuntu/650610832_final/install/server_node:/opt/ros/humble /usr/bin/cmake --build /home/ubuntu/650610832_final/build/my_interface -- -j20 -l20
[3.147s] DEBUG:colcon.colcon_core.event_handler.log_command:Invoking command in '/home/ubuntu/650610832_final/build/my_interface': CMAKE_PREFIX_PATH=${CMAKE_PREFIX_PATH}:/home/ubuntu/650610832_final/install/turtlebot_node:/home/ubuntu/650610832_final/install/service_node:/home/ubuntu/650610832_final/install/server_node:/opt/ros/humble /usr/bin/cmake --install /home/ubuntu/650610832_final/build/my_interface
[3.589s] Level 1:colcon.colcon_core.environment:create_environment_scripts_only(my_interface)
[3.589s] Level 1:colcon.colcon_core.environment:checking '/home/ubuntu/650610832_final/install/my_interface' for CMake module files
[3.589s] DEBUG:colcon.colcon_core.event_handler.log_command:Invoked command in '/home/ubuntu/650610832_final/build/my_interface' returned '0': CMAKE_PREFIX_PATH=${CMAKE_PREFIX_PATH}:/home/ubuntu/650610832_final/install/turtlebot_node:/home/ubuntu/650610832_final/install/service_node:/home/ubuntu/650610832_final/install/server_node:/opt/ros/humble /usr/bin/cmake --install /home/ubuntu/650610832_final/build/my_interface
[3.589s] Level 1:colcon.colcon_core.environment:checking '/home/ubuntu/650610832_final/install/my_interface' for CMake config files
[3.590s] Level 1:colcon.colcon_core.shell:create_environment_hook('my_interface', 'cmake_prefix_path')
[3.590s] INFO:colcon.colcon_core.shell:Creating environment hook '/home/ubuntu/650610832_final/install/my_interface/share/my_interface/hook/cmake_prefix_path.ps1'
[3.590s] INFO:colcon.colcon_core.shell:Creating environment descriptor '/home/ubuntu/650610832_final/install/my_interface/share/my_interface/hook/cmake_prefix_path.dsv'
[3.591s] INFO:colcon.colcon_core.shell:Creating environment hook '/home/ubuntu/650610832_final/install/my_interface/share/my_interface/hook/cmake_prefix_path.sh'
[3.591s] Level 1:colcon.colcon_core.environment:checking '/home/ubuntu/650610832_final/install/my_interface/lib'
[3.591s] Level 1:colcon.colcon_core.shell:create_environment_hook('my_interface', 'ld_library_path_lib')
[3.591s] INFO:colcon.colcon_core.shell:Creating environment hook '/home/ubuntu/650610832_final/install/my_interface/share/my_interface/hook/ld_library_path_lib.ps1'
[3.591s] INFO:colcon.colcon_core.shell:Creating environment descriptor '/home/ubuntu/650610832_final/install/my_interface/share/my_interface/hook/ld_library_path_lib.dsv'
[3.591s] INFO:colcon.colcon_core.shell:Creating environment hook '/home/ubuntu/650610832_final/install/my_interface/share/my_interface/hook/ld_library_path_lib.sh'
[3.592s] Level 1:colcon.colcon_core.environment:checking '/home/ubuntu/650610832_final/install/my_interface/bin'
[3.592s] Level 1:colcon.colcon_core.environment:checking '/home/ubuntu/650610832_final/install/my_interface/lib/pkgconfig/my_interface.pc'
[3.592s] Level 1:colcon.colcon_core.environment:checking '/home/ubuntu/650610832_final/install/my_interface/lib/python3.10/site-packages'
[3.592s] Level 1:colcon.colcon_core.environment:checking '/home/ubuntu/650610832_final/install/my_interface/bin'
[3.592s] INFO:colcon.colcon_core.shell:Creating package script '/home/ubuntu/650610832_final/install/my_interface/share/my_interface/package.ps1'
[3.592s] INFO:colcon.colcon_core.shell:Creating package descriptor '/home/ubuntu/650610832_final/install/my_interface/share/my_interface/package.dsv'
[3.592s] INFO:colcon.colcon_core.shell:Creating package script '/home/ubuntu/650610832_final/install/my_interface/share/my_interface/package.sh'
[3.593s] INFO:colcon.colcon_core.shell:Creating package script '/home/ubuntu/650610832_final/install/my_interface/share/my_interface/package.bash'
[3.593s] INFO:colcon.colcon_core.shell:Creating package script '/home/ubuntu/650610832_final/install/my_interface/share/my_interface/package.zsh'
[3.593s] Level 1:colcon.colcon_core.environment:create_file_with_runtime_dependencies(/home/ubuntu/650610832_final/install/my_interface/share/colcon-core/packages/my_interface)
[3.593s] Level 1:colcon.colcon_core.environment:create_environment_scripts_only(my_interface)
[3.593s] Level 1:colcon.colcon_core.environment:checking '/home/ubuntu/650610832_final/install/my_interface' for CMake module files
[3.594s] Level 1:colcon.colcon_core.environment:checking '/home/ubuntu/650610832_final/install/my_interface' for CMake config files
[3.594s] Level 1:colcon.colcon_core.shell:create_environment_hook('my_interface', 'cmake_prefix_path')
[3.594s] INFO:colcon.colcon_core.shell:Creating environment hook '/home/ubuntu/650610832_final/install/my_interface/share/my_interface/hook/cmake_prefix_path.ps1'
[3.594s] INFO:colcon.colcon_core.shell:Creating environment descriptor '/home/ubuntu/650610832_final/install/my_interface/share/my_interface/hook/cmake_prefix_path.dsv'
[3.595s] INFO:colcon.colcon_core.shell:Creating environment hook '/home/ubuntu/650610832_final/install/my_interface/share/my_interface/hook/cmake_prefix_path.sh'
[3.595s] Level 1:colcon.colcon_core.environment:checking '/home/ubuntu/650610832_final/install/my_interface/lib'
[3.595s] Level 1:colcon.colcon_core.shell:create_environment_hook('my_interface', 'ld_library_path_lib')
[3.595s] INFO:colcon.colcon_core.shell:Creating environment hook '/home/ubuntu/650610832_final/install/my_interface/share/my_interface/hook/ld_library_path_lib.ps1'
[3.595s] INFO:colcon.colcon_core.shell:Creating environment descriptor '/home/ubuntu/650610832_final/install/my_interface/share/my_interface/hook/ld_library_path_lib.dsv'
[3.595s] INFO:colcon.colcon_core.shell:Creating environment hook '/home/ubuntu/650610832_final/install/my_interface/share/my_interface/hook/ld_library_path_lib.sh'
[3.596s] Level 1:colcon.colcon_core.environment:checking '/home/ubuntu/650610832_final/install/my_interface/bin'
[3.596s] Level 1:colcon.colcon_core.environment:checking '/home/ubuntu/650610832_final/install/my_interface/lib/pkgconfig/my_interface.pc'
[3.596s] Level 1:colcon.colcon_core.environment:checking '/home/ubuntu/650610832_final/install/my_interface/lib/python3.10/site-packages'
[3.596s] Level 1:colcon.colcon_core.environment:checking '/home/ubuntu/650610832_final/install/my_interface/bin'
[3.596s] INFO:colcon.colcon_core.shell:Creating package script '/home/ubuntu/650610832_final/install/my_interface/share/my_interface/package.ps1'
[3.596s] INFO:colcon.colcon_core.shell:Creating package descriptor '/home/ubuntu/650610832_final/install/my_interface/share/my_interface/package.dsv'
[3.597s] INFO:colcon.colcon_core.shell:Creating package script '/home/ubuntu/650610832_final/install/my_interface/share/my_interface/package.sh'
[3.597s] INFO:colcon.colcon_core.shell:Creating package script '/home/ubuntu/650610832_final/install/my_interface/share/my_interface/package.bash'
[3.597s] INFO:colcon.colcon_core.shell:Creating package script '/home/ubuntu/650610832_final/install/my_interface/share/my_interface/package.zsh'
[3.597s] Level 1:colcon.colcon_core.environment:create_file_with_runtime_dependencies(/home/ubuntu/650610832_final/install/my_interface/share/colcon-core/packages/my_interface)
[6.932s] DEBUG:colcon.colcon_core.event_handler.log_command:Invoked command in '/home/ubuntu/650610832_final/build/sllidar_ros2' returned '0': CMAKE_PREFIX_PATH=${CMAKE_PREFIX_PATH}:/home/ubuntu/650610832_final/install/turtlebot_node:/home/ubuntu/650610832_final/install/service_node:/home/ubuntu/650610832_final/install/server_node:/opt/ros/humble /usr/bin/cmake --build /home/ubuntu/650610832_final/build/sllidar_ros2 -- -j20 -l20
[6.933s] DEBUG:colcon.colcon_core.event_handler.log_command:Invoking command in '/home/ubuntu/650610832_final/build/sllidar_ros2': CMAKE_PREFIX_PATH=${CMAKE_PREFIX_PATH}:/home/ubuntu/650610832_final/install/turtlebot_node:/home/ubuntu/650610832_final/install/service_node:/home/ubuntu/650610832_final/install/server_node:/opt/ros/humble /usr/bin/cmake --install /home/ubuntu/650610832_final/build/sllidar_ros2
[7.237s] Level 1:colcon.colcon_core.environment:create_environment_scripts_only(sllidar_ros2)
[7.238s] Level 1:colcon.colcon_core.environment:checking '/home/ubuntu/650610832_final/install/sllidar_ros2' for CMake module files
[7.238s] DEBUG:colcon.colcon_core.event_handler.log_command:Invoked command in '/home/ubuntu/650610832_final/build/sllidar_ros2' returned '0': CMAKE_PREFIX_PATH=${CMAKE_PREFIX_PATH}:/home/ubuntu/650610832_final/install/turtlebot_node:/home/ubuntu/650610832_final/install/service_node:/home/ubuntu/650610832_final/install/server_node:/opt/ros/humble /usr/bin/cmake --install /home/ubuntu/650610832_final/build/sllidar_ros2
[7.238s] Level 1:colcon.colcon_core.environment:checking '/home/ubuntu/650610832_final/install/sllidar_ros2' for CMake config files
[7.238s] Level 1:colcon.colcon_core.shell:create_environment_hook('sllidar_ros2', 'cmake_prefix_path')
[7.238s] INFO:colcon.colcon_core.shell:Creating environment hook '/home/ubuntu/650610832_final/install/sllidar_ros2/share/sllidar_ros2/hook/cmake_prefix_path.ps1'
[7.239s] INFO:colcon.colcon_core.shell:Creating environment descriptor '/home/ubuntu/650610832_final/install/sllidar_ros2/share/sllidar_ros2/hook/cmake_prefix_path.dsv'
[7.239s] INFO:colcon.colcon_core.shell:Creating environment hook '/home/ubuntu/650610832_final/install/sllidar_ros2/share/sllidar_ros2/hook/cmake_prefix_path.sh'
[7.240s] Level 1:colcon.colcon_core.environment:checking '/home/ubuntu/650610832_final/install/sllidar_ros2/lib'
[7.240s] Level 1:colcon.colcon_core.environment:checking '/home/ubuntu/650610832_final/install/sllidar_ros2/bin'
[7.240s] Level 1:colcon.colcon_core.environment:checking '/home/ubuntu/650610832_final/install/sllidar_ros2/lib/pkgconfig/sllidar_ros2.pc'
[7.240s] Level 1:colcon.colcon_core.environment:checking '/home/ubuntu/650610832_final/install/sllidar_ros2/lib/python3.10/site-packages'
[7.240s] Level 1:colcon.colcon_core.environment:checking '/home/ubuntu/650610832_final/install/sllidar_ros2/bin'
[7.240s] INFO:colcon.colcon_core.shell:Creating package script '/home/ubuntu/650610832_final/install/sllidar_ros2/share/sllidar_ros2/package.ps1'
[7.240s] INFO:colcon.colcon_core.shell:Creating package descriptor '/home/ubuntu/650610832_final/install/sllidar_ros2/share/sllidar_ros2/package.dsv'
[7.241s] INFO:colcon.colcon_core.shell:Creating package script '/home/ubuntu/650610832_final/install/sllidar_ros2/share/sllidar_ros2/package.sh'
[7.241s] INFO:colcon.colcon_core.shell:Creating package script '/home/ubuntu/650610832_final/install/sllidar_ros2/share/sllidar_ros2/package.bash'
[7.241s] INFO:colcon.colcon_core.shell:Creating package script '/home/ubuntu/650610832_final/install/sllidar_ros2/share/sllidar_ros2/package.zsh'
[7.242s] Level 1:colcon.colcon_core.environment:create_file_with_runtime_dependencies(/home/ubuntu/650610832_final/install/sllidar_ros2/share/colcon-core/packages/sllidar_ros2)
[7.242s] Level 1:colcon.colcon_core.environment:create_environment_scripts_only(sllidar_ros2)
[7.242s] Level 1:colcon.colcon_core.environment:checking '/home/ubuntu/650610832_final/install/sllidar_ros2' for CMake module files
[7.242s] Level 1:colcon.colcon_core.environment:checking '/home/ubuntu/650610832_final/install/sllidar_ros2' for CMake config files
[7.243s] Level 1:colcon.colcon_core.shell:create_environment_hook('sllidar_ros2', 'cmake_prefix_path')
[7.243s] INFO:colcon.colcon_core.shell:Creating environment hook '/home/ubuntu/650610832_final/install/sllidar_ros2/share/sllidar_ros2/hook/cmake_prefix_path.ps1'
[7.243s] INFO:colcon.colcon_core.shell:Creating environment descriptor '/home/ubuntu/650610832_final/install/sllidar_ros2/share/sllidar_ros2/hook/cmake_prefix_path.dsv'
[7.243s] INFO:colcon.colcon_core.shell:Creating environment hook '/home/ubuntu/650610832_final/install/sllidar_ros2/share/sllidar_ros2/hook/cmake_prefix_path.sh'
[7.244s] Level 1:colcon.colcon_core.environment:checking '/home/ubuntu/650610832_final/install/sllidar_ros2/lib'
[7.244s] Level 1:colcon.colcon_core.environment:checking '/home/ubuntu/650610832_final/install/sllidar_ros2/bin'
[7.244s] Level 1:colcon.colcon_core.environment:checking '/home/ubuntu/650610832_final/install/sllidar_ros2/lib/pkgconfig/sllidar_ros2.pc'
[7.244s] Level 1:colcon.colcon_core.environment:checking '/home/ubuntu/650610832_final/install/sllidar_ros2/lib/python3.10/site-packages'
[7.244s] Level 1:colcon.colcon_core.environment:checking '/home/ubuntu/650610832_final/install/sllidar_ros2/bin'
[7.244s] INFO:colcon.colcon_core.shell:Creating package script '/home/ubuntu/650610832_final/install/sllidar_ros2/share/sllidar_ros2/package.ps1'
[7.245s] INFO:colcon.colcon_core.shell:Creating package descriptor '/home/ubuntu/650610832_final/install/sllidar_ros2/share/sllidar_ros2/package.dsv'
[7.245s] INFO:colcon.colcon_core.shell:Creating package script '/home/ubuntu/650610832_final/install/sllidar_ros2/share/sllidar_ros2/package.sh'
[7.245s] INFO:colcon.colcon_core.shell:Creating package script '/home/ubuntu/650610832_final/install/sllidar_ros2/share/sllidar_ros2/package.bash'
[7.246s] INFO:colcon.colcon_core.shell:Creating package script '/home/ubuntu/650610832_final/install/sllidar_ros2/share/sllidar_ros2/package.zsh'
[7.246s] Level 1:colcon.colcon_core.environment:create_file_with_runtime_dependencies(/home/ubuntu/650610832_final/install/sllidar_ros2/share/colcon-core/packages/sllidar_ros2)
[7.246s] DEBUG:colcon.colcon_parallel_executor.executor.parallel:closing loop
[7.246s] DEBUG:colcon.colcon_parallel_executor.executor.parallel:loop closed
[7.246s] DEBUG:colcon.colcon_parallel_executor.executor.parallel:run_until_complete finished with '0'
[7.246s] DEBUG:colcon.colcon_core.event_reactor:joining thread
[7.273s] INFO:colcon.colcon_core.plugin_system:Skipping extension 'colcon_notification.desktop_notification.terminal_notifier': Not used on non-Darwin systems
[7.273s] INFO:colcon.colcon_core.plugin_system:Skipping extension 'colcon_notification.desktop_notification.win32': Not used on non-Windows systems
[7.273s] INFO:colcon.colcon_notification.desktop_notification:Sending desktop notification using 'notify2'
[7.284s] DEBUG:colcon.colcon_core.event_reactor:joined thread
[7.285s] INFO:colcon.colcon_core.shell:Creating prefix script '/home/ubuntu/650610832_final/install/local_setup.ps1'
[7.285s] INFO:colcon.colcon_core.shell:Creating prefix util module '/home/ubuntu/650610832_final/install/_local_setup_util_ps1.py'
[7.286s] INFO:colcon.colcon_core.shell:Creating prefix chain script '/home/ubuntu/650610832_final/install/setup.ps1'
[7.287s] INFO:colcon.colcon_core.shell:Creating prefix script '/home/ubuntu/650610832_final/install/local_setup.sh'
[7.287s] INFO:colcon.colcon_core.shell:Creating prefix util module '/home/ubuntu/650610832_final/install/_local_setup_util_sh.py'
[7.288s] INFO:colcon.colcon_core.shell:Creating prefix chain script '/home/ubuntu/650610832_final/install/setup.sh'
[7.288s] INFO:colcon.colcon_core.shell:Creating prefix script '/home/ubuntu/650610832_final/install/local_setup.bash'
[7.289s] INFO:colcon.colcon_core.shell:Creating prefix chain script '/home/ubuntu/650610832_final/install/setup.bash'
[7.290s] INFO:colcon.colcon_core.shell:Creating prefix script '/home/ubuntu/650610832_final/install/local_setup.zsh'
[7.290s] INFO:colcon.colcon_core.shell:Creating prefix chain script '/home/ubuntu/650610832_final/install/setup.zsh'
