[0.336s] Invoking command in '/home/ubuntu/650610832_final/build/robot_control': PYTHONPATH=/home/ubuntu/650610832_final/build/robot_control/prefix_override:/usr/lib/python3/dist-packages/colcon_core/task/python/colcon_distutils_commands:/home/ubuntu/650610832_final/install/robot_control/lib/python3.10/site-packages:${PYTHONPATH} /usr/bin/python3 -W ignore:setup.py install is deprecated -W ignore:easy_install command is deprecated setup.py develop --editable --build-directory /home/ubuntu/650610832_final/build/robot_control/build --no-deps symlink_data
[0.481s] running develop
[0.563s] running egg_info
[0.563s] creating robot_control.egg-info
[0.563s] writing robot_control.egg-info/PKG-INFO
[0.563s] writing dependency_links to robot_control.egg-info/dependency_links.txt
[0.563s] writing entry points to robot_control.egg-info/entry_points.txt
[0.563s] writing requirements to robot_control.egg-info/requires.txt
[0.563s] writing top-level names to robot_control.egg-info/top_level.txt
[0.563s] writing manifest file 'robot_control.egg-info/SOURCES.txt'
[0.564s] reading manifest file 'robot_control.egg-info/SOURCES.txt'
[0.564s] writing manifest file 'robot_control.egg-info/SOURCES.txt'
[0.565s] running build_ext
[0.565s] Creating /home/ubuntu/650610832_final/install/robot_control/lib/python3.10/site-packages/robot-control.egg-link (link to .)
[0.566s] Installing server_node script to /home/ubuntu/650610832_final/install/robot_control/lib/robot_control
[0.566s] Installing service_node script to /home/ubuntu/650610832_final/install/robot_control/lib/robot_control
[0.566s] 
[0.566s] Installed /home/ubuntu/650610832_final/build/robot_control
[0.566s] running symlink_data
[0.566s] creating /home/ubuntu/650610832_final/install/robot_control/share/ament_index
[0.566s] creating /home/ubuntu/650610832_final/install/robot_control/share/ament_index/resource_index
[0.566s] creating /home/ubuntu/650610832_final/install/robot_control/share/ament_index/resource_index/packages
[0.566s] symbolically linking /home/ubuntu/650610832_final/build/robot_control/resource/robot_control -> /home/ubuntu/650610832_final/install/robot_control/share/ament_index/resource_index/packages
[0.566s] symbolically linking /home/ubuntu/650610832_final/build/robot_control/package.xml -> /home/ubuntu/650610832_final/install/robot_control/share/robot_control
[0.583s] Invoked command in '/home/ubuntu/650610832_final/build/robot_control' returned '0': PYTHONPATH=/home/ubuntu/650610832_final/build/robot_control/prefix_override:/usr/lib/python3/dist-packages/colcon_core/task/python/colcon_distutils_commands:/home/ubuntu/650610832_final/install/robot_control/lib/python3.10/site-packages:${PYTHONPATH} /usr/bin/python3 -W ignore:setup.py install is deprecated -W ignore:easy_install command is deprecated setup.py develop --editable --build-directory /home/ubuntu/650610832_final/build/robot_control/build --no-deps symlink_data
