running develop
running egg_info
creating turtlebot_node.egg-info
writing turtlebot_node.egg-info/PKG-INFO
writing dependency_links to turtlebot_node.egg-info/dependency_links.txt
writing entry points to turtlebot_node.egg-info/entry_points.txt
writing requirements to turtlebot_node.egg-info/requires.txt
writing top-level names to turtlebot_node.egg-info/top_level.txt
writing manifest file 'turtlebot_node.egg-info/SOURCES.txt'
reading manifest file 'turtlebot_node.egg-info/SOURCES.txt'
writing manifest file 'turtlebot_node.egg-info/SOURCES.txt'
running build_ext
Creating /home/ubuntu/650610832_final/install/turtlebot_node/lib/python3.10/site-packages/turtlebot-node.egg-link (link to .)
Installing turtlebot_node script to /home/ubuntu/650610832_final/install/turtlebot_node/lib/turtlebot_node

Installed /home/ubuntu/650610832_final/build/turtlebot_node
running symlink_data
creating /home/ubuntu/650610832_final/install/turtlebot_node/share/ament_index
creating /home/ubuntu/650610832_final/install/turtlebot_node/share/ament_index/resource_index
creating /home/ubuntu/650610832_final/install/turtlebot_node/share/ament_index/resource_index/packages
symbolically linking /home/ubuntu/650610832_final/build/turtlebot_node/resource/turtlebot_node -> /home/ubuntu/650610832_final/install/turtlebot_node/share/ament_index/resource_index/packages
symbolically linking /home/ubuntu/650610832_final/build/turtlebot_node/package.xml -> /home/ubuntu/650610832_final/install/turtlebot_node/share/turtlebot_node
