[0.709s] Invoking command in '/home/ubuntu/650610832_final/build/turtlebot_node': PYTHONPATH=/home/ubuntu/650610832_final/build/turtlebot_node/prefix_override:/usr/lib/python3/dist-packages/colcon_core/task/python/colcon_distutils_commands:/home/ubuntu/650610832_final/install/turtlebot_node/lib/python3.10/site-packages:${PYTHONPATH} /usr/bin/python3 -W ignore:setup.py install is deprecated -W ignore:easy_install command is deprecated setup.py develop --editable --build-directory /home/ubuntu/650610832_final/build/turtlebot_node/build --no-deps symlink_data
[0.861s] running develop
[0.946s] running egg_info
[0.946s] creating turtlebot_node.egg-info
[0.946s] writing turtlebot_node.egg-info/PKG-INFO
[0.946s] writing dependency_links to turtlebot_node.egg-info/dependency_links.txt
[0.946s] writing entry points to turtlebot_node.egg-info/entry_points.txt
[0.946s] writing requirements to turtlebot_node.egg-info/requires.txt
[0.946s] writing top-level names to turtlebot_node.egg-info/top_level.txt
[0.947s] writing manifest file 'turtlebot_node.egg-info/SOURCES.txt'
[0.948s] reading manifest file 'turtlebot_node.egg-info/SOURCES.txt'
[0.948s] writing manifest file 'turtlebot_node.egg-info/SOURCES.txt'
[0.949s] running build_ext
[0.949s] Creating /home/ubuntu/650610832_final/install/turtlebot_node/lib/python3.10/site-packages/turtlebot-node.egg-link (link to .)
[0.949s] Installing turtlebot_node script to /home/ubuntu/650610832_final/install/turtlebot_node/lib/turtlebot_node
[0.950s] 
[0.950s] Installed /home/ubuntu/650610832_final/build/turtlebot_node
[0.950s] running symlink_data
[0.950s] creating /home/ubuntu/650610832_final/install/turtlebot_node/share/ament_index
[0.950s] creating /home/ubuntu/650610832_final/install/turtlebot_node/share/ament_index/resource_index
[0.950s] creating /home/ubuntu/650610832_final/install/turtlebot_node/share/ament_index/resource_index/packages
[0.950s] symbolically linking /home/ubuntu/650610832_final/build/turtlebot_node/resource/turtlebot_node -> /home/ubuntu/650610832_final/install/turtlebot_node/share/ament_index/resource_index/packages
[0.950s] symbolically linking /home/ubuntu/650610832_final/build/turtlebot_node/package.xml -> /home/ubuntu/650610832_final/install/turtlebot_node/share/turtlebot_node
[0.971s] Invoked command in '/home/ubuntu/650610832_final/build/turtlebot_node' returned '0': PYTHONPATH=/home/ubuntu/650610832_final/build/turtlebot_node/prefix_override:/usr/lib/python3/dist-packages/colcon_core/task/python/colcon_distutils_commands:/home/ubuntu/650610832_final/install/turtlebot_node/lib/python3.10/site-packages:${PYTHONPATH} /usr/bin/python3 -W ignore:setup.py install is deprecated -W ignore:easy_install command is deprecated setup.py develop --editable --build-directory /home/ubuntu/650610832_final/build/turtlebot_node/build --no-deps symlink_data
