-- The C compiler identification is GNU 11.4.0
-- The CXX compiler identification is GNU 11.4.0
-- Detecting C compiler ABI info
-- Detecting C compiler ABI info - done
-- Check for working C compiler: /usr/bin/cc - skipped
-- Detecting C compile features
-- Detecting C compile features - done
-- Detecting CXX compiler ABI info
-- Detecting CXX compiler ABI info - done
-- Check for working CXX compiler: /usr/bin/c++ - skipped
-- Detecting CXX compile features
-- Detecting CXX compile features - done
-- Found ament_cmake: 1.3.11 (/opt/ros/humble/share/ament_cmake/cmake)
-- Found Python3: /usr/bin/python3 (found version "3.10.12") found components: Interpreter 
-- Override CMake install command with custom implementation using symlinks instead of copying resources
-- Found rosidl_default_generators: 1.2.0 (/opt/ros/humble/share/rosidl_default_generators/cmake)
-- Using all available rosidl_typesupport_c: rosidl_typesupport_fastrtps_c;rosidl_typesupport_introspection_c
-- Found rosidl_adapter: 3.1.6 (/opt/ros/humble/share/rosidl_adapter/cmake)
-- Using all available rosidl_typesupport_cpp: rosidl_typesupport_fastrtps_cpp;rosidl_typesupport_introspection_cpp
-- Found std_msgs: 4.2.4 (/opt/ros/humble/share/std_msgs/cmake)
-- Found ament_cmake_ros: 0.10.0 (/opt/ros/humble/share/ament_cmake_ros/cmake)
-- Using all available rosidl_typesupport_c: rosidl_typesupport_fastrtps_c;rosidl_typesupport_introspection_c
-- Using all available rosidl_typesupport_cpp: rosidl_typesupport_fastrtps_cpp;rosidl_typesupport_introspection_cpp
-- Found PythonInterp: /usr/bin/python3 (found suitable version "3.10.12", minimum required is "3.6") 
-- Found python_cmake_module: 0.10.0 (/opt/ros/humble/share/python_cmake_module/cmake)
-- Found PythonLibs: /usr/lib/x86_64-linux-gnu/libpython3.10.so (found suitable version "3.10.12", minimum required is "3.5") 
-- Using PYTHON_EXECUTABLE: /usr/bin/python3
-- Using PYTHON_INCLUDE_DIRS: /usr/include/python3.10
-- Using PYTHON_LIBRARIES: /usr/lib/x86_64-linux-gnu/libpython3.10.so
-- Found PythonExtra: .so  
-- Found ament_lint_auto: 0.12.11 (/opt/ros/humble/share/ament_lint_auto/cmake)
-- Added test 'flake8' to check Python code syntax and style conventions
-- Added test 'lint_cmake' to check CMake code style
-- Added test 'pep257' to check Python code against some of the docstring style conventions in PEP 257
-- Added test 'xmllint' to check XML markup files
-- Configuring done
-- Generating done
-- Build files have been written to: /home/ubuntu/650610832_final/build/my_interface
[  3%] [34m[1mGenerating C code for ROS interfaces[0m
[  6%] [34m[1mGenerating C++ code for ROS interfaces[0m
[  6%] Built target ament_cmake_python_symlink_my_interface
[  6%] Built target my_interface__cpp
[  9%] [34m[1mGenerating C++ type support for eProsima Fast-RTPS[0m
[ 12%] [34m[1mGenerating C++ introspection for ROS interfaces[0m
[ 16%] [34m[1mGenerating C++ type support dispatch for ROS interfaces[0m
running egg_info
creating my_interface.egg-info
writing my_interface.egg-info/PKG-INFO
writing dependency_links to my_interface.egg-info/dependency_links.txt
writing top-level names to my_interface.egg-info/top_level.txt
writing manifest file 'my_interface.egg-info/SOURCES.txt'
reading manifest file 'my_interface.egg-info/SOURCES.txt'
writing manifest file 'my_interface.egg-info/SOURCES.txt'
[ 19%] [32mBuilding C object CMakeFiles/my_interface__rosidl_generator_c.dir/rosidl_generator_c/my_interface/srv/detail/stop_robot__functions.c.o[0m
[ 19%] Built target ament_cmake_python_build_my_interface_egg
[ 22%] [32m[1mLinking C shared library libmy_interface__rosidl_generator_c.so[0m
[ 22%] Built target my_interface__rosidl_generator_c
[ 25%] [34m[1mGenerating C type support for eProsima Fast-RTPS[0m
[ 29%] [34m[1mGenerating C introspection for ROS interfaces[0m
[ 32%] [34m[1mGenerating C type support dispatch for ROS interfaces[0m
[ 35%] [32mBuilding CXX object CMakeFiles/my_interface__rosidl_typesupport_cpp.dir/rosidl_typesupport_cpp/my_interface/srv/stop_robot__type_support.cpp.o[0m
[ 38%] [32mBuilding CXX object CMakeFiles/my_interface__rosidl_typesupport_fastrtps_cpp.dir/rosidl_typesupport_fastrtps_cpp/my_interface/srv/detail/dds_fastrtps/stop_robot__type_support.cpp.o[0m
[ 41%] [32mBuilding CXX object CMakeFiles/my_interface__rosidl_typesupport_introspection_cpp.dir/rosidl_typesupport_introspection_cpp/my_interface/srv/detail/stop_robot__type_support.cpp.o[0m
[ 45%] [32mBuilding C object CMakeFiles/my_interface__rosidl_typesupport_introspection_c.dir/rosidl_typesupport_introspection_c/my_interface/srv/detail/stop_robot__type_support.c.o[0m
[ 48%] [32m[1mLinking CXX shared library libmy_interface__rosidl_typesupport_cpp.so[0m
[ 51%] [32m[1mLinking C shared library libmy_interface__rosidl_typesupport_introspection_c.so[0m
[ 54%] [32mBuilding CXX object CMakeFiles/my_interface__rosidl_typesupport_c.dir/rosidl_typesupport_c/my_interface/srv/stop_robot__type_support.cpp.o[0m
[ 54%] Built target my_interface__rosidl_typesupport_cpp
[ 54%] Built target my_interface__rosidl_typesupport_introspection_c
[ 58%] [32m[1mLinking CXX shared library libmy_interface__rosidl_typesupport_c.so[0m
[ 61%] [32mBuilding CXX object CMakeFiles/my_interface__rosidl_typesupport_fastrtps_c.dir/rosidl_typesupport_fastrtps_c/my_interface/srv/detail/stop_robot__type_support_c.cpp.o[0m
[ 61%] Built target my_interface__rosidl_typesupport_c
[ 64%] [32m[1mLinking CXX shared library libmy_interface__rosidl_typesupport_fastrtps_cpp.so[0m
[ 64%] Built target my_interface__rosidl_typesupport_fastrtps_cpp
[ 67%] [32m[1mLinking CXX shared library libmy_interface__rosidl_typesupport_introspection_cpp.so[0m
[ 67%] Built target my_interface__rosidl_typesupport_introspection_cpp
[ 70%] [32m[1mLinking CXX shared library libmy_interface__rosidl_typesupport_fastrtps_c.so[0m
[ 70%] Built target my_interface__rosidl_typesupport_fastrtps_c
[ 70%] Built target my_interface
[ 74%] [34m[1mGenerating Python code for ROS interfaces[0m
[ 74%] Built target my_interface__py
[ 77%] [32mBuilding C object CMakeFiles/my_interface__rosidl_generator_py.dir/rosidl_generator_py/my_interface/srv/_stop_robot_s.c.o[0m
[ 80%] [32m[1mLinking C shared library rosidl_generator_py/my_interface/libmy_interface__rosidl_generator_py.so[0m
[ 80%] Built target my_interface__rosidl_generator_py
[ 83%] [32mBuilding C object CMakeFiles/my_interface__rosidl_typesupport_fastrtps_c__pyext.dir/rosidl_generator_py/my_interface/_my_interface_s.ep.rosidl_typesupport_fastrtps_c.c.o[0m
[ 87%] [32mBuilding C object CMakeFiles/my_interface__rosidl_typesupport_c__pyext.dir/rosidl_generator_py/my_interface/_my_interface_s.ep.rosidl_typesupport_c.c.o[0m
[ 90%] [32mBuilding C object CMakeFiles/my_interface__rosidl_typesupport_introspection_c__pyext.dir/rosidl_generator_py/my_interface/_my_interface_s.ep.rosidl_typesupport_introspection_c.c.o[0m
[100%] [32m[1mLinking C shared library rosidl_generator_py/my_interface/my_interface_s__rosidl_typesupport_fastrtps_c.cpython-310-x86_64-linux-gnu.so[0m
[100%] [32m[1mLinking C shared library rosidl_generator_py/my_interface/my_interface_s__rosidl_typesupport_introspection_c.cpython-310-x86_64-linux-gnu.so[0m
[100%] [32m[1mLinking C shared library rosidl_generator_py/my_interface/my_interface_s__rosidl_typesupport_c.cpython-310-x86_64-linux-gnu.so[0m
[100%] Built target my_interface__rosidl_typesupport_c__pyext
[100%] Built target my_interface__rosidl_typesupport_introspection_c__pyext
[100%] Built target my_interface__rosidl_typesupport_fastrtps_c__pyext
-- Install configuration: ""
-- Execute custom install script
-- Symlinking: /home/ubuntu/650610832_final/install/my_interface/share/ament_index/resource_index/rosidl_interfaces/my_interface
-- Symlinking: /home/ubuntu/650610832_final/install/my_interface/include/my_interface/my_interface/msg/rosidl_generator_c__visibility_control.h
-- Symlinking: /home/ubuntu/650610832_final/install/my_interface/include/my_interface/my_interface/srv/detail/stop_robot__functions.h
-- Symlinking: /home/ubuntu/650610832_final/install/my_interface/include/my_interface/my_interface/srv/detail/stop_robot__struct.h
-- Symlinking: /home/ubuntu/650610832_final/install/my_interface/include/my_interface/my_interface/srv/detail/stop_robot__type_support.h
-- Symlinking: /home/ubuntu/650610832_final/install/my_interface/include/my_interface/my_interface/srv/stop_robot.h
-- Symlinking: /home/ubuntu/650610832_final/install/my_interface/share/my_interface/environment/library_path.sh
-- Symlinking: /home/ubuntu/650610832_final/install/my_interface/share/my_interface/environment/library_path.dsv
-- Symlinking: /home/ubuntu/650610832_final/install/my_interface/include/my_interface/my_interface/msg/rosidl_typesupport_fastrtps_c__visibility_control.h
-- Symlinking: /home/ubuntu/650610832_final/install/my_interface/include/my_interface/my_interface/srv/detail/stop_robot__rosidl_typesupport_fastrtps_c.h
-- Symlinking: /home/ubuntu/650610832_final/install/my_interface/include/my_interface/my_interface/msg/rosidl_typesupport_introspection_c__visibility_control.h
-- Symlinking: /home/ubuntu/650610832_final/install/my_interface/include/my_interface/my_interface/srv/detail/stop_robot__rosidl_typesupport_introspection_c.h
-- Symlinking: /home/ubuntu/650610832_final/install/my_interface/include/my_interface/my_interface/msg/rosidl_generator_cpp__visibility_control.hpp
-- Symlinking: /home/ubuntu/650610832_final/install/my_interface/include/my_interface/my_interface/srv/detail/stop_robot__builder.hpp
-- Symlinking: /home/ubuntu/650610832_final/install/my_interface/include/my_interface/my_interface/srv/detail/stop_robot__struct.hpp
-- Symlinking: /home/ubuntu/650610832_final/install/my_interface/include/my_interface/my_interface/srv/detail/stop_robot__traits.hpp
-- Symlinking: /home/ubuntu/650610832_final/install/my_interface/include/my_interface/my_interface/srv/detail/stop_robot__type_support.hpp
-- Symlinking: /home/ubuntu/650610832_final/install/my_interface/include/my_interface/my_interface/srv/stop_robot.hpp
-- Symlinking: /home/ubuntu/650610832_final/install/my_interface/include/my_interface/my_interface/msg/rosidl_typesupport_fastrtps_cpp__visibility_control.h
-- Symlinking: /home/ubuntu/650610832_final/install/my_interface/include/my_interface/my_interface/srv/detail/stop_robot__rosidl_typesupport_fastrtps_cpp.hpp
-- Symlinking: /home/ubuntu/650610832_final/install/my_interface/include/my_interface/my_interface/srv/detail/stop_robot__rosidl_typesupport_introspection_cpp.hpp
-- Symlinking: /home/ubuntu/650610832_final/install/my_interface/share/my_interface/environment/pythonpath.sh
-- Symlinking: /home/ubuntu/650610832_final/install/my_interface/share/my_interface/environment/pythonpath.dsv
-- Symlinking: /home/ubuntu/650610832_final/install/my_interface/local/lib/python3.10/dist-packages/my_interface-0.0.0-py3.10.egg-info/PKG-INFO
-- Symlinking: /home/ubuntu/650610832_final/install/my_interface/local/lib/python3.10/dist-packages/my_interface-0.0.0-py3.10.egg-info/SOURCES.txt
-- Symlinking: /home/ubuntu/650610832_final/install/my_interface/local/lib/python3.10/dist-packages/my_interface-0.0.0-py3.10.egg-info/dependency_links.txt
-- Symlinking: /home/ubuntu/650610832_final/install/my_interface/local/lib/python3.10/dist-packages/my_interface-0.0.0-py3.10.egg-info/top_level.txt
-- Symlinking: /home/ubuntu/650610832_final/install/my_interface/local/lib/python3.10/dist-packages/my_interface/__init__.py
-- Symlinking: /home/ubuntu/650610832_final/install/my_interface/local/lib/python3.10/dist-packages/my_interface/_my_interface_s.ep.rosidl_typesupport_c.c
-- Symlinking: /home/ubuntu/650610832_final/install/my_interface/local/lib/python3.10/dist-packages/my_interface/_my_interface_s.ep.rosidl_typesupport_fastrtps_c.c
-- Symlinking: /home/ubuntu/650610832_final/install/my_interface/local/lib/python3.10/dist-packages/my_interface/_my_interface_s.ep.rosidl_typesupport_introspection_c.c
-- Symlinking: /home/ubuntu/650610832_final/install/my_interface/local/lib/python3.10/dist-packages/my_interface/libmy_interface__rosidl_generator_py.so
-- Symlinking: /home/ubuntu/650610832_final/install/my_interface/local/lib/python3.10/dist-packages/my_interface/my_interface_s__rosidl_typesupport_c.cpython-310-x86_64-linux-gnu.so
-- Symlinking: /home/ubuntu/650610832_final/install/my_interface/local/lib/python3.10/dist-packages/my_interface/my_interface_s__rosidl_typesupport_fastrtps_c.cpython-310-x86_64-linux-gnu.so
-- Symlinking: /home/ubuntu/650610832_final/install/my_interface/local/lib/python3.10/dist-packages/my_interface/my_interface_s__rosidl_typesupport_introspection_c.cpython-310-x86_64-linux-gnu.so
-- Symlinking: /home/ubuntu/650610832_final/install/my_interface/local/lib/python3.10/dist-packages/my_interface/srv/__init__.py
-- Symlinking: /home/ubuntu/650610832_final/install/my_interface/local/lib/python3.10/dist-packages/my_interface/srv/_stop_robot.py
-- Symlinking: /home/ubuntu/650610832_final/install/my_interface/local/lib/python3.10/dist-packages/my_interface/srv/_stop_robot_s.c
-- Up-to-date symlink: /home/ubuntu/650610832_final/install/my_interface/local/lib/python3.10/dist-packages/my_interface/my_interface_s__rosidl_typesupport_fastrtps_c.cpython-310-x86_64-linux-gnu.so
-- Up-to-date symlink: /home/ubuntu/650610832_final/install/my_interface/local/lib/python3.10/dist-packages/my_interface/my_interface_s__rosidl_typesupport_introspection_c.cpython-310-x86_64-linux-gnu.so
-- Up-to-date symlink: /home/ubuntu/650610832_final/install/my_interface/local/lib/python3.10/dist-packages/my_interface/my_interface_s__rosidl_typesupport_c.cpython-310-x86_64-linux-gnu.so
-- Symlinking: /home/ubuntu/650610832_final/install/my_interface/share/my_interface/srv/StopRobot.idl
-- Symlinking: /home/ubuntu/650610832_final/install/my_interface/share/my_interface/srv/StopRobot.srv
-- Symlinking: /home/ubuntu/650610832_final/install/my_interface/share/my_interface/srv/StopRobot_Request.msg
-- Symlinking: /home/ubuntu/650610832_final/install/my_interface/share/my_interface/srv/StopRobot_Response.msg
-- Symlinking: /home/ubuntu/650610832_final/install/my_interface/share/my_interface/robot_control_launch.py
-- Symlinking: /home/ubuntu/650610832_final/install/my_interface/share/ament_index/resource_index/package_run_dependencies/my_interface
-- Symlinking: /home/ubuntu/650610832_final/install/my_interface/share/ament_index/resource_index/parent_prefix_path/my_interface
-- Symlinking: /home/ubuntu/650610832_final/install/my_interface/share/my_interface/environment/ament_prefix_path.sh
-- Symlinking: /home/ubuntu/650610832_final/install/my_interface/share/my_interface/environment/ament_prefix_path.dsv
-- Symlinking: /home/ubuntu/650610832_final/install/my_interface/share/my_interface/environment/path.sh
-- Symlinking: /home/ubuntu/650610832_final/install/my_interface/share/my_interface/environment/path.dsv
-- Symlinking: /home/ubuntu/650610832_final/install/my_interface/share/my_interface/local_setup.bash
-- Symlinking: /home/ubuntu/650610832_final/install/my_interface/share/my_interface/local_setup.sh
-- Symlinking: /home/ubuntu/650610832_final/install/my_interface/share/my_interface/local_setup.zsh
-- Symlinking: /home/ubuntu/650610832_final/install/my_interface/share/my_interface/local_setup.dsv
-- Symlinking: /home/ubuntu/650610832_final/install/my_interface/share/my_interface/package.dsv
-- Symlinking: /home/ubuntu/650610832_final/install/my_interface/share/ament_index/resource_index/packages/my_interface
-- Symlinking: /home/ubuntu/650610832_final/install/my_interface/share/my_interface/cmake/rosidl_cmake-extras.cmake
-- Symlinking: /home/ubuntu/650610832_final/install/my_interface/share/my_interface/cmake/ament_cmake_export_dependencies-extras.cmake
-- Symlinking: /home/ubuntu/650610832_final/install/my_interface/share/my_interface/cmake/ament_cmake_export_include_directories-extras.cmake
-- Symlinking: /home/ubuntu/650610832_final/install/my_interface/share/my_interface/cmake/ament_cmake_export_libraries-extras.cmake
-- Symlinking: /home/ubuntu/650610832_final/install/my_interface/share/my_interface/cmake/ament_cmake_export_targets-extras.cmake
-- Symlinking: /home/ubuntu/650610832_final/install/my_interface/share/my_interface/cmake/rosidl_cmake_export_typesupport_targets-extras.cmake
-- Symlinking: /home/ubuntu/650610832_final/install/my_interface/share/my_interface/cmake/rosidl_cmake_export_typesupport_libraries-extras.cmake
-- Symlinking: /home/ubuntu/650610832_final/install/my_interface/share/my_interface/cmake/my_interfaceConfig.cmake
-- Symlinking: /home/ubuntu/650610832_final/install/my_interface/share/my_interface/cmake/my_interfaceConfig-version.cmake
-- Symlinking: /home/ubuntu/650610832_final/install/my_interface/share/my_interface/package.xml
-- Installing: /home/ubuntu/650610832_final/install/my_interface/lib/libmy_interface__rosidl_generator_c.so
-- Set runtime path of "/home/ubuntu/650610832_final/install/my_interface/lib/libmy_interface__rosidl_generator_c.so" to ""
-- Installing: /home/ubuntu/650610832_final/install/my_interface/lib/libmy_interface__rosidl_typesupport_fastrtps_c.so
-- Set runtime path of "/home/ubuntu/650610832_final/install/my_interface/lib/libmy_interface__rosidl_typesupport_fastrtps_c.so" to ""
-- Installing: /home/ubuntu/650610832_final/install/my_interface/lib/libmy_interface__rosidl_typesupport_introspection_c.so
-- Set runtime path of "/home/ubuntu/650610832_final/install/my_interface/lib/libmy_interface__rosidl_typesupport_introspection_c.so" to ""
-- Installing: /home/ubuntu/650610832_final/install/my_interface/lib/libmy_interface__rosidl_typesupport_c.so
-- Set runtime path of "/home/ubuntu/650610832_final/install/my_interface/lib/libmy_interface__rosidl_typesupport_c.so" to ""
-- Installing: /home/ubuntu/650610832_final/install/my_interface/lib/libmy_interface__rosidl_typesupport_fastrtps_cpp.so
-- Set runtime path of "/home/ubuntu/650610832_final/install/my_interface/lib/libmy_interface__rosidl_typesupport_fastrtps_cpp.so" to ""
-- Installing: /home/ubuntu/650610832_final/install/my_interface/lib/libmy_interface__rosidl_typesupport_introspection_cpp.so
-- Set runtime path of "/home/ubuntu/650610832_final/install/my_interface/lib/libmy_interface__rosidl_typesupport_introspection_cpp.so" to ""
-- Installing: /home/ubuntu/650610832_final/install/my_interface/lib/libmy_interface__rosidl_typesupport_cpp.so
-- Set runtime path of "/home/ubuntu/650610832_final/install/my_interface/lib/libmy_interface__rosidl_typesupport_cpp.so" to ""
Listing '/home/ubuntu/650610832_final/install/my_interface/local/lib/python3.10/dist-packages/my_interface'...
Compiling '/home/ubuntu/650610832_final/install/my_interface/local/lib/python3.10/dist-packages/my_interface/__init__.py'...
Listing '/home/ubuntu/650610832_final/install/my_interface/local/lib/python3.10/dist-packages/my_interface/srv'...
Compiling '/home/ubuntu/650610832_final/install/my_interface/local/lib/python3.10/dist-packages/my_interface/srv/__init__.py'...
Compiling '/home/ubuntu/650610832_final/install/my_interface/local/lib/python3.10/dist-packages/my_interface/srv/_stop_robot.py'...
-- Installing: /home/ubuntu/650610832_final/install/my_interface/lib/libmy_interface__rosidl_generator_py.so
-- Set runtime path of "/home/ubuntu/650610832_final/install/my_interface/lib/libmy_interface__rosidl_generator_py.so" to ""
-- Installing: /home/ubuntu/650610832_final/install/my_interface/share/my_interface/cmake/export_my_interface__rosidl_generator_cExport.cmake
-- Installing: /home/ubuntu/650610832_final/install/my_interface/share/my_interface/cmake/export_my_interface__rosidl_generator_cExport-noconfig.cmake
-- Installing: /home/ubuntu/650610832_final/install/my_interface/share/my_interface/cmake/export_my_interface__rosidl_typesupport_fastrtps_cExport.cmake
-- Installing: /home/ubuntu/650610832_final/install/my_interface/share/my_interface/cmake/export_my_interface__rosidl_typesupport_fastrtps_cExport-noconfig.cmake
-- Installing: /home/ubuntu/650610832_final/install/my_interface/share/my_interface/cmake/my_interface__rosidl_typesupport_introspection_cExport.cmake
-- Installing: /home/ubuntu/650610832_final/install/my_interface/share/my_interface/cmake/my_interface__rosidl_typesupport_introspection_cExport-noconfig.cmake
-- Installing: /home/ubuntu/650610832_final/install/my_interface/share/my_interface/cmake/my_interface__rosidl_typesupport_cExport.cmake
-- Installing: /home/ubuntu/650610832_final/install/my_interface/share/my_interface/cmake/my_interface__rosidl_typesupport_cExport-noconfig.cmake
-- Installing: /home/ubuntu/650610832_final/install/my_interface/share/my_interface/cmake/export_my_interface__rosidl_generator_cppExport.cmake
-- Installing: /home/ubuntu/650610832_final/install/my_interface/share/my_interface/cmake/export_my_interface__rosidl_typesupport_fastrtps_cppExport.cmake
-- Installing: /home/ubuntu/650610832_final/install/my_interface/share/my_interface/cmake/export_my_interface__rosidl_typesupport_fastrtps_cppExport-noconfig.cmake
-- Installing: /home/ubuntu/650610832_final/install/my_interface/share/my_interface/cmake/my_interface__rosidl_typesupport_introspection_cppExport.cmake
-- Installing: /home/ubuntu/650610832_final/install/my_interface/share/my_interface/cmake/my_interface__rosidl_typesupport_introspection_cppExport-noconfig.cmake
-- Installing: /home/ubuntu/650610832_final/install/my_interface/share/my_interface/cmake/my_interface__rosidl_typesupport_cppExport.cmake
-- Installing: /home/ubuntu/650610832_final/install/my_interface/share/my_interface/cmake/my_interface__rosidl_typesupport_cppExport-noconfig.cmake
-- Installing: /home/ubuntu/650610832_final/install/my_interface/share/my_interface/cmake/export_my_interface__rosidl_generator_pyExport.cmake
-- Installing: /home/ubuntu/650610832_final/install/my_interface/share/my_interface/cmake/export_my_interface__rosidl_generator_pyExport-noconfig.cmake
