[0.014s] Invoking command in '/home/ubuntu/650610832_final/build/my_interface': CMAKE_PREFIX_PATH=${CMAKE_PREFIX_PATH}:/home/ubuntu/650610832_final/install/turtlebot_node:/home/ubuntu/650610832_final/install/service_node:/home/ubuntu/650610832_final/install/server_node:/opt/ros/humble /usr/bin/cmake /home/ubuntu/650610832_final/src/my_interface -DAMENT_CMAKE_SYMLINK_INSTALL=1 -DCMAKE_INSTALL_PREFIX=/home/ubuntu/650610832_final/install/my_interface
[0.313s] -- The C compiler identification is GNU 11.4.0
[0.313s] -- The CXX compiler identification is GNU 11.4.0
[0.313s] -- Detecting C compiler ABI info
[0.313s] -- Detecting C compiler ABI info - done
[0.313s] -- Check for working C compiler: /usr/bin/cc - skipped
[0.313s] -- Detecting C compile features
[0.313s] -- Detecting C compile features - done
[0.313s] -- Detecting CXX compiler ABI info
[0.313s] -- Detecting CXX compiler ABI info - done
[0.313s] -- Check for working CXX compiler: /usr/bin/c++ - skipped
[0.313s] -- Detecting CXX compile features
[0.313s] -- Detecting CXX compile features - done
[0.313s] -- Found ament_cmake: 1.3.11 (/opt/ros/humble/share/ament_cmake/cmake)
[0.317s] -- Found Python3: /usr/bin/python3 (found version "3.10.12") found components: Interpreter 
[0.362s] -- Override CMake install command with custom implementation using symlinks instead of copying resources
[0.392s] -- Found rosidl_default_generators: 1.2.0 (/opt/ros/humble/share/rosidl_default_generators/cmake)
[0.395s] -- Using all available rosidl_typesupport_c: rosidl_typesupport_fastrtps_c;rosidl_typesupport_introspection_c
[0.401s] -- Found rosidl_adapter: 3.1.6 (/opt/ros/humble/share/rosidl_adapter/cmake)
[0.426s] -- Using all available rosidl_typesupport_cpp: rosidl_typesupport_fastrtps_cpp;rosidl_typesupport_introspection_cpp
[0.449s] -- Found std_msgs: 4.2.4 (/opt/ros/humble/share/std_msgs/cmake)
[0.653s] -- Found ament_cmake_ros: 0.10.0 (/opt/ros/humble/share/ament_cmake_ros/cmake)
[0.816s] -- Using all available rosidl_typesupport_c: rosidl_typesupport_fastrtps_c;rosidl_typesupport_introspection_c
[1.031s] -- Using all available rosidl_typesupport_cpp: rosidl_typesupport_fastrtps_cpp;rosidl_typesupport_introspection_cpp
[1.047s] -- Found PythonInterp: /usr/bin/python3 (found suitable version "3.10.12", minimum required is "3.6") 
[1.048s] -- Found python_cmake_module: 0.10.0 (/opt/ros/humble/share/python_cmake_module/cmake)
[1.066s] -- Found PythonLibs: /usr/lib/x86_64-linux-gnu/libpython3.10.so (found suitable version "3.10.12", minimum required is "3.5") 
[1.066s] -- Using PYTHON_EXECUTABLE: /usr/bin/python3
[1.066s] -- Using PYTHON_INCLUDE_DIRS: /usr/include/python3.10
[1.066s] -- Using PYTHON_LIBRARIES: /usr/lib/x86_64-linux-gnu/libpython3.10.so
[1.080s] -- Found PythonExtra: .so  
[1.112s] -- Found ament_lint_auto: 0.12.11 (/opt/ros/humble/share/ament_lint_auto/cmake)
[1.124s] -- Added test 'flake8' to check Python code syntax and style conventions
[1.124s] -- Added test 'lint_cmake' to check CMake code style
[1.124s] -- Added test 'pep257' to check Python code against some of the docstring style conventions in PEP 257
[1.125s] -- Added test 'xmllint' to check XML markup files
[1.127s] -- Configuring done
[1.144s] -- Generating done
[1.152s] -- Build files have been written to: /home/ubuntu/650610832_final/build/my_interface
[1.155s] Invoked command in '/home/ubuntu/650610832_final/build/my_interface' returned '0': CMAKE_PREFIX_PATH=${CMAKE_PREFIX_PATH}:/home/ubuntu/650610832_final/install/turtlebot_node:/home/ubuntu/650610832_final/install/service_node:/home/ubuntu/650610832_final/install/server_node:/opt/ros/humble /usr/bin/cmake /home/ubuntu/650610832_final/src/my_interface -DAMENT_CMAKE_SYMLINK_INSTALL=1 -DCMAKE_INSTALL_PREFIX=/home/ubuntu/650610832_final/install/my_interface
[1.156s] Invoking command in '/home/ubuntu/650610832_final/build/my_interface': CMAKE_PREFIX_PATH=${CMAKE_PREFIX_PATH}:/home/ubuntu/650610832_final/install/turtlebot_node:/home/ubuntu/650610832_final/install/service_node:/home/ubuntu/650610832_final/install/server_node:/opt/ros/humble /usr/bin/cmake --build /home/ubuntu/650610832_final/build/my_interface -- -j20 -l20
[1.186s] [  3%] [34m[1mGenerating C code for ROS interfaces[0m
[1.195s] [  6%] [34m[1mGenerating C++ code for ROS interfaces[0m
[1.209s] [  6%] Built target ament_cmake_python_symlink_my_interface
[1.578s] [  6%] Built target my_interface__cpp
[1.604s] [  9%] [34m[1mGenerating C++ type support for eProsima Fast-RTPS[0m
[1.604s] [ 12%] [34m[1mGenerating C++ introspection for ROS interfaces[0m
[1.608s] [ 16%] [34m[1mGenerating C++ type support dispatch for ROS interfaces[0m
[1.671s] running egg_info
[1.671s] creating my_interface.egg-info
[1.673s] writing my_interface.egg-info/PKG-INFO
[1.673s] writing dependency_links to my_interface.egg-info/dependency_links.txt
[1.673s] writing top-level names to my_interface.egg-info/top_level.txt
[1.673s] writing manifest file 'my_interface.egg-info/SOURCES.txt'
[1.676s] reading manifest file 'my_interface.egg-info/SOURCES.txt'
[1.677s] writing manifest file 'my_interface.egg-info/SOURCES.txt'
[1.758s] [ 19%] [32mBuilding C object CMakeFiles/my_interface__rosidl_generator_c.dir/rosidl_generator_c/my_interface/srv/detail/stop_robot__functions.c.o[0m
[1.758s] [ 19%] Built target ament_cmake_python_build_my_interface_egg
[1.825s] [ 22%] [32m[1mLinking C shared library libmy_interface__rosidl_generator_c.so[0m
[1.888s] [ 22%] Built target my_interface__rosidl_generator_c
[1.903s] [ 25%] [34m[1mGenerating C type support for eProsima Fast-RTPS[0m
[1.904s] [ 29%] [34m[1mGenerating C introspection for ROS interfaces[0m
[1.904s] [ 32%] [34m[1mGenerating C type support dispatch for ROS interfaces[0m
[1.975s] [ 35%] [32mBuilding CXX object CMakeFiles/my_interface__rosidl_typesupport_cpp.dir/rosidl_typesupport_cpp/my_interface/srv/stop_robot__type_support.cpp.o[0m
[1.990s] [ 38%] [32mBuilding CXX object CMakeFiles/my_interface__rosidl_typesupport_fastrtps_cpp.dir/rosidl_typesupport_fastrtps_cpp/my_interface/srv/detail/dds_fastrtps/stop_robot__type_support.cpp.o[0m
[2.003s] [ 41%] [32mBuilding CXX object CMakeFiles/my_interface__rosidl_typesupport_introspection_cpp.dir/rosidl_typesupport_introspection_cpp/my_interface/srv/detail/stop_robot__type_support.cpp.o[0m
[2.161s] [ 45%] [32mBuilding C object CMakeFiles/my_interface__rosidl_typesupport_introspection_c.dir/rosidl_typesupport_introspection_c/my_interface/srv/detail/stop_robot__type_support.c.o[0m
[2.177s] [ 48%] [32m[1mLinking CXX shared library libmy_interface__rosidl_typesupport_cpp.so[0m
[2.191s] [ 51%] [32m[1mLinking C shared library libmy_interface__rosidl_typesupport_introspection_c.so[0m
[2.200s] [ 54%] [32mBuilding CXX object CMakeFiles/my_interface__rosidl_typesupport_c.dir/rosidl_typesupport_c/my_interface/srv/stop_robot__type_support.cpp.o[0m
[2.215s] [ 54%] Built target my_interface__rosidl_typesupport_cpp
[2.215s] [ 54%] Built target my_interface__rosidl_typesupport_introspection_c
[2.224s] [ 58%] [32m[1mLinking CXX shared library libmy_interface__rosidl_typesupport_c.so[0m
[2.225s] [ 61%] [32mBuilding CXX object CMakeFiles/my_interface__rosidl_typesupport_fastrtps_c.dir/rosidl_typesupport_fastrtps_c/my_interface/srv/detail/stop_robot__type_support_c.cpp.o[0m
[2.257s] [ 61%] Built target my_interface__rosidl_typesupport_c
[2.289s] [ 64%] [32m[1mLinking CXX shared library libmy_interface__rosidl_typesupport_fastrtps_cpp.so[0m
[2.365s] [ 64%] Built target my_interface__rosidl_typesupport_fastrtps_cpp
[2.391s] [ 67%] [32m[1mLinking CXX shared library libmy_interface__rosidl_typesupport_introspection_cpp.so[0m
[2.423s] [ 67%] Built target my_interface__rosidl_typesupport_introspection_cpp
[2.437s] [ 70%] [32m[1mLinking CXX shared library libmy_interface__rosidl_typesupport_fastrtps_c.so[0m
[2.485s] [ 70%] Built target my_interface__rosidl_typesupport_fastrtps_c
[2.500s] [ 70%] Built target my_interface
[2.517s] [ 74%] [34m[1mGenerating Python code for ROS interfaces[0m
[2.726s] [ 74%] Built target my_interface__py
[2.740s] [ 77%] [32mBuilding C object CMakeFiles/my_interface__rosidl_generator_py.dir/rosidl_generator_py/my_interface/srv/_stop_robot_s.c.o[0m
[2.804s] [ 80%] [32m[1mLinking C shared library rosidl_generator_py/my_interface/libmy_interface__rosidl_generator_py.so[0m
[2.834s] [ 80%] Built target my_interface__rosidl_generator_py
[2.850s] [ 83%] [32mBuilding C object CMakeFiles/my_interface__rosidl_typesupport_fastrtps_c__pyext.dir/rosidl_generator_py/my_interface/_my_interface_s.ep.rosidl_typesupport_fastrtps_c.c.o[0m
[2.851s] [ 87%] [32mBuilding C object CMakeFiles/my_interface__rosidl_typesupport_c__pyext.dir/rosidl_generator_py/my_interface/_my_interface_s.ep.rosidl_typesupport_c.c.o[0m
[2.851s] [ 90%] [32mBuilding C object CMakeFiles/my_interface__rosidl_typesupport_introspection_c__pyext.dir/rosidl_generator_py/my_interface/_my_interface_s.ep.rosidl_typesupport_introspection_c.c.o[0m
[2.910s] [100%] [32m[1mLinking C shared library rosidl_generator_py/my_interface/my_interface_s__rosidl_typesupport_fastrtps_c.cpython-310-x86_64-linux-gnu.so[0m
[2.910s] [100%] [32m[1mLinking C shared library rosidl_generator_py/my_interface/my_interface_s__rosidl_typesupport_introspection_c.cpython-310-x86_64-linux-gnu.so[0m
[2.910s] [100%] [32m[1mLinking C shared library rosidl_generator_py/my_interface/my_interface_s__rosidl_typesupport_c.cpython-310-x86_64-linux-gnu.so[0m
[2.936s] [100%] Built target my_interface__rosidl_typesupport_c__pyext
[2.937s] [100%] Built target my_interface__rosidl_typesupport_introspection_c__pyext
[2.937s] [100%] Built target my_interface__rosidl_typesupport_fastrtps_c__pyext
[2.945s] Invoked command in '/home/ubuntu/650610832_final/build/my_interface' returned '0': CMAKE_PREFIX_PATH=${CMAKE_PREFIX_PATH}:/home/ubuntu/650610832_final/install/turtlebot_node:/home/ubuntu/650610832_final/install/service_node:/home/ubuntu/650610832_final/install/server_node:/opt/ros/humble /usr/bin/cmake --build /home/ubuntu/650610832_final/build/my_interface -- -j20 -l20
[2.952s] Invoking command in '/home/ubuntu/650610832_final/build/my_interface': CMAKE_PREFIX_PATH=${CMAKE_PREFIX_PATH}:/home/ubuntu/650610832_final/install/turtlebot_node:/home/ubuntu/650610832_final/install/service_node:/home/ubuntu/650610832_final/install/server_node:/opt/ros/humble /usr/bin/cmake --install /home/ubuntu/650610832_final/build/my_interface
[2.958s] -- Install configuration: ""
[2.958s] -- Execute custom install script
[2.958s] -- Symlinking: /home/ubuntu/650610832_final/install/my_interface/share/ament_index/resource_index/rosidl_interfaces/my_interface
[2.965s] -- Symlinking: /home/ubuntu/650610832_final/install/my_interface/include/my_interface/my_interface/msg/rosidl_generator_c__visibility_control.h
[2.972s] -- Symlinking: /home/ubuntu/650610832_final/install/my_interface/include/my_interface/my_interface/srv/detail/stop_robot__functions.h
[2.978s] -- Symlinking: /home/ubuntu/650610832_final/install/my_interface/include/my_interface/my_interface/srv/detail/stop_robot__struct.h
[2.985s] -- Symlinking: /home/ubuntu/650610832_final/install/my_interface/include/my_interface/my_interface/srv/detail/stop_robot__type_support.h
[2.992s] -- Symlinking: /home/ubuntu/650610832_final/install/my_interface/include/my_interface/my_interface/srv/stop_robot.h
[2.997s] -- Symlinking: /home/ubuntu/650610832_final/install/my_interface/share/my_interface/environment/library_path.sh
[3.003s] -- Symlinking: /home/ubuntu/650610832_final/install/my_interface/share/my_interface/environment/library_path.dsv
[3.010s] -- Symlinking: /home/ubuntu/650610832_final/install/my_interface/include/my_interface/my_interface/msg/rosidl_typesupport_fastrtps_c__visibility_control.h
[3.016s] -- Symlinking: /home/ubuntu/650610832_final/install/my_interface/include/my_interface/my_interface/srv/detail/stop_robot__rosidl_typesupport_fastrtps_c.h
[3.022s] -- Symlinking: /home/ubuntu/650610832_final/install/my_interface/include/my_interface/my_interface/msg/rosidl_typesupport_introspection_c__visibility_control.h
[3.027s] -- Symlinking: /home/ubuntu/650610832_final/install/my_interface/include/my_interface/my_interface/srv/detail/stop_robot__rosidl_typesupport_introspection_c.h
[3.034s] -- Symlinking: /home/ubuntu/650610832_final/install/my_interface/include/my_interface/my_interface/msg/rosidl_generator_cpp__visibility_control.hpp
[3.041s] -- Symlinking: /home/ubuntu/650610832_final/install/my_interface/include/my_interface/my_interface/srv/detail/stop_robot__builder.hpp
[3.046s] -- Symlinking: /home/ubuntu/650610832_final/install/my_interface/include/my_interface/my_interface/srv/detail/stop_robot__struct.hpp
[3.052s] -- Symlinking: /home/ubuntu/650610832_final/install/my_interface/include/my_interface/my_interface/srv/detail/stop_robot__traits.hpp
[3.057s] -- Symlinking: /home/ubuntu/650610832_final/install/my_interface/include/my_interface/my_interface/srv/detail/stop_robot__type_support.hpp
[3.064s] -- Symlinking: /home/ubuntu/650610832_final/install/my_interface/include/my_interface/my_interface/srv/stop_robot.hpp
[3.070s] -- Symlinking: /home/ubuntu/650610832_final/install/my_interface/include/my_interface/my_interface/msg/rosidl_typesupport_fastrtps_cpp__visibility_control.h
[3.076s] -- Symlinking: /home/ubuntu/650610832_final/install/my_interface/include/my_interface/my_interface/srv/detail/stop_robot__rosidl_typesupport_fastrtps_cpp.hpp
[3.082s] -- Symlinking: /home/ubuntu/650610832_final/install/my_interface/include/my_interface/my_interface/srv/detail/stop_robot__rosidl_typesupport_introspection_cpp.hpp
[3.088s] -- Symlinking: /home/ubuntu/650610832_final/install/my_interface/share/my_interface/environment/pythonpath.sh
[3.094s] -- Symlinking: /home/ubuntu/650610832_final/install/my_interface/share/my_interface/environment/pythonpath.dsv
[3.100s] -- Symlinking: /home/ubuntu/650610832_final/install/my_interface/local/lib/python3.10/dist-packages/my_interface-0.0.0-py3.10.egg-info/PKG-INFO
[3.106s] -- Symlinking: /home/ubuntu/650610832_final/install/my_interface/local/lib/python3.10/dist-packages/my_interface-0.0.0-py3.10.egg-info/SOURCES.txt
[3.112s] -- Symlinking: /home/ubuntu/650610832_final/install/my_interface/local/lib/python3.10/dist-packages/my_interface-0.0.0-py3.10.egg-info/dependency_links.txt
[3.118s] -- Symlinking: /home/ubuntu/650610832_final/install/my_interface/local/lib/python3.10/dist-packages/my_interface-0.0.0-py3.10.egg-info/top_level.txt
[3.124s] -- Symlinking: /home/ubuntu/650610832_final/install/my_interface/local/lib/python3.10/dist-packages/my_interface/__init__.py
[3.130s] -- Symlinking: /home/ubuntu/650610832_final/install/my_interface/local/lib/python3.10/dist-packages/my_interface/_my_interface_s.ep.rosidl_typesupport_c.c
[3.137s] -- Symlinking: /home/ubuntu/650610832_final/install/my_interface/local/lib/python3.10/dist-packages/my_interface/_my_interface_s.ep.rosidl_typesupport_fastrtps_c.c
[3.143s] -- Symlinking: /home/ubuntu/650610832_final/install/my_interface/local/lib/python3.10/dist-packages/my_interface/_my_interface_s.ep.rosidl_typesupport_introspection_c.c
[3.149s] -- Symlinking: /home/ubuntu/650610832_final/install/my_interface/local/lib/python3.10/dist-packages/my_interface/libmy_interface__rosidl_generator_py.so
[3.155s] -- Symlinking: /home/ubuntu/650610832_final/install/my_interface/local/lib/python3.10/dist-packages/my_interface/my_interface_s__rosidl_typesupport_c.cpython-310-x86_64-linux-gnu.so
[3.160s] -- Symlinking: /home/ubuntu/650610832_final/install/my_interface/local/lib/python3.10/dist-packages/my_interface/my_interface_s__rosidl_typesupport_fastrtps_c.cpython-310-x86_64-linux-gnu.so
[3.167s] -- Symlinking: /home/ubuntu/650610832_final/install/my_interface/local/lib/python3.10/dist-packages/my_interface/my_interface_s__rosidl_typesupport_introspection_c.cpython-310-x86_64-linux-gnu.so
[3.174s] -- Symlinking: /home/ubuntu/650610832_final/install/my_interface/local/lib/python3.10/dist-packages/my_interface/srv/__init__.py
[3.180s] -- Symlinking: /home/ubuntu/650610832_final/install/my_interface/local/lib/python3.10/dist-packages/my_interface/srv/_stop_robot.py
[3.186s] -- Symlinking: /home/ubuntu/650610832_final/install/my_interface/local/lib/python3.10/dist-packages/my_interface/srv/_stop_robot_s.c
[3.191s] -- Up-to-date symlink: /home/ubuntu/650610832_final/install/my_interface/local/lib/python3.10/dist-packages/my_interface/my_interface_s__rosidl_typesupport_fastrtps_c.cpython-310-x86_64-linux-gnu.so
[3.191s] -- Up-to-date symlink: /home/ubuntu/650610832_final/install/my_interface/local/lib/python3.10/dist-packages/my_interface/my_interface_s__rosidl_typesupport_introspection_c.cpython-310-x86_64-linux-gnu.so
[3.192s] -- Up-to-date symlink: /home/ubuntu/650610832_final/install/my_interface/local/lib/python3.10/dist-packages/my_interface/my_interface_s__rosidl_typesupport_c.cpython-310-x86_64-linux-gnu.so
[3.192s] -- Symlinking: /home/ubuntu/650610832_final/install/my_interface/share/my_interface/srv/StopRobot.idl
[3.198s] -- Symlinking: /home/ubuntu/650610832_final/install/my_interface/share/my_interface/srv/StopRobot.srv
[3.204s] -- Symlinking: /home/ubuntu/650610832_final/install/my_interface/share/my_interface/srv/StopRobot_Request.msg
[3.211s] -- Symlinking: /home/ubuntu/650610832_final/install/my_interface/share/my_interface/srv/StopRobot_Response.msg
[3.218s] -- Symlinking: /home/ubuntu/650610832_final/install/my_interface/share/my_interface/robot_control_launch.py
[3.225s] -- Symlinking: /home/ubuntu/650610832_final/install/my_interface/share/ament_index/resource_index/package_run_dependencies/my_interface
[3.231s] -- Symlinking: /home/ubuntu/650610832_final/install/my_interface/share/ament_index/resource_index/parent_prefix_path/my_interface
[3.238s] -- Symlinking: /home/ubuntu/650610832_final/install/my_interface/share/my_interface/environment/ament_prefix_path.sh
[3.244s] -- Symlinking: /home/ubuntu/650610832_final/install/my_interface/share/my_interface/environment/ament_prefix_path.dsv
[3.250s] -- Symlinking: /home/ubuntu/650610832_final/install/my_interface/share/my_interface/environment/path.sh
[3.256s] -- Symlinking: /home/ubuntu/650610832_final/install/my_interface/share/my_interface/environment/path.dsv
[3.263s] -- Symlinking: /home/ubuntu/650610832_final/install/my_interface/share/my_interface/local_setup.bash
[3.269s] -- Symlinking: /home/ubuntu/650610832_final/install/my_interface/share/my_interface/local_setup.sh
[3.274s] -- Symlinking: /home/ubuntu/650610832_final/install/my_interface/share/my_interface/local_setup.zsh
[3.281s] -- Symlinking: /home/ubuntu/650610832_final/install/my_interface/share/my_interface/local_setup.dsv
[3.287s] -- Symlinking: /home/ubuntu/650610832_final/install/my_interface/share/my_interface/package.dsv
[3.293s] -- Symlinking: /home/ubuntu/650610832_final/install/my_interface/share/ament_index/resource_index/packages/my_interface
[3.300s] -- Symlinking: /home/ubuntu/650610832_final/install/my_interface/share/my_interface/cmake/rosidl_cmake-extras.cmake
[3.306s] -- Symlinking: /home/ubuntu/650610832_final/install/my_interface/share/my_interface/cmake/ament_cmake_export_dependencies-extras.cmake
[3.312s] -- Symlinking: /home/ubuntu/650610832_final/install/my_interface/share/my_interface/cmake/ament_cmake_export_include_directories-extras.cmake
[3.319s] -- Symlinking: /home/ubuntu/650610832_final/install/my_interface/share/my_interface/cmake/ament_cmake_export_libraries-extras.cmake
[3.324s] -- Symlinking: /home/ubuntu/650610832_final/install/my_interface/share/my_interface/cmake/ament_cmake_export_targets-extras.cmake
[3.331s] -- Symlinking: /home/ubuntu/650610832_final/install/my_interface/share/my_interface/cmake/rosidl_cmake_export_typesupport_targets-extras.cmake
[3.336s] -- Symlinking: /home/ubuntu/650610832_final/install/my_interface/share/my_interface/cmake/rosidl_cmake_export_typesupport_libraries-extras.cmake
[3.343s] -- Symlinking: /home/ubuntu/650610832_final/install/my_interface/share/my_interface/cmake/my_interfaceConfig.cmake
[3.349s] -- Symlinking: /home/ubuntu/650610832_final/install/my_interface/share/my_interface/cmake/my_interfaceConfig-version.cmake
[3.356s] -- Symlinking: /home/ubuntu/650610832_final/install/my_interface/share/my_interface/package.xml
[3.362s] -- Installing: /home/ubuntu/650610832_final/install/my_interface/lib/libmy_interface__rosidl_generator_c.so
[3.362s] -- Set runtime path of "/home/ubuntu/650610832_final/install/my_interface/lib/libmy_interface__rosidl_generator_c.so" to ""
[3.363s] -- Installing: /home/ubuntu/650610832_final/install/my_interface/lib/libmy_interface__rosidl_typesupport_fastrtps_c.so
[3.363s] -- Set runtime path of "/home/ubuntu/650610832_final/install/my_interface/lib/libmy_interface__rosidl_typesupport_fastrtps_c.so" to ""
[3.363s] -- Installing: /home/ubuntu/650610832_final/install/my_interface/lib/libmy_interface__rosidl_typesupport_introspection_c.so
[3.363s] -- Set runtime path of "/home/ubuntu/650610832_final/install/my_interface/lib/libmy_interface__rosidl_typesupport_introspection_c.so" to ""
[3.363s] -- Installing: /home/ubuntu/650610832_final/install/my_interface/lib/libmy_interface__rosidl_typesupport_c.so
[3.363s] -- Set runtime path of "/home/ubuntu/650610832_final/install/my_interface/lib/libmy_interface__rosidl_typesupport_c.so" to ""
[3.363s] -- Installing: /home/ubuntu/650610832_final/install/my_interface/lib/libmy_interface__rosidl_typesupport_fastrtps_cpp.so
[3.363s] -- Set runtime path of "/home/ubuntu/650610832_final/install/my_interface/lib/libmy_interface__rosidl_typesupport_fastrtps_cpp.so" to ""
[3.363s] -- Installing: /home/ubuntu/650610832_final/install/my_interface/lib/libmy_interface__rosidl_typesupport_introspection_cpp.so
[3.364s] -- Set runtime path of "/home/ubuntu/650610832_final/install/my_interface/lib/libmy_interface__rosidl_typesupport_introspection_cpp.so" to ""
[3.364s] -- Installing: /home/ubuntu/650610832_final/install/my_interface/lib/libmy_interface__rosidl_typesupport_cpp.so
[3.364s] -- Set runtime path of "/home/ubuntu/650610832_final/install/my_interface/lib/libmy_interface__rosidl_typesupport_cpp.so" to ""
[3.388s] Listing '/home/ubuntu/650610832_final/install/my_interface/local/lib/python3.10/dist-packages/my_interface'...
[3.388s] Compiling '/home/ubuntu/650610832_final/install/my_interface/local/lib/python3.10/dist-packages/my_interface/__init__.py'...
[3.388s] Listing '/home/ubuntu/650610832_final/install/my_interface/local/lib/python3.10/dist-packages/my_interface/srv'...
[3.388s] Compiling '/home/ubuntu/650610832_final/install/my_interface/local/lib/python3.10/dist-packages/my_interface/srv/__init__.py'...
[3.388s] Compiling '/home/ubuntu/650610832_final/install/my_interface/local/lib/python3.10/dist-packages/my_interface/srv/_stop_robot.py'...
[3.391s] -- Installing: /home/ubuntu/650610832_final/install/my_interface/lib/libmy_interface__rosidl_generator_py.so
[3.391s] -- Set runtime path of "/home/ubuntu/650610832_final/install/my_interface/lib/libmy_interface__rosidl_generator_py.so" to ""
[3.392s] -- Installing: /home/ubuntu/650610832_final/install/my_interface/share/my_interface/cmake/export_my_interface__rosidl_generator_cExport.cmake
[3.392s] -- Installing: /home/ubuntu/650610832_final/install/my_interface/share/my_interface/cmake/export_my_interface__rosidl_generator_cExport-noconfig.cmake
[3.392s] -- Installing: /home/ubuntu/650610832_final/install/my_interface/share/my_interface/cmake/export_my_interface__rosidl_typesupport_fastrtps_cExport.cmake
[3.392s] -- Installing: /home/ubuntu/650610832_final/install/my_interface/share/my_interface/cmake/export_my_interface__rosidl_typesupport_fastrtps_cExport-noconfig.cmake
[3.392s] -- Installing: /home/ubuntu/650610832_final/install/my_interface/share/my_interface/cmake/my_interface__rosidl_typesupport_introspection_cExport.cmake
[3.392s] -- Installing: /home/ubuntu/650610832_final/install/my_interface/share/my_interface/cmake/my_interface__rosidl_typesupport_introspection_cExport-noconfig.cmake
[3.392s] -- Installing: /home/ubuntu/650610832_final/install/my_interface/share/my_interface/cmake/my_interface__rosidl_typesupport_cExport.cmake
[3.392s] -- Installing: /home/ubuntu/650610832_final/install/my_interface/share/my_interface/cmake/my_interface__rosidl_typesupport_cExport-noconfig.cmake
[3.392s] -- Installing: /home/ubuntu/650610832_final/install/my_interface/share/my_interface/cmake/export_my_interface__rosidl_generator_cppExport.cmake
[3.392s] -- Installing: /home/ubuntu/650610832_final/install/my_interface/share/my_interface/cmake/export_my_interface__rosidl_typesupport_fastrtps_cppExport.cmake
[3.392s] -- Installing: /home/ubuntu/650610832_final/install/my_interface/share/my_interface/cmake/export_my_interface__rosidl_typesupport_fastrtps_cppExport-noconfig.cmake
[3.393s] -- Installing: /home/ubuntu/650610832_final/install/my_interface/share/my_interface/cmake/my_interface__rosidl_typesupport_introspection_cppExport.cmake
[3.393s] -- Installing: /home/ubuntu/650610832_final/install/my_interface/share/my_interface/cmake/my_interface__rosidl_typesupport_introspection_cppExport-noconfig.cmake
[3.393s] -- Installing: /home/ubuntu/650610832_final/install/my_interface/share/my_interface/cmake/my_interface__rosidl_typesupport_cppExport.cmake
[3.393s] -- Installing: /home/ubuntu/650610832_final/install/my_interface/share/my_interface/cmake/my_interface__rosidl_typesupport_cppExport-noconfig.cmake
[3.393s] -- Installing: /home/ubuntu/650610832_final/install/my_interface/share/my_interface/cmake/export_my_interface__rosidl_generator_pyExport.cmake
[3.393s] -- Installing: /home/ubuntu/650610832_final/install/my_interface/share/my_interface/cmake/export_my_interface__rosidl_generator_pyExport-noconfig.cmake
[3.394s] Invoked command in '/home/ubuntu/650610832_final/build/my_interface' returned '0': CMAKE_PREFIX_PATH=${CMAKE_PREFIX_PATH}:/home/ubuntu/650610832_final/install/turtlebot_node:/home/ubuntu/650610832_final/install/service_node:/home/ubuntu/650610832_final/install/server_node:/opt/ros/humble /usr/bin/cmake --install /home/ubuntu/650610832_final/build/my_interface
