[0.052s] DEBUG:colcon:Command line arguments: ['/usr/bin/colcon', 'build']
[0.052s] DEBUG:colcon:Parsed command line arguments: Namespace(log_base=None, log_level=None, verb_name='build', build_base='build', install_base='install', merge_install=False, symlink_install=False, test_result_base=None, continue_on_error=False, executor='parallel', parallel_workers=20, event_handlers=None, ignore_user_meta=False, metas=['./colcon.meta'], base_paths=['.'], packages_ignore=None, packages_ignore_regex=None, paths=None, packages_up_to=None, packages_up_to_regex=None, packages_above=None, packages_above_and_dependencies=None, packages_above_depth=None, packages_select_by_dep=None, packages_skip_by_dep=None, packages_skip_up_to=None, packages_select_build_failed=False, packages_skip_build_finished=False, packages_select_test_failures=False, packages_skip_test_passed=False, packages_select=None, packages_skip=None, packages_select_regex=None, packages_skip_regex=None, packages_start=None, packages_end=None, allow_overriding=[], cmake_args=None, cmake_target=None, cmake_target_skip_unavailable=False, cmake_clean_cache=False, cmake_clean_first=False, cmake_force_configure=False, ament_cmake_args=None, catkin_cmake_args=None, catkin_skip_building_tests=False, verb_parser=<colcon_defaults.argument_parser.defaults.DefaultArgumentsDecorator object at 0x7f3ebde1ceb0>, verb_extension=<colcon_core.verb.build.BuildVerb object at 0x7f3ebde1c970>, main=<bound method BuildVerb.main of <colcon_core.verb.build.BuildVerb object at 0x7f3ebde1c970>>)
[0.134s] Level 1:colcon.colcon_core.package_discovery:discover_packages(colcon_meta) check parameters
[0.134s] Level 1:colcon.colcon_core.package_discovery:discover_packages(recursive) check parameters
[0.134s] Level 1:colcon.colcon_core.package_discovery:discover_packages(ignore) check parameters
[0.134s] Level 1:colcon.colcon_core.package_discovery:discover_packages(path) check parameters
[0.134s] Level 1:colcon.colcon_core.package_discovery:discover_packages(colcon_meta) discover
[0.134s] Level 1:colcon.colcon_core.package_discovery:discover_packages(recursive) discover
[0.134s] INFO:colcon.colcon_core.package_discovery:Crawling recursively for packages in '/home/ubuntu/650610832_final'
[0.134s] Level 1:colcon.colcon_core.package_identification:_identify(.) by extensions ['ignore', 'ignore_ament_install']
[0.135s] Level 1:colcon.colcon_core.package_identification:_identify(.) by extension 'ignore'
[0.135s] Level 1:colcon.colcon_core.package_identification:_identify(.) by extension 'ignore_ament_install'
[0.135s] Level 1:colcon.colcon_core.package_identification:_identify(.) by extensions ['colcon_pkg']
[0.135s] Level 1:colcon.colcon_core.package_identification:_identify(.) by extension 'colcon_pkg'
[0.135s] Level 1:colcon.colcon_core.package_identification:_identify(.) by extensions ['colcon_meta']
[0.135s] Level 1:colcon.colcon_core.package_identification:_identify(.) by extension 'colcon_meta'
[0.135s] Level 1:colcon.colcon_core.package_identification:_identify(.) by extensions ['ros']
[0.135s] Level 1:colcon.colcon_core.package_identification:_identify(.) by extension 'ros'
[0.142s] Level 1:colcon.colcon_core.package_identification:_identify(.) by extensions ['cmake', 'python']
[0.142s] Level 1:colcon.colcon_core.package_identification:_identify(.) by extension 'cmake'
[0.142s] Level 1:colcon.colcon_core.package_identification:_identify(.) by extension 'python'
[0.142s] Level 1:colcon.colcon_core.package_identification:_identify(.) by extensions ['python_setup_py']
[0.142s] Level 1:colcon.colcon_core.package_identification:_identify(.) by extension 'python_setup_py'
[0.142s] Level 1:colcon.colcon_core.package_identification:_identify(build) by extensions ['ignore', 'ignore_ament_install']
[0.142s] Level 1:colcon.colcon_core.package_identification:_identify(build) by extension 'ignore'
[0.143s] Level 1:colcon.colcon_core.package_identification:_identify(build) ignored
[0.143s] Level 1:colcon.colcon_core.package_identification:_identify(install) by extensions ['ignore', 'ignore_ament_install']
[0.143s] Level 1:colcon.colcon_core.package_identification:_identify(install) by extension 'ignore'
[0.143s] Level 1:colcon.colcon_core.package_identification:_identify(install) ignored
[0.143s] Level 1:colcon.colcon_core.package_identification:_identify(log) by extensions ['ignore', 'ignore_ament_install']
[0.143s] Level 1:colcon.colcon_core.package_identification:_identify(log) by extension 'ignore'
[0.143s] Level 1:colcon.colcon_core.package_identification:_identify(log) ignored
[0.143s] Level 1:colcon.colcon_core.package_identification:_identify(src) by extensions ['ignore', 'ignore_ament_install']
[0.143s] Level 1:colcon.colcon_core.package_identification:_identify(src) by extension 'ignore'
[0.143s] Level 1:colcon.colcon_core.package_identification:_identify(src) by extension 'ignore_ament_install'
[0.143s] Level 1:colcon.colcon_core.package_identification:_identify(src) by extensions ['colcon_pkg']
[0.143s] Level 1:colcon.colcon_core.package_identification:_identify(src) by extension 'colcon_pkg'
[0.143s] Level 1:colcon.colcon_core.package_identification:_identify(src) by extensions ['colcon_meta']
[0.143s] Level 1:colcon.colcon_core.package_identification:_identify(src) by extension 'colcon_meta'
[0.143s] Level 1:colcon.colcon_core.package_identification:_identify(src) by extensions ['ros']
[0.143s] Level 1:colcon.colcon_core.package_identification:_identify(src) by extension 'ros'
[0.143s] Level 1:colcon.colcon_core.package_identification:_identify(src) by extensions ['cmake', 'python']
[0.143s] Level 1:colcon.colcon_core.package_identification:_identify(src) by extension 'cmake'
[0.143s] Level 1:colcon.colcon_core.package_identification:_identify(src) by extension 'python'
[0.143s] Level 1:colcon.colcon_core.package_identification:_identify(src) by extensions ['python_setup_py']
[0.143s] Level 1:colcon.colcon_core.package_identification:_identify(src) by extension 'python_setup_py'
[0.143s] Level 1:colcon.colcon_core.package_identification:_identify(src/robot_control) by extensions ['ignore', 'ignore_ament_install']
[0.143s] Level 1:colcon.colcon_core.package_identification:_identify(src/robot_control) by extension 'ignore'
[0.143s] Level 1:colcon.colcon_core.package_identification:_identify(src/robot_control) by extension 'ignore_ament_install'
[0.143s] Level 1:colcon.colcon_core.package_identification:_identify(src/robot_control) by extensions ['colcon_pkg']
[0.143s] Level 1:colcon.colcon_core.package_identification:_identify(src/robot_control) by extension 'colcon_pkg'
[0.143s] Level 1:colcon.colcon_core.package_identification:_identify(src/robot_control) by extensions ['colcon_meta']
[0.143s] Level 1:colcon.colcon_core.package_identification:_identify(src/robot_control) by extension 'colcon_meta'
[0.143s] Level 1:colcon.colcon_core.package_identification:_identify(src/robot_control) by extensions ['ros']
[0.143s] Level 1:colcon.colcon_core.package_identification:_identify(src/robot_control) by extension 'ros'
[0.145s] DEBUG:colcon.colcon_core.package_identification:Package 'src/robot_control' with type 'ros.ament_python' and name 'robot_control'
[0.145s] Level 1:colcon.colcon_core.package_identification:_identify(src/sllidar_ros2) by extensions ['ignore', 'ignore_ament_install']
[0.145s] Level 1:colcon.colcon_core.package_identification:_identify(src/sllidar_ros2) by extension 'ignore'
[0.145s] Level 1:colcon.colcon_core.package_identification:_identify(src/sllidar_ros2) by extension 'ignore_ament_install'
[0.145s] Level 1:colcon.colcon_core.package_identification:_identify(src/sllidar_ros2) by extensions ['colcon_pkg']
[0.145s] Level 1:colcon.colcon_core.package_identification:_identify(src/sllidar_ros2) by extension 'colcon_pkg'
[0.145s] Level 1:colcon.colcon_core.package_identification:_identify(src/sllidar_ros2) by extensions ['colcon_meta']
[0.145s] Level 1:colcon.colcon_core.package_identification:_identify(src/sllidar_ros2) by extension 'colcon_meta'
[0.145s] Level 1:colcon.colcon_core.package_identification:_identify(src/sllidar_ros2) by extensions ['ros']
[0.145s] Level 1:colcon.colcon_core.package_identification:_identify(src/sllidar_ros2) by extension 'ros'
[0.146s] DEBUG:colcon.colcon_core.package_identification:Package 'src/sllidar_ros2' with type 'ros.ament_cmake' and name 'sllidar_ros2'
[0.146s] Level 1:colcon.colcon_core.package_discovery:discover_packages(recursive) using defaults
[0.146s] Level 1:colcon.colcon_core.package_discovery:discover_packages(ignore) discover
[0.146s] Level 1:colcon.colcon_core.package_discovery:discover_packages(ignore) using defaults
[0.146s] Level 1:colcon.colcon_core.package_discovery:discover_packages(path) discover
[0.146s] Level 1:colcon.colcon_core.package_discovery:discover_packages(path) using defaults
[0.167s] Level 1:colcon.colcon_core.package_discovery:discover_packages(prefix_path) check parameters
[0.167s] Level 1:colcon.colcon_core.package_discovery:discover_packages(prefix_path) discover
[0.168s] DEBUG:colcon.colcon_installed_package_information.package_discovery:Found 3 installed packages in /home/ubuntu/650610832_final/install
[0.169s] DEBUG:colcon.colcon_installed_package_information.package_discovery:Found 363 installed packages in /opt/ros/humble
[0.170s] Level 1:colcon.colcon_core.package_discovery:discover_packages(prefix_path) using defaults
[0.191s] Level 5:colcon.colcon_core.verb:set package 'robot_control' build argument 'cmake_args' from command line to 'None'
[0.191s] Level 5:colcon.colcon_core.verb:set package 'robot_control' build argument 'cmake_target' from command line to 'None'
[0.191s] Level 5:colcon.colcon_core.verb:set package 'robot_control' build argument 'cmake_target_skip_unavailable' from command line to 'False'
[0.191s] Level 5:colcon.colcon_core.verb:set package 'robot_control' build argument 'cmake_clean_cache' from command line to 'False'
[0.191s] Level 5:colcon.colcon_core.verb:set package 'robot_control' build argument 'cmake_clean_first' from command line to 'False'
[0.191s] Level 5:colcon.colcon_core.verb:set package 'robot_control' build argument 'cmake_force_configure' from command line to 'False'
[0.191s] Level 5:colcon.colcon_core.verb:set package 'robot_control' build argument 'ament_cmake_args' from command line to 'None'
[0.191s] Level 5:colcon.colcon_core.verb:set package 'robot_control' build argument 'catkin_cmake_args' from command line to 'None'
[0.191s] Level 5:colcon.colcon_core.verb:set package 'robot_control' build argument 'catkin_skip_building_tests' from command line to 'False'
[0.191s] DEBUG:colcon.colcon_core.verb:Building package 'robot_control' with the following arguments: {'ament_cmake_args': None, 'build_base': '/home/ubuntu/650610832_final/build/robot_control', 'catkin_cmake_args': None, 'catkin_skip_building_tests': False, 'cmake_args': None, 'cmake_clean_cache': False, 'cmake_clean_first': False, 'cmake_force_configure': False, 'cmake_target': None, 'cmake_target_skip_unavailable': False, 'install_base': '/home/ubuntu/650610832_final/install/robot_control', 'merge_install': False, 'path': '/home/ubuntu/650610832_final/src/robot_control', 'symlink_install': False, 'test_result_base': None}
[0.191s] Level 5:colcon.colcon_core.verb:set package 'sllidar_ros2' build argument 'cmake_args' from command line to 'None'
[0.191s] Level 5:colcon.colcon_core.verb:set package 'sllidar_ros2' build argument 'cmake_target' from command line to 'None'
[0.191s] Level 5:colcon.colcon_core.verb:set package 'sllidar_ros2' build argument 'cmake_target_skip_unavailable' from command line to 'False'
[0.191s] Level 5:colcon.colcon_core.verb:set package 'sllidar_ros2' build argument 'cmake_clean_cache' from command line to 'False'
[0.192s] Level 5:colcon.colcon_core.verb:set package 'sllidar_ros2' build argument 'cmake_clean_first' from command line to 'False'
[0.192s] Level 5:colcon.colcon_core.verb:set package 'sllidar_ros2' build argument 'cmake_force_configure' from command line to 'False'
[0.192s] Level 5:colcon.colcon_core.verb:set package 'sllidar_ros2' build argument 'ament_cmake_args' from command line to 'None'
[0.192s] Level 5:colcon.colcon_core.verb:set package 'sllidar_ros2' build argument 'catkin_cmake_args' from command line to 'None'
[0.192s] Level 5:colcon.colcon_core.verb:set package 'sllidar_ros2' build argument 'catkin_skip_building_tests' from command line to 'False'
[0.192s] DEBUG:colcon.colcon_core.verb:Building package 'sllidar_ros2' with the following arguments: {'ament_cmake_args': None, 'build_base': '/home/ubuntu/650610832_final/build/sllidar_ros2', 'catkin_cmake_args': None, 'catkin_skip_building_tests': False, 'cmake_args': None, 'cmake_clean_cache': False, 'cmake_clean_first': False, 'cmake_force_configure': False, 'cmake_target': None, 'cmake_target_skip_unavailable': False, 'install_base': '/home/ubuntu/650610832_final/install/sllidar_ros2', 'merge_install': False, 'path': '/home/ubuntu/650610832_final/src/sllidar_ros2', 'symlink_install': False, 'test_result_base': None}
[0.192s] INFO:colcon.colcon_core.executor:Executing jobs using 'parallel' executor
[0.192s] DEBUG:colcon.colcon_parallel_executor.executor.parallel:run_until_complete
[0.193s] INFO:colcon.colcon_ros.task.ament_python.build:Building ROS package in '/home/ubuntu/650610832_final/src/robot_control' with build type 'ament_python'
[0.193s] Level 1:colcon.colcon_core.shell:create_environment_hook('robot_control', 'ament_prefix_path')
[0.194s] INFO:colcon.colcon_core.plugin_system:Skipping extension 'colcon_core.shell.bat': Not used on non-Windows systems
[0.194s] INFO:colcon.colcon_core.shell:Creating environment hook '/home/ubuntu/650610832_final/install/robot_control/share/robot_control/hook/ament_prefix_path.ps1'
[0.194s] INFO:colcon.colcon_core.shell:Creating environment descriptor '/home/ubuntu/650610832_final/install/robot_control/share/robot_control/hook/ament_prefix_path.dsv'
[0.194s] INFO:colcon.colcon_core.shell:Creating environment hook '/home/ubuntu/650610832_final/install/robot_control/share/robot_control/hook/ament_prefix_path.sh'
[0.195s] INFO:colcon.colcon_core.shell:Skip shell extension 'powershell' for command environment: Not usable outside of PowerShell
[0.195s] DEBUG:colcon.colcon_core.shell:Skip shell extension 'dsv' for command environment
[0.197s] INFO:colcon.colcon_ros.task.ament_cmake.build:Building ROS package in '/home/ubuntu/650610832_final/src/sllidar_ros2' with build type 'ament_cmake'
[0.197s] INFO:colcon.colcon_cmake.task.cmake.build:Building CMake package in '/home/ubuntu/650610832_final/src/sllidar_ros2'
[0.197s] INFO:colcon.colcon_core.shell:Skip shell extension 'powershell' for command environment: Not usable outside of PowerShell
[0.197s] DEBUG:colcon.colcon_core.shell:Skip shell extension 'dsv' for command environment
[0.330s] INFO:colcon.colcon_core.task.python.build:Building Python package in '/home/ubuntu/650610832_final/src/robot_control'
[0.330s] INFO:colcon.colcon_core.shell:Skip shell extension 'powershell' for command environment: Not usable outside of PowerShell
[0.330s] DEBUG:colcon.colcon_core.shell:Skip shell extension 'dsv' for command environment
[0.336s] DEBUG:colcon.colcon_core.event_handler.log_command:Invoking command in '/home/ubuntu/650610832_final/build/sllidar_ros2': CMAKE_PREFIX_PATH=${CMAKE_PREFIX_PATH}:/home/ubuntu/650610832_final/install/turtlebot3_lidar_control:/home/ubuntu/650610832_final/install/robot_control:/opt/ros/humble /usr/bin/cmake --build /home/ubuntu/650610832_final/build/sllidar_ros2 -- -j20 -l20
[0.391s] DEBUG:colcon.colcon_core.event_handler.log_command:Invoked command in '/home/ubuntu/650610832_final/build/sllidar_ros2' returned '0': CMAKE_PREFIX_PATH=${CMAKE_PREFIX_PATH}:/home/ubuntu/650610832_final/install/turtlebot3_lidar_control:/home/ubuntu/650610832_final/install/robot_control:/opt/ros/humble /usr/bin/cmake --build /home/ubuntu/650610832_final/build/sllidar_ros2 -- -j20 -l20
[0.398s] DEBUG:colcon.colcon_core.event_handler.log_command:Invoking command in '/home/ubuntu/650610832_final/build/sllidar_ros2': CMAKE_PREFIX_PATH=${CMAKE_PREFIX_PATH}:/home/ubuntu/650610832_final/install/turtlebot3_lidar_control:/home/ubuntu/650610832_final/install/robot_control:/opt/ros/humble /usr/bin/cmake --install /home/ubuntu/650610832_final/build/sllidar_ros2
[0.405s] Level 1:colcon.colcon_core.environment:create_environment_scripts_only(sllidar_ros2)
[0.406s] DEBUG:colcon.colcon_core.event_handler.log_command:Invoked command in '/home/ubuntu/650610832_final/build/sllidar_ros2' returned '0': CMAKE_PREFIX_PATH=${CMAKE_PREFIX_PATH}:/home/ubuntu/650610832_final/install/turtlebot3_lidar_control:/home/ubuntu/650610832_final/install/robot_control:/opt/ros/humble /usr/bin/cmake --install /home/ubuntu/650610832_final/build/sllidar_ros2
[0.408s] Level 1:colcon.colcon_core.environment:checking '/home/ubuntu/650610832_final/install/sllidar_ros2' for CMake module files
[0.408s] Level 1:colcon.colcon_core.environment:checking '/home/ubuntu/650610832_final/install/sllidar_ros2' for CMake config files
[0.409s] Level 1:colcon.colcon_core.shell:create_environment_hook('sllidar_ros2', 'cmake_prefix_path')
[0.409s] INFO:colcon.colcon_core.shell:Creating environment hook '/home/ubuntu/650610832_final/install/sllidar_ros2/share/sllidar_ros2/hook/cmake_prefix_path.ps1'
[0.409s] INFO:colcon.colcon_core.shell:Creating environment descriptor '/home/ubuntu/650610832_final/install/sllidar_ros2/share/sllidar_ros2/hook/cmake_prefix_path.dsv'
[0.410s] INFO:colcon.colcon_core.shell:Creating environment hook '/home/ubuntu/650610832_final/install/sllidar_ros2/share/sllidar_ros2/hook/cmake_prefix_path.sh'
[0.410s] Level 1:colcon.colcon_core.environment:checking '/home/ubuntu/650610832_final/install/sllidar_ros2/lib'
[0.410s] Level 1:colcon.colcon_core.environment:checking '/home/ubuntu/650610832_final/install/sllidar_ros2/bin'
[0.410s] Level 1:colcon.colcon_core.environment:checking '/home/ubuntu/650610832_final/install/sllidar_ros2/lib/pkgconfig/sllidar_ros2.pc'
[0.411s] Level 1:colcon.colcon_core.environment:checking '/home/ubuntu/650610832_final/install/sllidar_ros2/lib/python3.10/site-packages'
[0.411s] Level 1:colcon.colcon_core.environment:checking '/home/ubuntu/650610832_final/install/sllidar_ros2/bin'
[0.411s] INFO:colcon.colcon_core.shell:Creating package script '/home/ubuntu/650610832_final/install/sllidar_ros2/share/sllidar_ros2/package.ps1'
[0.411s] INFO:colcon.colcon_core.shell:Creating package descriptor '/home/ubuntu/650610832_final/install/sllidar_ros2/share/sllidar_ros2/package.dsv'
[0.411s] INFO:colcon.colcon_core.shell:Creating package script '/home/ubuntu/650610832_final/install/sllidar_ros2/share/sllidar_ros2/package.sh'
[0.412s] INFO:colcon.colcon_core.shell:Creating package script '/home/ubuntu/650610832_final/install/sllidar_ros2/share/sllidar_ros2/package.bash'
[0.412s] INFO:colcon.colcon_core.shell:Creating package script '/home/ubuntu/650610832_final/install/sllidar_ros2/share/sllidar_ros2/package.zsh'
[0.413s] Level 1:colcon.colcon_core.environment:create_file_with_runtime_dependencies(/home/ubuntu/650610832_final/install/sllidar_ros2/share/colcon-core/packages/sllidar_ros2)
[0.413s] Level 1:colcon.colcon_core.environment:create_environment_scripts_only(sllidar_ros2)
[0.413s] Level 1:colcon.colcon_core.environment:checking '/home/ubuntu/650610832_final/install/sllidar_ros2' for CMake module files
[0.413s] Level 1:colcon.colcon_core.environment:checking '/home/ubuntu/650610832_final/install/sllidar_ros2' for CMake config files
[0.413s] Level 1:colcon.colcon_core.shell:create_environment_hook('sllidar_ros2', 'cmake_prefix_path')
[0.413s] INFO:colcon.colcon_core.shell:Creating environment hook '/home/ubuntu/650610832_final/install/sllidar_ros2/share/sllidar_ros2/hook/cmake_prefix_path.ps1'
[0.414s] INFO:colcon.colcon_core.shell:Creating environment descriptor '/home/ubuntu/650610832_final/install/sllidar_ros2/share/sllidar_ros2/hook/cmake_prefix_path.dsv'
[0.414s] INFO:colcon.colcon_core.shell:Creating environment hook '/home/ubuntu/650610832_final/install/sllidar_ros2/share/sllidar_ros2/hook/cmake_prefix_path.sh'
[0.414s] Level 1:colcon.colcon_core.environment:checking '/home/ubuntu/650610832_final/install/sllidar_ros2/lib'
[0.414s] Level 1:colcon.colcon_core.environment:checking '/home/ubuntu/650610832_final/install/sllidar_ros2/bin'
[0.414s] Level 1:colcon.colcon_core.environment:checking '/home/ubuntu/650610832_final/install/sllidar_ros2/lib/pkgconfig/sllidar_ros2.pc'
[0.414s] Level 1:colcon.colcon_core.environment:checking '/home/ubuntu/650610832_final/install/sllidar_ros2/lib/python3.10/site-packages'
[0.414s] Level 1:colcon.colcon_core.environment:checking '/home/ubuntu/650610832_final/install/sllidar_ros2/bin'
[0.415s] INFO:colcon.colcon_core.shell:Creating package script '/home/ubuntu/650610832_final/install/sllidar_ros2/share/sllidar_ros2/package.ps1'
[0.415s] INFO:colcon.colcon_core.shell:Creating package descriptor '/home/ubuntu/650610832_final/install/sllidar_ros2/share/sllidar_ros2/package.dsv'
[0.415s] INFO:colcon.colcon_core.shell:Creating package script '/home/ubuntu/650610832_final/install/sllidar_ros2/share/sllidar_ros2/package.sh'
[0.415s] INFO:colcon.colcon_core.shell:Creating package script '/home/ubuntu/650610832_final/install/sllidar_ros2/share/sllidar_ros2/package.bash'
[0.415s] INFO:colcon.colcon_core.shell:Creating package script '/home/ubuntu/650610832_final/install/sllidar_ros2/share/sllidar_ros2/package.zsh'
[0.416s] Level 1:colcon.colcon_core.environment:create_file_with_runtime_dependencies(/home/ubuntu/650610832_final/install/sllidar_ros2/share/colcon-core/packages/sllidar_ros2)
[0.524s] DEBUG:colcon.colcon_core.event_handler.log_command:Invoking command in '/home/ubuntu/650610832_final/src/robot_control': PYTHONPATH=/home/ubuntu/650610832_final/build/robot_control/prefix_override:/usr/lib/python3/dist-packages/colcon_core/task/python/colcon_distutils_commands:/home/ubuntu/650610832_final/install/robot_control/lib/python3.10/site-packages:${PYTHONPATH} /usr/bin/python3 -W ignore:setup.py install is deprecated -W ignore:easy_install command is deprecated setup.py egg_info --egg-base ../../build/robot_control build --build-base /home/ubuntu/650610832_final/build/robot_control/build install --record /home/ubuntu/650610832_final/build/robot_control/install.log --single-version-externally-managed install_data
[0.675s] Level 1:colcon.colcon_core.environment:checking '/home/ubuntu/650610832_final/install/robot_control' for CMake module files
[0.675s] DEBUG:colcon.colcon_core.event_handler.log_command:Invoked command in '/home/ubuntu/650610832_final/src/robot_control' returned '0': PYTHONPATH=/home/ubuntu/650610832_final/build/robot_control/prefix_override:/usr/lib/python3/dist-packages/colcon_core/task/python/colcon_distutils_commands:/home/ubuntu/650610832_final/install/robot_control/lib/python3.10/site-packages:${PYTHONPATH} /usr/bin/python3 -W ignore:setup.py install is deprecated -W ignore:easy_install command is deprecated setup.py egg_info --egg-base ../../build/robot_control build --build-base /home/ubuntu/650610832_final/build/robot_control/build install --record /home/ubuntu/650610832_final/build/robot_control/install.log --single-version-externally-managed install_data
[0.675s] Level 1:colcon.colcon_core.environment:checking '/home/ubuntu/650610832_final/install/robot_control' for CMake config files
[0.676s] Level 1:colcon.colcon_core.environment:checking '/home/ubuntu/650610832_final/install/robot_control/lib'
[0.676s] Level 1:colcon.colcon_core.environment:checking '/home/ubuntu/650610832_final/install/robot_control/bin'
[0.676s] Level 1:colcon.colcon_core.environment:checking '/home/ubuntu/650610832_final/install/robot_control/lib/pkgconfig/robot_control.pc'
[0.676s] Level 1:colcon.colcon_core.environment:checking '/home/ubuntu/650610832_final/install/robot_control/lib/python3.10/site-packages'
[0.676s] Level 1:colcon.colcon_core.shell:create_environment_hook('robot_control', 'pythonpath')
[0.676s] INFO:colcon.colcon_core.shell:Creating environment hook '/home/ubuntu/650610832_final/install/robot_control/share/robot_control/hook/pythonpath.ps1'
[0.677s] INFO:colcon.colcon_core.shell:Creating environment descriptor '/home/ubuntu/650610832_final/install/robot_control/share/robot_control/hook/pythonpath.dsv'
[0.677s] INFO:colcon.colcon_core.shell:Creating environment hook '/home/ubuntu/650610832_final/install/robot_control/share/robot_control/hook/pythonpath.sh'
[0.677s] Level 1:colcon.colcon_core.environment:checking '/home/ubuntu/650610832_final/install/robot_control/bin'
[0.677s] Level 1:colcon.colcon_core.environment:create_environment_scripts_only(robot_control)
[0.677s] INFO:colcon.colcon_core.shell:Creating package script '/home/ubuntu/650610832_final/install/robot_control/share/robot_control/package.ps1'
[0.678s] INFO:colcon.colcon_core.shell:Creating package descriptor '/home/ubuntu/650610832_final/install/robot_control/share/robot_control/package.dsv'
[0.678s] INFO:colcon.colcon_core.shell:Creating package script '/home/ubuntu/650610832_final/install/robot_control/share/robot_control/package.sh'
[0.678s] INFO:colcon.colcon_core.shell:Creating package script '/home/ubuntu/650610832_final/install/robot_control/share/robot_control/package.bash'
[0.678s] INFO:colcon.colcon_core.shell:Creating package script '/home/ubuntu/650610832_final/install/robot_control/share/robot_control/package.zsh'
[0.678s] Level 1:colcon.colcon_core.environment:create_file_with_runtime_dependencies(/home/ubuntu/650610832_final/install/robot_control/share/colcon-core/packages/robot_control)
[0.678s] DEBUG:colcon.colcon_parallel_executor.executor.parallel:closing loop
[0.679s] DEBUG:colcon.colcon_parallel_executor.executor.parallel:loop closed
[0.679s] DEBUG:colcon.colcon_parallel_executor.executor.parallel:run_until_complete finished with '0'
[0.679s] DEBUG:colcon.colcon_core.event_reactor:joining thread
[0.683s] INFO:colcon.colcon_core.plugin_system:Skipping extension 'colcon_notification.desktop_notification.terminal_notifier': Not used on non-Darwin systems
[0.683s] INFO:colcon.colcon_core.plugin_system:Skipping extension 'colcon_notification.desktop_notification.win32': Not used on non-Windows systems
[0.683s] INFO:colcon.colcon_notification.desktop_notification:Sending desktop notification using 'notify2'
[0.691s] DEBUG:colcon.colcon_core.event_reactor:joined thread
[0.691s] INFO:colcon.colcon_core.shell:Creating prefix script '/home/ubuntu/650610832_final/install/local_setup.ps1'
[0.692s] INFO:colcon.colcon_core.shell:Creating prefix util module '/home/ubuntu/650610832_final/install/_local_setup_util_ps1.py'
[0.693s] INFO:colcon.colcon_core.shell:Creating prefix chain script '/home/ubuntu/650610832_final/install/setup.ps1'
[0.694s] INFO:colcon.colcon_core.shell:Creating prefix script '/home/ubuntu/650610832_final/install/local_setup.sh'
[0.694s] INFO:colcon.colcon_core.shell:Creating prefix util module '/home/ubuntu/650610832_final/install/_local_setup_util_sh.py'
[0.694s] INFO:colcon.colcon_core.shell:Creating prefix chain script '/home/ubuntu/650610832_final/install/setup.sh'
[0.695s] INFO:colcon.colcon_core.shell:Creating prefix script '/home/ubuntu/650610832_final/install/local_setup.bash'
[0.695s] INFO:colcon.colcon_core.shell:Creating prefix chain script '/home/ubuntu/650610832_final/install/setup.bash'
[0.696s] INFO:colcon.colcon_core.shell:Creating prefix script '/home/ubuntu/650610832_final/install/local_setup.zsh'
[0.696s] INFO:colcon.colcon_core.shell:Creating prefix chain script '/home/ubuntu/650610832_final/install/setup.zsh'
