[0.624s] Invoking command in '/home/ubuntu/650610832_final/src/robot_control': PYTHONPATH=/home/ubuntu/650610832_final/build/robot_control/prefix_override:/usr/lib/python3/dist-packages/colcon_core/task/python/colcon_distutils_commands:/home/ubuntu/650610832_final/install/robot_control/lib/python3.10/site-packages:${PYTHONPATH} /usr/bin/python3 -W ignore:setup.py install is deprecated -W ignore:easy_install command is deprecated setup.py egg_info --egg-base ../../build/robot_control build --build-base /home/ubuntu/650610832_final/build/robot_control/build install --record /home/ubuntu/650610832_final/build/robot_control/install.log --single-version-externally-managed install_data
[0.753s] running egg_info
[0.753s] creating ../../build/robot_control/robot_control.egg-info
[0.753s] writing ../../build/robot_control/robot_control.egg-info/PKG-INFO
[0.754s] writing dependency_links to ../../build/robot_control/robot_control.egg-info/dependency_links.txt
[0.754s] writing entry points to ../../build/robot_control/robot_control.egg-info/entry_points.txt
[0.754s] writing requirements to ../../build/robot_control/robot_control.egg-info/requires.txt
[0.754s] writing top-level names to ../../build/robot_control/robot_control.egg-info/top_level.txt
[0.754s] writing manifest file '../../build/robot_control/robot_control.egg-info/SOURCES.txt'
[0.755s] reading manifest file '../../build/robot_control/robot_control.egg-info/SOURCES.txt'
[0.755s] writing manifest file '../../build/robot_control/robot_control.egg-info/SOURCES.txt'
[0.755s] running build
[0.755s] running build_py
[0.755s] creating /home/ubuntu/650610832_final/build/robot_control/build
[0.755s] creating /home/ubuntu/650610832_final/build/robot_control/build/lib
[0.755s] creating /home/ubuntu/650610832_final/build/robot_control/build/lib/robot_control
[0.755s] copying robot_control/__init__.py -> /home/ubuntu/650610832_final/build/robot_control/build/lib/robot_control
[0.755s] copying robot_control/service_node.py -> /home/ubuntu/650610832_final/build/robot_control/build/lib/robot_control
[0.756s] copying robot_control/server_node.py -> /home/ubuntu/650610832_final/build/robot_control/build/lib/robot_control
[0.756s] running install
[0.756s] running install_lib
[0.757s] creating /home/ubuntu/650610832_final/install/robot_control/lib/python3.10/site-packages/robot_control
[0.757s] copying /home/ubuntu/650610832_final/build/robot_control/build/lib/robot_control/__init__.py -> /home/ubuntu/650610832_final/install/robot_control/lib/python3.10/site-packages/robot_control
[0.757s] copying /home/ubuntu/650610832_final/build/robot_control/build/lib/robot_control/service_node.py -> /home/ubuntu/650610832_final/install/robot_control/lib/python3.10/site-packages/robot_control
[0.757s] copying /home/ubuntu/650610832_final/build/robot_control/build/lib/robot_control/server_node.py -> /home/ubuntu/650610832_final/install/robot_control/lib/python3.10/site-packages/robot_control
[0.757s] byte-compiling /home/ubuntu/650610832_final/install/robot_control/lib/python3.10/site-packages/robot_control/__init__.py to __init__.cpython-310.pyc
[0.757s] byte-compiling /home/ubuntu/650610832_final/install/robot_control/lib/python3.10/site-packages/robot_control/service_node.py to service_node.cpython-310.pyc
[0.758s] byte-compiling /home/ubuntu/650610832_final/install/robot_control/lib/python3.10/site-packages/robot_control/server_node.py to server_node.cpython-310.pyc
[0.758s] running install_data
[0.758s] creating /home/ubuntu/650610832_final/install/robot_control/share/ament_index
[0.758s] creating /home/ubuntu/650610832_final/install/robot_control/share/ament_index/resource_index
[0.758s] creating /home/ubuntu/650610832_final/install/robot_control/share/ament_index/resource_index/packages
[0.758s] copying resource/robot_control -> /home/ubuntu/650610832_final/install/robot_control/share/ament_index/resource_index/packages
[0.758s] copying package.xml -> /home/ubuntu/650610832_final/install/robot_control/share/robot_control
[0.758s] running install_egg_info
[0.759s] Copying ../../build/robot_control/robot_control.egg-info to /home/ubuntu/650610832_final/install/robot_control/lib/python3.10/site-packages/robot_control-0.0.0-py3.10.egg-info
[0.760s] running install_scripts
[0.772s] Installing server_node script to /home/ubuntu/650610832_final/install/robot_control/lib/robot_control
[0.772s] Installing service_node script to /home/ubuntu/650610832_final/install/robot_control/lib/robot_control
[0.772s] writing list of installed files to '/home/ubuntu/650610832_final/build/robot_control/install.log'
