[0.366s] Invoking command in '/home/ubuntu/650610832_final/src/robot_control': PYTHONPATH=/home/ubuntu/650610832_final/build/robot_control/prefix_override:/usr/lib/python3/dist-packages/colcon_core/task/python/colcon_distutils_commands:/home/ubuntu/650610832_final/install/robot_control/lib/python3.10/site-packages:${PYTHONPATH} /usr/bin/python3 -W ignore:setup.py install is deprecated -W ignore:easy_install command is deprecated setup.py egg_info --egg-base ../../build/robot_control build --build-base /home/ubuntu/650610832_final/build/robot_control/build install --record /home/ubuntu/650610832_final/build/robot_control/install.log --single-version-externally-managed install_data
[0.501s] running egg_info
[0.501s] writing ../../build/robot_control/robot_control.egg-info/PKG-INFO
[0.501s] writing dependency_links to ../../build/robot_control/robot_control.egg-info/dependency_links.txt
[0.501s] writing entry points to ../../build/robot_control/robot_control.egg-info/entry_points.txt
[0.501s] writing requirements to ../../build/robot_control/robot_control.egg-info/requires.txt
[0.501s] writing top-level names to ../../build/robot_control/robot_control.egg-info/top_level.txt
[0.502s] reading manifest file '../../build/robot_control/robot_control.egg-info/SOURCES.txt'
[0.503s] writing manifest file '../../build/robot_control/robot_control.egg-info/SOURCES.txt'
[0.503s] running build
[0.503s] running build_py
[0.503s] copying robot_control/service_node copy.py -> /home/ubuntu/650610832_final/build/robot_control/build/lib/robot_control
[0.503s] copying robot_control/server_node copy.py -> /home/ubuntu/650610832_final/build/robot_control/build/lib/robot_control
[0.504s] copying robot_control/service_node.py -> /home/ubuntu/650610832_final/build/robot_control/build/lib/robot_control
[0.504s] copying robot_control/server_node.py -> /home/ubuntu/650610832_final/build/robot_control/build/lib/robot_control
[0.504s] running install
[0.504s] running install_lib
[0.505s] copying /home/ubuntu/650610832_final/build/robot_control/build/lib/robot_control/service_node copy.py -> /home/ubuntu/650610832_final/install/robot_control/lib/python3.10/site-packages/robot_control
[0.505s] copying /home/ubuntu/650610832_final/build/robot_control/build/lib/robot_control/server_node copy.py -> /home/ubuntu/650610832_final/install/robot_control/lib/python3.10/site-packages/robot_control
[0.505s] copying /home/ubuntu/650610832_final/build/robot_control/build/lib/robot_control/service_node.py -> /home/ubuntu/650610832_final/install/robot_control/lib/python3.10/site-packages/robot_control
[0.505s] copying /home/ubuntu/650610832_final/build/robot_control/build/lib/robot_control/server_node.py -> /home/ubuntu/650610832_final/install/robot_control/lib/python3.10/site-packages/robot_control
[0.505s] byte-compiling /home/ubuntu/650610832_final/install/robot_control/lib/python3.10/site-packages/robot_control/service_node copy.py to service_node copy.cpython-310.pyc
[0.506s] byte-compiling /home/ubuntu/650610832_final/install/robot_control/lib/python3.10/site-packages/robot_control/server_node copy.py to server_node copy.cpython-310.pyc
[0.506s] byte-compiling /home/ubuntu/650610832_final/install/robot_control/lib/python3.10/site-packages/robot_control/service_node.py to service_node.cpython-310.pyc
[0.507s] byte-compiling /home/ubuntu/650610832_final/install/robot_control/lib/python3.10/site-packages/robot_control/server_node.py to server_node.cpython-310.pyc
[0.507s] running install_data
[0.507s] running install_egg_info
[0.508s] removing '/home/ubuntu/650610832_final/install/robot_control/lib/python3.10/site-packages/robot_control-0.0.0-py3.10.egg-info' (and everything under it)
[0.509s] Copying ../../build/robot_control/robot_control.egg-info to /home/ubuntu/650610832_final/install/robot_control/lib/python3.10/site-packages/robot_control-0.0.0-py3.10.egg-info
[0.509s] running install_scripts
[0.522s] Installing server_node script to /home/ubuntu/650610832_final/install/robot_control/lib/robot_control
[0.522s] Installing service_node script to /home/ubuntu/650610832_final/install/robot_control/lib/robot_control
[0.522s] writing list of installed files to '/home/ubuntu/650610832_final/build/robot_control/install.log'
[0.538s] Invoked command in '/home/ubuntu/650610832_final/src/robot_control' returned '0': PYTHONPATH=/home/ubuntu/650610832_final/build/robot_control/prefix_override:/usr/lib/python3/dist-packages/colcon_core/task/python/colcon_distutils_commands:/home/ubuntu/650610832_final/install/robot_control/lib/python3.10/site-packages:${PYTHONPATH} /usr/bin/python3 -W ignore:setup.py install is deprecated -W ignore:easy_install command is deprecated setup.py egg_info --egg-base ../../build/robot_control build --build-base /home/ubuntu/650610832_final/build/robot_control/build install --record /home/ubuntu/650610832_final/build/robot_control/install.log --single-version-externally-managed install_data
