[0.136s] Invoking command in '/home/ubuntu/650610832_final/build/sllidar_ros2': CMAKE_PREFIX_PATH=${CMAKE_PREFIX_PATH}:/home/ubuntu/650610832_final/install/turtlebot3_lidar_control:/home/ubuntu/650610832_final/install/robot_control:/opt/ros/humble /usr/bin/cmake /home/ubuntu/650610832_final/src/sllidar_ros2 -DAMENT_CMAKE_SYMLINK_INSTALL=1 -DCMAKE_INSTALL_PREFIX=/home/ubuntu/650610832_final/install/sllidar_ros2
[0.142s] -- Found ament_cmake: 1.3.11 (/opt/ros/humble/share/ament_cmake/cmake)
[0.217s] -- Override CMake install command with custom implementation using symlinks instead of copying resources
[0.222s] -- Found rclcpp: 16.0.11 (/opt/ros/humble/share/rclcpp/cmake)
[0.239s] -- Found rosidl_generator_c: 3.1.6 (/opt/ros/humble/share/rosidl_generator_c/cmake)
[0.240s] -- Found rosidl_adapter: 3.1.6 (/opt/ros/humble/share/rosidl_adapter/cmake)
[0.243s] -- Found rosidl_generator_cpp: 3.1.6 (/opt/ros/humble/share/rosidl_generator_cpp/cmake)
[0.248s] -- Using all available rosidl_typesupport_c: rosidl_typesupport_fastrtps_c;rosidl_typesupport_introspection_c
[0.255s] -- Using all available rosidl_typesupport_cpp: rosidl_typesupport_fastrtps_cpp;rosidl_typesupport_introspection_cpp
[0.272s] -- Found rmw_implementation_cmake: 6.1.2 (/opt/ros/humble/share/rmw_implementation_cmake/cmake)
[0.273s] -- Found rmw_fastrtps_cpp: 6.2.7 (/opt/ros/humble/share/rmw_fastrtps_cpp/cmake)
[0.333s] -- Using RMW implementation 'rmw_fastrtps_cpp' as default
[0.360s] -- Found sensor_msgs: 4.2.4 (/opt/ros/humble/share/sensor_msgs/cmake)
[0.375s] -- Found std_srvs: 4.2.4 (/opt/ros/humble/share/std_srvs/cmake)
[0.420s] -- Configuring done
[0.427s] -- Generating done
[0.431s] -- Build files have been written to: /home/ubuntu/650610832_final/build/sllidar_ros2
[0.436s] Invoked command in '/home/ubuntu/650610832_final/build/sllidar_ros2' returned '0': CMAKE_PREFIX_PATH=${CMAKE_PREFIX_PATH}:/home/ubuntu/650610832_final/install/turtlebot3_lidar_control:/home/ubuntu/650610832_final/install/robot_control:/opt/ros/humble /usr/bin/cmake /home/ubuntu/650610832_final/src/sllidar_ros2 -DAMENT_CMAKE_SYMLINK_INSTALL=1 -DCMAKE_INSTALL_PREFIX=/home/ubuntu/650610832_final/install/sllidar_ros2
[0.438s] Invoking command in '/home/ubuntu/650610832_final/build/sllidar_ros2': CMAKE_PREFIX_PATH=${CMAKE_PREFIX_PATH}:/home/ubuntu/650610832_final/install/turtlebot3_lidar_control:/home/ubuntu/650610832_final/install/robot_control:/opt/ros/humble /usr/bin/cmake --build /home/ubuntu/650610832_final/build/sllidar_ros2 -- -j20 -l20
[0.468s] [35m[1mConsolidate compiler generated dependencies of target sllidar_client[0m
[0.469s] [35m[1mConsolidate compiler generated dependencies of target sllidar_node[0m
[0.482s] [  5%] [32m[1mLinking CXX executable sllidar_client[0m
[0.488s] [ 10%] [32m[1mLinking CXX executable sllidar_node[0m
[0.656s] [ 95%] Built target sllidar_node
[0.716s] [100%] Built target sllidar_client
[0.726s] Invoked command in '/home/ubuntu/650610832_final/build/sllidar_ros2' returned '0': CMAKE_PREFIX_PATH=${CMAKE_PREFIX_PATH}:/home/ubuntu/650610832_final/install/turtlebot3_lidar_control:/home/ubuntu/650610832_final/install/robot_control:/opt/ros/humble /usr/bin/cmake --build /home/ubuntu/650610832_final/build/sllidar_ros2 -- -j20 -l20
[0.733s] Invoking command in '/home/ubuntu/650610832_final/build/sllidar_ros2': CMAKE_PREFIX_PATH=${CMAKE_PREFIX_PATH}:/home/ubuntu/650610832_final/install/turtlebot3_lidar_control:/home/ubuntu/650610832_final/install/robot_control:/opt/ros/humble /usr/bin/cmake --install /home/ubuntu/650610832_final/build/sllidar_ros2
[0.737s] -- Install configuration: ""
[0.738s] -- Execute custom install script
[0.738s] -- Symlinking: /home/ubuntu/650610832_final/install/sllidar_ros2/share/sllidar_ros2/launch/sllidar_a1_launch.py
[0.746s] -- Symlinking: /home/ubuntu/650610832_final/install/sllidar_ros2/share/sllidar_ros2/launch/sllidar_a2m12_launch .py
[0.751s] -- Symlinking: /home/ubuntu/650610832_final/install/sllidar_ros2/share/sllidar_ros2/launch/sllidar_a2m7_launch.py
[0.757s] -- Symlinking: /home/ubuntu/650610832_final/install/sllidar_ros2/share/sllidar_ros2/launch/sllidar_a2m8_launch.py
[0.763s] -- Symlinking: /home/ubuntu/650610832_final/install/sllidar_ros2/share/sllidar_ros2/launch/sllidar_a3_launch.py
[0.770s] -- Symlinking: /home/ubuntu/650610832_final/install/sllidar_ros2/share/sllidar_ros2/launch/sllidar_c1_launch.py
[0.775s] -- Symlinking: /home/ubuntu/650610832_final/install/sllidar_ros2/share/sllidar_ros2/launch/sllidar_s1_launch.py
[0.779s] -- Symlinking: /home/ubuntu/650610832_final/install/sllidar_ros2/share/sllidar_ros2/launch/sllidar_s1_tcp_launch.py
[0.785s] -- Symlinking: /home/ubuntu/650610832_final/install/sllidar_ros2/share/sllidar_ros2/launch/sllidar_s2_launch.py
[0.791s] -- Symlinking: /home/ubuntu/650610832_final/install/sllidar_ros2/share/sllidar_ros2/launch/sllidar_s2e_launch.py
[0.796s] -- Symlinking: /home/ubuntu/650610832_final/install/sllidar_ros2/share/sllidar_ros2/launch/sllidar_s3_launch.py
[0.802s] -- Symlinking: /home/ubuntu/650610832_final/install/sllidar_ros2/share/sllidar_ros2/launch/sllidar_t1_launch.py
[0.808s] -- Symlinking: /home/ubuntu/650610832_final/install/sllidar_ros2/share/sllidar_ros2/launch/view_sllidar_a1_launch.py
[0.814s] -- Symlinking: /home/ubuntu/650610832_final/install/sllidar_ros2/share/sllidar_ros2/launch/view_sllidar_a2m12_launch.py
[0.820s] -- Symlinking: /home/ubuntu/650610832_final/install/sllidar_ros2/share/sllidar_ros2/launch/view_sllidar_a2m7_launch.py
[0.825s] -- Symlinking: /home/ubuntu/650610832_final/install/sllidar_ros2/share/sllidar_ros2/launch/view_sllidar_a2m8_launch.py
[0.830s] -- Symlinking: /home/ubuntu/650610832_final/install/sllidar_ros2/share/sllidar_ros2/launch/view_sllidar_a3_launch.py
[0.835s] -- Symlinking: /home/ubuntu/650610832_final/install/sllidar_ros2/share/sllidar_ros2/launch/view_sllidar_c1_launch.py
[0.841s] -- Symlinking: /home/ubuntu/650610832_final/install/sllidar_ros2/share/sllidar_ros2/launch/view_sllidar_s1_launch.py
[0.848s] -- Symlinking: /home/ubuntu/650610832_final/install/sllidar_ros2/share/sllidar_ros2/launch/view_sllidar_s1_tcp_launch.py
[0.854s] -- Symlinking: /home/ubuntu/650610832_final/install/sllidar_ros2/share/sllidar_ros2/launch/view_sllidar_s2_launch.py
[0.858s] -- Symlinking: /home/ubuntu/650610832_final/install/sllidar_ros2/share/sllidar_ros2/launch/view_sllidar_s2e_launch.py
[0.864s] -- Symlinking: /home/ubuntu/650610832_final/install/sllidar_ros2/share/sllidar_ros2/launch/view_sllidar_s3_launch.py
[0.871s] -- Symlinking: /home/ubuntu/650610832_final/install/sllidar_ros2/share/sllidar_ros2/launch/view_sllidar_t1_launch.py
[0.877s] -- Symlinking: /home/ubuntu/650610832_final/install/sllidar_ros2/share/sllidar_ros2/rviz/sllidar_ros2.rviz
[0.883s] -- Symlinking: /home/ubuntu/650610832_final/install/sllidar_ros2/lib/sllidar_ros2/sllidar_node
[0.890s] -- Symlinking: /home/ubuntu/650610832_final/install/sllidar_ros2/lib/sllidar_ros2/sllidar_client
[0.896s] -- Symlinking: /home/ubuntu/650610832_final/install/sllidar_ros2/share/ament_index/resource_index/package_run_dependencies/sllidar_ros2
[0.902s] -- Symlinking: /home/ubuntu/650610832_final/install/sllidar_ros2/share/ament_index/resource_index/parent_prefix_path/sllidar_ros2
[0.909s] -- Symlinking: /home/ubuntu/650610832_final/install/sllidar_ros2/share/sllidar_ros2/environment/ament_prefix_path.sh
[0.916s] -- Symlinking: /home/ubuntu/650610832_final/install/sllidar_ros2/share/sllidar_ros2/environment/ament_prefix_path.dsv
[0.922s] -- Symlinking: /home/ubuntu/650610832_final/install/sllidar_ros2/share/sllidar_ros2/environment/path.sh
[0.928s] -- Symlinking: /home/ubuntu/650610832_final/install/sllidar_ros2/share/sllidar_ros2/environment/path.dsv
[0.935s] -- Symlinking: /home/ubuntu/650610832_final/install/sllidar_ros2/share/sllidar_ros2/local_setup.bash
[0.942s] -- Symlinking: /home/ubuntu/650610832_final/install/sllidar_ros2/share/sllidar_ros2/local_setup.sh
[0.950s] -- Symlinking: /home/ubuntu/650610832_final/install/sllidar_ros2/share/sllidar_ros2/local_setup.zsh
[0.956s] -- Symlinking: /home/ubuntu/650610832_final/install/sllidar_ros2/share/sllidar_ros2/local_setup.dsv
[0.961s] -- Symlinking: /home/ubuntu/650610832_final/install/sllidar_ros2/share/sllidar_ros2/package.dsv
[0.967s] -- Symlinking: /home/ubuntu/650610832_final/install/sllidar_ros2/share/ament_index/resource_index/packages/sllidar_ros2
[0.972s] -- Symlinking: /home/ubuntu/650610832_final/install/sllidar_ros2/share/sllidar_ros2/cmake/ament_cmake_export_dependencies-extras.cmake
[0.979s] -- Symlinking: /home/ubuntu/650610832_final/install/sllidar_ros2/share/sllidar_ros2/cmake/ament_cmake_export_include_directories-extras.cmake
[0.985s] -- Symlinking: /home/ubuntu/650610832_final/install/sllidar_ros2/share/sllidar_ros2/cmake/sllidar_ros2Config.cmake
[0.991s] -- Symlinking: /home/ubuntu/650610832_final/install/sllidar_ros2/share/sllidar_ros2/cmake/sllidar_ros2Config-version.cmake
[0.999s] -- Symlinking: /home/ubuntu/650610832_final/install/sllidar_ros2/share/sllidar_ros2/package.xml
[1.008s] Invoked command in '/home/ubuntu/650610832_final/build/sllidar_ros2' returned '0': CMAKE_PREFIX_PATH=${CMAKE_PREFIX_PATH}:/home/ubuntu/650610832_final/install/turtlebot3_lidar_control:/home/ubuntu/650610832_final/install/robot_control:/opt/ros/humble /usr/bin/cmake --install /home/ubuntu/650610832_final/build/sllidar_ros2
