[0.148s] Invoking command in '/home/ubuntu/650610832_final/build/sllidar_ros2': CMAKE_PREFIX_PATH=${CMAKE_PREFIX_PATH}:/home/ubuntu/650610832_final/install/turtlebot3_lidar_control:/home/ubuntu/650610832_final/install/robot_control:/opt/ros/humble /usr/bin/cmake --build /home/ubuntu/650610832_final/build/sllidar_ros2 -- -j20 -l20
[0.189s] [ 10%] Built target sllidar_client
[0.196s] [100%] Built target sllidar_node
[0.205s] Invoked command in '/home/ubuntu/650610832_final/build/sllidar_ros2' returned '0': CMAKE_PREFIX_PATH=${CMAKE_PREFIX_PATH}:/home/ubuntu/650610832_final/install/turtlebot3_lidar_control:/home/ubuntu/650610832_final/install/robot_control:/opt/ros/humble /usr/bin/cmake --build /home/ubuntu/650610832_final/build/sllidar_ros2 -- -j20 -l20
[0.212s] Invoking command in '/home/ubuntu/650610832_final/build/sllidar_ros2': CMAKE_PREFIX_PATH=${CMAKE_PREFIX_PATH}:/home/ubuntu/650610832_final/install/turtlebot3_lidar_control:/home/ubuntu/650610832_final/install/robot_control:/opt/ros/humble /usr/bin/cmake --install /home/ubuntu/650610832_final/build/sllidar_ros2
[0.218s] -- Install configuration: ""
[0.218s] -- Execute custom install script
[0.219s] -- Up-to-date symlink: /home/ubuntu/650610832_final/install/sllidar_ros2/share/sllidar_ros2/launch/sllidar_a1_launch.py
[0.219s] -- Up-to-date symlink: /home/ubuntu/650610832_final/install/sllidar_ros2/share/sllidar_ros2/launch/sllidar_a2m12_launch .py
[0.219s] -- Up-to-date symlink: /home/ubuntu/650610832_final/install/sllidar_ros2/share/sllidar_ros2/launch/sllidar_a2m7_launch.py
[0.219s] -- Up-to-date symlink: /home/ubuntu/650610832_final/install/sllidar_ros2/share/sllidar_ros2/launch/sllidar_a2m8_launch.py
[0.219s] -- Up-to-date symlink: /home/ubuntu/650610832_final/install/sllidar_ros2/share/sllidar_ros2/launch/sllidar_a3_launch.py
[0.219s] -- Up-to-date symlink: /home/ubuntu/650610832_final/install/sllidar_ros2/share/sllidar_ros2/launch/sllidar_c1_launch.py
[0.219s] -- Up-to-date symlink: /home/ubuntu/650610832_final/install/sllidar_ros2/share/sllidar_ros2/launch/sllidar_s1_launch.py
[0.219s] -- Up-to-date symlink: /home/ubuntu/650610832_final/install/sllidar_ros2/share/sllidar_ros2/launch/sllidar_s1_tcp_launch.py
[0.220s] -- Up-to-date symlink: /home/ubuntu/650610832_final/install/sllidar_ros2/share/sllidar_ros2/launch/sllidar_s2_launch.py
[0.220s] -- Up-to-date symlink: /home/ubuntu/650610832_final/install/sllidar_ros2/share/sllidar_ros2/launch/sllidar_s2e_launch.py
[0.220s] -- Up-to-date symlink: /home/ubuntu/650610832_final/install/sllidar_ros2/share/sllidar_ros2/launch/sllidar_s3_launch.py
[0.220s] -- Up-to-date symlink: /home/ubuntu/650610832_final/install/sllidar_ros2/share/sllidar_ros2/launch/sllidar_t1_launch.py
[0.220s] -- Up-to-date symlink: /home/ubuntu/650610832_final/install/sllidar_ros2/share/sllidar_ros2/launch/view_sllidar_a1_launch.py
[0.220s] -- Up-to-date symlink: /home/ubuntu/650610832_final/install/sllidar_ros2/share/sllidar_ros2/launch/view_sllidar_a2m12_launch.py
[0.220s] -- Up-to-date symlink: /home/ubuntu/650610832_final/install/sllidar_ros2/share/sllidar_ros2/launch/view_sllidar_a2m7_launch.py
[0.220s] -- Up-to-date symlink: /home/ubuntu/650610832_final/install/sllidar_ros2/share/sllidar_ros2/launch/view_sllidar_a2m8_launch.py
[0.220s] -- Up-to-date symlink: /home/ubuntu/650610832_final/install/sllidar_ros2/share/sllidar_ros2/launch/view_sllidar_a3_launch.py
[0.220s] -- Up-to-date symlink: /home/ubuntu/650610832_final/install/sllidar_ros2/share/sllidar_ros2/launch/view_sllidar_c1_launch.py
[0.220s] -- Up-to-date symlink: /home/ubuntu/650610832_final/install/sllidar_ros2/share/sllidar_ros2/launch/view_sllidar_s1_launch.py
[0.221s] -- Up-to-date symlink: /home/ubuntu/650610832_final/install/sllidar_ros2/share/sllidar_ros2/launch/view_sllidar_s1_tcp_launch.py
[0.221s] -- Up-to-date symlink: /home/ubuntu/650610832_final/install/sllidar_ros2/share/sllidar_ros2/launch/view_sllidar_s2_launch.py
[0.221s] -- Up-to-date symlink: /home/ubuntu/650610832_final/install/sllidar_ros2/share/sllidar_ros2/launch/view_sllidar_s2e_launch.py
[0.221s] -- Up-to-date symlink: /home/ubuntu/650610832_final/install/sllidar_ros2/share/sllidar_ros2/launch/view_sllidar_s3_launch.py
[0.221s] -- Up-to-date symlink: /home/ubuntu/650610832_final/install/sllidar_ros2/share/sllidar_ros2/launch/view_sllidar_t1_launch.py
[0.221s] -- Up-to-date symlink: /home/ubuntu/650610832_final/install/sllidar_ros2/share/sllidar_ros2/rviz/sllidar_ros2.rviz
[0.221s] -- Up-to-date symlink: /home/ubuntu/650610832_final/install/sllidar_ros2/lib/sllidar_ros2/sllidar_node
[0.222s] -- Up-to-date symlink: /home/ubuntu/650610832_final/install/sllidar_ros2/lib/sllidar_ros2/sllidar_client
[0.222s] -- Up-to-date symlink: /home/ubuntu/650610832_final/install/sllidar_ros2/share/ament_index/resource_index/package_run_dependencies/sllidar_ros2
[0.222s] -- Up-to-date symlink: /home/ubuntu/650610832_final/install/sllidar_ros2/share/ament_index/resource_index/parent_prefix_path/sllidar_ros2
[0.222s] -- Up-to-date symlink: /home/ubuntu/650610832_final/install/sllidar_ros2/share/sllidar_ros2/environment/ament_prefix_path.sh
[0.222s] -- Up-to-date symlink: /home/ubuntu/650610832_final/install/sllidar_ros2/share/sllidar_ros2/environment/ament_prefix_path.dsv
[0.222s] -- Up-to-date symlink: /home/ubuntu/650610832_final/install/sllidar_ros2/share/sllidar_ros2/environment/path.sh
[0.222s] -- Up-to-date symlink: /home/ubuntu/650610832_final/install/sllidar_ros2/share/sllidar_ros2/environment/path.dsv
[0.223s] -- Up-to-date symlink: /home/ubuntu/650610832_final/install/sllidar_ros2/share/sllidar_ros2/local_setup.bash
[0.223s] -- Up-to-date symlink: /home/ubuntu/650610832_final/install/sllidar_ros2/share/sllidar_ros2/local_setup.sh
[0.223s] -- Up-to-date symlink: /home/ubuntu/650610832_final/install/sllidar_ros2/share/sllidar_ros2/local_setup.zsh
[0.223s] -- Up-to-date symlink: /home/ubuntu/650610832_final/install/sllidar_ros2/share/sllidar_ros2/local_setup.dsv
[0.223s] -- Symlinking: /home/ubuntu/650610832_final/install/sllidar_ros2/share/sllidar_ros2/package.dsv
[0.230s] -- Up-to-date symlink: /home/ubuntu/650610832_final/install/sllidar_ros2/share/ament_index/resource_index/packages/sllidar_ros2
[0.230s] -- Up-to-date symlink: /home/ubuntu/650610832_final/install/sllidar_ros2/share/sllidar_ros2/cmake/ament_cmake_export_dependencies-extras.cmake
[0.230s] -- Up-to-date symlink: /home/ubuntu/650610832_final/install/sllidar_ros2/share/sllidar_ros2/cmake/ament_cmake_export_include_directories-extras.cmake
[0.230s] -- Up-to-date symlink: /home/ubuntu/650610832_final/install/sllidar_ros2/share/sllidar_ros2/cmake/sllidar_ros2Config.cmake
[0.230s] -- Up-to-date symlink: /home/ubuntu/650610832_final/install/sllidar_ros2/share/sllidar_ros2/cmake/sllidar_ros2Config-version.cmake
[0.230s] -- Up-to-date symlink: /home/ubuntu/650610832_final/install/sllidar_ros2/share/sllidar_ros2/package.xml
[0.231s] Invoked command in '/home/ubuntu/650610832_final/build/sllidar_ros2' returned '0': CMAKE_PREFIX_PATH=${CMAKE_PREFIX_PATH}:/home/ubuntu/650610832_final/install/turtlebot3_lidar_control:/home/ubuntu/650610832_final/install/robot_control:/opt/ros/humble /usr/bin/cmake --install /home/ubuntu/650610832_final/build/sllidar_ros2
