[0.343s] Invoking command in '/home/ubuntu/650610832_final/build/turtlebot3_lidar_control': PYTHONPATH=/home/ubuntu/650610832_final/build/turtlebot3_lidar_control/prefix_override:/usr/lib/python3/dist-packages/colcon_core/task/python/colcon_distutils_commands:/home/ubuntu/650610832_final/install/turtlebot3_lidar_control/lib/python3.10/site-packages:${PYTHONPATH} /usr/bin/python3 -W ignore:setup.py install is deprecated -W ignore:easy_install command is deprecated setup.py develop --editable --build-directory /home/ubuntu/650610832_final/build/turtlebot3_lidar_control/build --no-deps symlink_data
[0.486s] running develop
[0.566s] running egg_info
[0.566s] creating src/turtlebot3_lidar_control.egg-info
[0.567s] writing src/turtlebot3_lidar_control.egg-info/PKG-INFO
[0.567s] writing dependency_links to src/turtlebot3_lidar_control.egg-info/dependency_links.txt
[0.567s] writing entry points to src/turtlebot3_lidar_control.egg-info/entry_points.txt
[0.567s] writing requirements to src/turtlebot3_lidar_control.egg-info/requires.txt
[0.567s] writing top-level names to src/turtlebot3_lidar_control.egg-info/top_level.txt
[0.567s] writing manifest file 'src/turtlebot3_lidar_control.egg-info/SOURCES.txt'
[0.568s] reading manifest file 'src/turtlebot3_lidar_control.egg-info/SOURCES.txt'
[0.568s] writing manifest file 'src/turtlebot3_lidar_control.egg-info/SOURCES.txt'
[0.569s] running build_ext
[0.570s] Creating /home/ubuntu/650610832_final/install/turtlebot3_lidar_control/lib/python3.10/site-packages/turtlebot3-lidar-control.egg-link (link to src)
[0.570s] Installing server_node script to /home/ubuntu/650610832_final/install/turtlebot3_lidar_control/lib/turtlebot3_lidar_control
[0.570s] Installing service_node script to /home/ubuntu/650610832_final/install/turtlebot3_lidar_control/lib/turtlebot3_lidar_control
[0.570s] 
[0.570s] Installed /home/ubuntu/650610832_final/build/turtlebot3_lidar_control/src
[0.570s] running symlink_data
[0.570s] creating /home/ubuntu/650610832_final/install/turtlebot3_lidar_control/share/ament_index
[0.570s] creating /home/ubuntu/650610832_final/install/turtlebot3_lidar_control/share/ament_index/resource_index
[0.570s] creating /home/ubuntu/650610832_final/install/turtlebot3_lidar_control/share/ament_index/resource_index/packages
[0.570s] symbolically linking /home/ubuntu/650610832_final/build/turtlebot3_lidar_control/resource/turtlebot3_lidar_control -> /home/ubuntu/650610832_final/install/turtlebot3_lidar_control/share/ament_index/resource_index/packages
[0.570s] symbolically linking /home/ubuntu/650610832_final/build/turtlebot3_lidar_control/package.xml -> /home/ubuntu/650610832_final/install/turtlebot3_lidar_control/share/turtlebot3_lidar_control
[0.570s] creating /home/ubuntu/650610832_final/install/turtlebot3_lidar_control/share/turtlebot3_lidar_control/srv
[0.571s] symbolically linking /home/ubuntu/650610832_final/build/turtlebot3_lidar_control/srv/StopWithObstacle.srv -> /home/ubuntu/650610832_final/install/turtlebot3_lidar_control/share/turtlebot3_lidar_control/srv
[0.587s] Invoked command in '/home/ubuntu/650610832_final/build/turtlebot3_lidar_control' returned '0': PYTHONPATH=/home/ubuntu/650610832_final/build/turtlebot3_lidar_control/prefix_override:/usr/lib/python3/dist-packages/colcon_core/task/python/colcon_distutils_commands:/home/ubuntu/650610832_final/install/turtlebot3_lidar_control/lib/python3.10/site-packages:${PYTHONPATH} /usr/bin/python3 -W ignore:setup.py install is deprecated -W ignore:easy_install command is deprecated setup.py develop --editable --build-directory /home/ubuntu/650610832_final/build/turtlebot3_lidar_control/build --no-deps symlink_data
