[0.052s] DEBUG:colcon:Command line arguments: ['/usr/bin/colcon', 'build']
[0.052s] DEBUG:colcon:Parsed command line arguments: Namespace(log_base=None, log_level=None, verb_name='build', build_base='build', install_base='install', merge_install=False, symlink_install=False, test_result_base=None, continue_on_error=False, executor='parallel', parallel_workers=20, event_handlers=None, ignore_user_meta=False, metas=['./colcon.meta'], base_paths=['.'], packages_ignore=None, packages_ignore_regex=None, paths=None, packages_up_to=None, packages_up_to_regex=None, packages_above=None, packages_above_and_dependencies=None, packages_above_depth=None, packages_select_by_dep=None, packages_skip_by_dep=None, packages_skip_up_to=None, packages_select_build_failed=False, packages_skip_build_finished=False, packages_select_test_failures=False, packages_skip_test_passed=False, packages_select=None, packages_skip=None, packages_select_regex=None, packages_skip_regex=None, packages_start=None, packages_end=None, allow_overriding=[], cmake_args=None, cmake_target=None, cmake_target_skip_unavailable=False, cmake_clean_cache=False, cmake_clean_first=False, cmake_force_configure=False, ament_cmake_args=None, catkin_cmake_args=None, catkin_skip_building_tests=False, verb_parser=<colcon_defaults.argument_parser.defaults.DefaultArgumentsDecorator object at 0x75c1bbf69120>, verb_extension=<colcon_core.verb.build.BuildVerb object at 0x75c1bbf68be0>, main=<bound method BuildVerb.main of <colcon_core.verb.build.BuildVerb object at 0x75c1bbf68be0>>)
[0.132s] Level 1:colcon.colcon_core.package_discovery:discover_packages(colcon_meta) check parameters
[0.132s] Level 1:colcon.colcon_core.package_discovery:discover_packages(recursive) check parameters
[0.132s] Level 1:colcon.colcon_core.package_discovery:discover_packages(ignore) check parameters
[0.132s] Level 1:colcon.colcon_core.package_discovery:discover_packages(path) check parameters
[0.132s] Level 1:colcon.colcon_core.package_discovery:discover_packages(colcon_meta) discover
[0.132s] Level 1:colcon.colcon_core.package_discovery:discover_packages(recursive) discover
[0.132s] INFO:colcon.colcon_core.package_discovery:Crawling recursively for packages in '/home/ubuntu/650610832_final'
[0.132s] Level 1:colcon.colcon_core.package_identification:_identify(.) by extensions ['ignore', 'ignore_ament_install']
[0.132s] Level 1:colcon.colcon_core.package_identification:_identify(.) by extension 'ignore'
[0.132s] Level 1:colcon.colcon_core.package_identification:_identify(.) by extension 'ignore_ament_install'
[0.132s] Level 1:colcon.colcon_core.package_identification:_identify(.) by extensions ['colcon_pkg']
[0.132s] Level 1:colcon.colcon_core.package_identification:_identify(.) by extension 'colcon_pkg'
[0.132s] Level 1:colcon.colcon_core.package_identification:_identify(.) by extensions ['colcon_meta']
[0.132s] Level 1:colcon.colcon_core.package_identification:_identify(.) by extension 'colcon_meta'
[0.132s] Level 1:colcon.colcon_core.package_identification:_identify(.) by extensions ['ros']
[0.132s] Level 1:colcon.colcon_core.package_identification:_identify(.) by extension 'ros'
[0.138s] Level 1:colcon.colcon_core.package_identification:_identify(.) by extensions ['cmake', 'python']
[0.138s] Level 1:colcon.colcon_core.package_identification:_identify(.) by extension 'cmake'
[0.138s] Level 1:colcon.colcon_core.package_identification:_identify(.) by extension 'python'
[0.138s] Level 1:colcon.colcon_core.package_identification:_identify(.) by extensions ['python_setup_py']
[0.138s] Level 1:colcon.colcon_core.package_identification:_identify(.) by extension 'python_setup_py'
[0.138s] Level 1:colcon.colcon_core.package_identification:_identify(build) by extensions ['ignore', 'ignore_ament_install']
[0.138s] Level 1:colcon.colcon_core.package_identification:_identify(build) by extension 'ignore'
[0.138s] Level 1:colcon.colcon_core.package_identification:_identify(build) ignored
[0.138s] Level 1:colcon.colcon_core.package_identification:_identify(install) by extensions ['ignore', 'ignore_ament_install']
[0.138s] Level 1:colcon.colcon_core.package_identification:_identify(install) by extension 'ignore'
[0.138s] Level 1:colcon.colcon_core.package_identification:_identify(install) ignored
[0.138s] Level 1:colcon.colcon_core.package_identification:_identify(log) by extensions ['ignore', 'ignore_ament_install']
[0.138s] Level 1:colcon.colcon_core.package_identification:_identify(log) by extension 'ignore'
[0.138s] Level 1:colcon.colcon_core.package_identification:_identify(log) ignored
[0.138s] Level 1:colcon.colcon_core.package_identification:_identify(src) by extensions ['ignore', 'ignore_ament_install']
[0.138s] Level 1:colcon.colcon_core.package_identification:_identify(src) by extension 'ignore'
[0.138s] Level 1:colcon.colcon_core.package_identification:_identify(src) by extension 'ignore_ament_install'
[0.139s] Level 1:colcon.colcon_core.package_identification:_identify(src) by extensions ['colcon_pkg']
[0.139s] Level 1:colcon.colcon_core.package_identification:_identify(src) by extension 'colcon_pkg'
[0.139s] Level 1:colcon.colcon_core.package_identification:_identify(src) by extensions ['colcon_meta']
[0.139s] Level 1:colcon.colcon_core.package_identification:_identify(src) by extension 'colcon_meta'
[0.139s] Level 1:colcon.colcon_core.package_identification:_identify(src) by extensions ['ros']
[0.139s] Level 1:colcon.colcon_core.package_identification:_identify(src) by extension 'ros'
[0.139s] Level 1:colcon.colcon_core.package_identification:_identify(src) by extensions ['cmake', 'python']
[0.139s] Level 1:colcon.colcon_core.package_identification:_identify(src) by extension 'cmake'
[0.139s] Level 1:colcon.colcon_core.package_identification:_identify(src) by extension 'python'
[0.139s] Level 1:colcon.colcon_core.package_identification:_identify(src) by extensions ['python_setup_py']
[0.139s] Level 1:colcon.colcon_core.package_identification:_identify(src) by extension 'python_setup_py'
[0.139s] Level 1:colcon.colcon_core.package_identification:_identify(src/robot_control) by extensions ['ignore', 'ignore_ament_install']
[0.139s] Level 1:colcon.colcon_core.package_identification:_identify(src/robot_control) by extension 'ignore'
[0.139s] Level 1:colcon.colcon_core.package_identification:_identify(src/robot_control) by extension 'ignore_ament_install'
[0.139s] Level 1:colcon.colcon_core.package_identification:_identify(src/robot_control) by extensions ['colcon_pkg']
[0.139s] Level 1:colcon.colcon_core.package_identification:_identify(src/robot_control) by extension 'colcon_pkg'
[0.139s] Level 1:colcon.colcon_core.package_identification:_identify(src/robot_control) by extensions ['colcon_meta']
[0.139s] Level 1:colcon.colcon_core.package_identification:_identify(src/robot_control) by extension 'colcon_meta'
[0.139s] Level 1:colcon.colcon_core.package_identification:_identify(src/robot_control) by extensions ['ros']
[0.139s] Level 1:colcon.colcon_core.package_identification:_identify(src/robot_control) by extension 'ros'
[0.140s] DEBUG:colcon.colcon_core.package_identification:Package 'src/robot_control' with type 'ros.ament_python' and name 'robot_control'
[0.140s] Level 1:colcon.colcon_core.package_identification:_identify(src/sllidar_ros2) by extensions ['ignore', 'ignore_ament_install']
[0.140s] Level 1:colcon.colcon_core.package_identification:_identify(src/sllidar_ros2) by extension 'ignore'
[0.140s] Level 1:colcon.colcon_core.package_identification:_identify(src/sllidar_ros2) by extension 'ignore_ament_install'
[0.140s] Level 1:colcon.colcon_core.package_identification:_identify(src/sllidar_ros2) by extensions ['colcon_pkg']
[0.140s] Level 1:colcon.colcon_core.package_identification:_identify(src/sllidar_ros2) by extension 'colcon_pkg'
[0.140s] Level 1:colcon.colcon_core.package_identification:_identify(src/sllidar_ros2) by extensions ['colcon_meta']
[0.140s] Level 1:colcon.colcon_core.package_identification:_identify(src/sllidar_ros2) by extension 'colcon_meta'
[0.140s] Level 1:colcon.colcon_core.package_identification:_identify(src/sllidar_ros2) by extensions ['ros']
[0.140s] Level 1:colcon.colcon_core.package_identification:_identify(src/sllidar_ros2) by extension 'ros'
[0.141s] DEBUG:colcon.colcon_core.package_identification:Package 'src/sllidar_ros2' with type 'ros.ament_cmake' and name 'sllidar_ros2'
[0.141s] Level 1:colcon.colcon_core.package_discovery:discover_packages(recursive) using defaults
[0.141s] Level 1:colcon.colcon_core.package_discovery:discover_packages(ignore) discover
[0.141s] Level 1:colcon.colcon_core.package_discovery:discover_packages(ignore) using defaults
[0.141s] Level 1:colcon.colcon_core.package_discovery:discover_packages(path) discover
[0.141s] Level 1:colcon.colcon_core.package_discovery:discover_packages(path) using defaults
[0.157s] Level 1:colcon.colcon_core.package_discovery:discover_packages(prefix_path) check parameters
[0.157s] Level 1:colcon.colcon_core.package_discovery:discover_packages(prefix_path) discover
[0.157s] DEBUG:colcon.colcon_installed_package_information.package_discovery:Found 3 installed packages in /home/ubuntu/650610832_final/install
[0.158s] DEBUG:colcon.colcon_installed_package_information.package_discovery:Found 363 installed packages in /opt/ros/humble
[0.159s] Level 1:colcon.colcon_core.package_discovery:discover_packages(prefix_path) using defaults
[0.180s] Level 5:colcon.colcon_core.verb:set package 'robot_control' build argument 'cmake_args' from command line to 'None'
[0.180s] Level 5:colcon.colcon_core.verb:set package 'robot_control' build argument 'cmake_target' from command line to 'None'
[0.180s] Level 5:colcon.colcon_core.verb:set package 'robot_control' build argument 'cmake_target_skip_unavailable' from command line to 'False'
[0.180s] Level 5:colcon.colcon_core.verb:set package 'robot_control' build argument 'cmake_clean_cache' from command line to 'False'
[0.180s] Level 5:colcon.colcon_core.verb:set package 'robot_control' build argument 'cmake_clean_first' from command line to 'False'
[0.180s] Level 5:colcon.colcon_core.verb:set package 'robot_control' build argument 'cmake_force_configure' from command line to 'False'
[0.180s] Level 5:colcon.colcon_core.verb:set package 'robot_control' build argument 'ament_cmake_args' from command line to 'None'
[0.180s] Level 5:colcon.colcon_core.verb:set package 'robot_control' build argument 'catkin_cmake_args' from command line to 'None'
[0.180s] Level 5:colcon.colcon_core.verb:set package 'robot_control' build argument 'catkin_skip_building_tests' from command line to 'False'
[0.180s] DEBUG:colcon.colcon_core.verb:Building package 'robot_control' with the following arguments: {'ament_cmake_args': None, 'build_base': '/home/ubuntu/650610832_final/build/robot_control', 'catkin_cmake_args': None, 'catkin_skip_building_tests': False, 'cmake_args': None, 'cmake_clean_cache': False, 'cmake_clean_first': False, 'cmake_force_configure': False, 'cmake_target': None, 'cmake_target_skip_unavailable': False, 'install_base': '/home/ubuntu/650610832_final/install/robot_control', 'merge_install': False, 'path': '/home/ubuntu/650610832_final/src/robot_control', 'symlink_install': False, 'test_result_base': None}
[0.180s] Level 5:colcon.colcon_core.verb:set package 'sllidar_ros2' build argument 'cmake_args' from command line to 'None'
[0.180s] Level 5:colcon.colcon_core.verb:set package 'sllidar_ros2' build argument 'cmake_target' from command line to 'None'
[0.180s] Level 5:colcon.colcon_core.verb:set package 'sllidar_ros2' build argument 'cmake_target_skip_unavailable' from command line to 'False'
[0.180s] Level 5:colcon.colcon_core.verb:set package 'sllidar_ros2' build argument 'cmake_clean_cache' from command line to 'False'
[0.180s] Level 5:colcon.colcon_core.verb:set package 'sllidar_ros2' build argument 'cmake_clean_first' from command line to 'False'
[0.180s] Level 5:colcon.colcon_core.verb:set package 'sllidar_ros2' build argument 'cmake_force_configure' from command line to 'False'
[0.180s] Level 5:colcon.colcon_core.verb:set package 'sllidar_ros2' build argument 'ament_cmake_args' from command line to 'None'
[0.180s] Level 5:colcon.colcon_core.verb:set package 'sllidar_ros2' build argument 'catkin_cmake_args' from command line to 'None'
[0.180s] Level 5:colcon.colcon_core.verb:set package 'sllidar_ros2' build argument 'catkin_skip_building_tests' from command line to 'False'
[0.180s] DEBUG:colcon.colcon_core.verb:Building package 'sllidar_ros2' with the following arguments: {'ament_cmake_args': None, 'build_base': '/home/ubuntu/650610832_final/build/sllidar_ros2', 'catkin_cmake_args': None, 'catkin_skip_building_tests': False, 'cmake_args': None, 'cmake_clean_cache': False, 'cmake_clean_first': False, 'cmake_force_configure': False, 'cmake_target': None, 'cmake_target_skip_unavailable': False, 'install_base': '/home/ubuntu/650610832_final/install/sllidar_ros2', 'merge_install': False, 'path': '/home/ubuntu/650610832_final/src/sllidar_ros2', 'symlink_install': False, 'test_result_base': None}
[0.181s] INFO:colcon.colcon_core.executor:Executing jobs using 'parallel' executor
[0.181s] DEBUG:colcon.colcon_parallel_executor.executor.parallel:run_until_complete
[0.182s] INFO:colcon.colcon_ros.task.ament_python.build:Building ROS package in '/home/ubuntu/650610832_final/src/robot_control' with build type 'ament_python'
[0.182s] Level 1:colcon.colcon_core.shell:create_environment_hook('robot_control', 'ament_prefix_path')
[0.183s] INFO:colcon.colcon_core.plugin_system:Skipping extension 'colcon_core.shell.bat': Not used on non-Windows systems
[0.183s] INFO:colcon.colcon_core.shell:Creating environment hook '/home/ubuntu/650610832_final/install/robot_control/share/robot_control/hook/ament_prefix_path.ps1'
[0.183s] INFO:colcon.colcon_core.shell:Creating environment descriptor '/home/ubuntu/650610832_final/install/robot_control/share/robot_control/hook/ament_prefix_path.dsv'
[0.183s] INFO:colcon.colcon_core.shell:Creating environment hook '/home/ubuntu/650610832_final/install/robot_control/share/robot_control/hook/ament_prefix_path.sh'
[0.184s] INFO:colcon.colcon_core.shell:Skip shell extension 'powershell' for command environment: Not usable outside of PowerShell
[0.184s] DEBUG:colcon.colcon_core.shell:Skip shell extension 'dsv' for command environment
[0.186s] INFO:colcon.colcon_ros.task.ament_cmake.build:Building ROS package in '/home/ubuntu/650610832_final/src/sllidar_ros2' with build type 'ament_cmake'
[0.186s] INFO:colcon.colcon_cmake.task.cmake.build:Building CMake package in '/home/ubuntu/650610832_final/src/sllidar_ros2'
[0.186s] INFO:colcon.colcon_core.shell:Skip shell extension 'powershell' for command environment: Not usable outside of PowerShell
[0.186s] DEBUG:colcon.colcon_core.shell:Skip shell extension 'dsv' for command environment
[0.319s] INFO:colcon.colcon_core.task.python.build:Building Python package in '/home/ubuntu/650610832_final/src/robot_control'
[0.319s] INFO:colcon.colcon_core.shell:Skip shell extension 'powershell' for command environment: Not usable outside of PowerShell
[0.319s] DEBUG:colcon.colcon_core.shell:Skip shell extension 'dsv' for command environment
[0.324s] DEBUG:colcon.colcon_core.event_handler.log_command:Invoking command in '/home/ubuntu/650610832_final/build/sllidar_ros2': CMAKE_PREFIX_PATH=${CMAKE_PREFIX_PATH}:/home/ubuntu/650610832_final/install/turtlebot3_lidar_control:/home/ubuntu/650610832_final/install/robot_control:/opt/ros/humble /usr/bin/cmake /home/ubuntu/650610832_final/src/sllidar_ros2 -DCMAKE_INSTALL_PREFIX=/home/ubuntu/650610832_final/install/sllidar_ros2
[0.513s] DEBUG:colcon.colcon_core.event_handler.log_command:Invoking command in '/home/ubuntu/650610832_final/build/robot_control': PYTHONPATH=/home/ubuntu/650610832_final/build/robot_control/prefix_override:/usr/lib/python3/dist-packages/colcon_core/task/python/colcon_distutils_commands:/home/ubuntu/650610832_final/install/robot_control/lib/python3.10/site-packages:${PYTHONPATH} /usr/bin/python3 -W ignore:setup.py install is deprecated -W ignore:easy_install command is deprecated setup.py develop --uninstall --editable --build-directory /home/ubuntu/650610832_final/build/robot_control/build
[0.630s] DEBUG:colcon.colcon_core.event_handler.log_command:Invoked command in '/home/ubuntu/650610832_final/build/sllidar_ros2' returned '0': CMAKE_PREFIX_PATH=${CMAKE_PREFIX_PATH}:/home/ubuntu/650610832_final/install/turtlebot3_lidar_control:/home/ubuntu/650610832_final/install/robot_control:/opt/ros/humble /usr/bin/cmake /home/ubuntu/650610832_final/src/sllidar_ros2 -DCMAKE_INSTALL_PREFIX=/home/ubuntu/650610832_final/install/sllidar_ros2
[0.630s] DEBUG:colcon.colcon_core.event_handler.log_command:Invoking command in '/home/ubuntu/650610832_final/build/sllidar_ros2': CMAKE_PREFIX_PATH=${CMAKE_PREFIX_PATH}:/home/ubuntu/650610832_final/install/turtlebot3_lidar_control:/home/ubuntu/650610832_final/install/robot_control:/opt/ros/humble /usr/bin/cmake --build /home/ubuntu/650610832_final/build/sllidar_ros2 -- -j20 -l20
[0.706s] DEBUG:colcon.colcon_core.event_handler.log_command:Invoked command in '/home/ubuntu/650610832_final/build/sllidar_ros2' returned '0': CMAKE_PREFIX_PATH=${CMAKE_PREFIX_PATH}:/home/ubuntu/650610832_final/install/turtlebot3_lidar_control:/home/ubuntu/650610832_final/install/robot_control:/opt/ros/humble /usr/bin/cmake --build /home/ubuntu/650610832_final/build/sllidar_ros2 -- -j20 -l20
[0.713s] DEBUG:colcon.colcon_core.event_handler.log_command:Invoking command in '/home/ubuntu/650610832_final/build/sllidar_ros2': CMAKE_PREFIX_PATH=${CMAKE_PREFIX_PATH}:/home/ubuntu/650610832_final/install/turtlebot3_lidar_control:/home/ubuntu/650610832_final/install/robot_control:/opt/ros/humble /usr/bin/cmake --install /home/ubuntu/650610832_final/build/sllidar_ros2
[0.730s] Level 1:colcon.colcon_core.environment:create_environment_scripts_only(sllidar_ros2)
[0.730s] DEBUG:colcon.colcon_core.event_handler.log_command:Invoked command in '/home/ubuntu/650610832_final/build/sllidar_ros2' returned '0': CMAKE_PREFIX_PATH=${CMAKE_PREFIX_PATH}:/home/ubuntu/650610832_final/install/turtlebot3_lidar_control:/home/ubuntu/650610832_final/install/robot_control:/opt/ros/humble /usr/bin/cmake --install /home/ubuntu/650610832_final/build/sllidar_ros2
[0.731s] Level 1:colcon.colcon_core.environment:checking '/home/ubuntu/650610832_final/install/sllidar_ros2' for CMake module files
[0.732s] Level 1:colcon.colcon_core.environment:checking '/home/ubuntu/650610832_final/install/sllidar_ros2' for CMake config files
[0.732s] Level 1:colcon.colcon_core.shell:create_environment_hook('sllidar_ros2', 'cmake_prefix_path')
[0.732s] INFO:colcon.colcon_core.shell:Creating environment hook '/home/ubuntu/650610832_final/install/sllidar_ros2/share/sllidar_ros2/hook/cmake_prefix_path.ps1'
[0.732s] INFO:colcon.colcon_core.shell:Creating environment descriptor '/home/ubuntu/650610832_final/install/sllidar_ros2/share/sllidar_ros2/hook/cmake_prefix_path.dsv'
[0.733s] INFO:colcon.colcon_core.shell:Creating environment hook '/home/ubuntu/650610832_final/install/sllidar_ros2/share/sllidar_ros2/hook/cmake_prefix_path.sh'
[0.733s] Level 1:colcon.colcon_core.environment:checking '/home/ubuntu/650610832_final/install/sllidar_ros2/lib'
[0.733s] Level 1:colcon.colcon_core.environment:checking '/home/ubuntu/650610832_final/install/sllidar_ros2/bin'
[0.733s] Level 1:colcon.colcon_core.environment:checking '/home/ubuntu/650610832_final/install/sllidar_ros2/lib/pkgconfig/sllidar_ros2.pc'
[0.733s] Level 1:colcon.colcon_core.environment:checking '/home/ubuntu/650610832_final/install/sllidar_ros2/lib/python3.10/site-packages'
[0.733s] Level 1:colcon.colcon_core.environment:checking '/home/ubuntu/650610832_final/install/sllidar_ros2/bin'
[0.733s] INFO:colcon.colcon_core.shell:Creating package script '/home/ubuntu/650610832_final/install/sllidar_ros2/share/sllidar_ros2/package.ps1'
[0.734s] INFO:colcon.colcon_core.shell:Creating package descriptor '/home/ubuntu/650610832_final/install/sllidar_ros2/share/sllidar_ros2/package.dsv'
[0.734s] INFO:colcon.colcon_core.shell:Creating package script '/home/ubuntu/650610832_final/install/sllidar_ros2/share/sllidar_ros2/package.sh'
[0.735s] INFO:colcon.colcon_core.shell:Creating package script '/home/ubuntu/650610832_final/install/sllidar_ros2/share/sllidar_ros2/package.bash'
[0.735s] INFO:colcon.colcon_core.shell:Creating package script '/home/ubuntu/650610832_final/install/sllidar_ros2/share/sllidar_ros2/package.zsh'
[0.735s] Level 1:colcon.colcon_core.environment:create_file_with_runtime_dependencies(/home/ubuntu/650610832_final/install/sllidar_ros2/share/colcon-core/packages/sllidar_ros2)
[0.736s] Level 1:colcon.colcon_core.environment:create_environment_scripts_only(sllidar_ros2)
[0.736s] Level 1:colcon.colcon_core.environment:checking '/home/ubuntu/650610832_final/install/sllidar_ros2' for CMake module files
[0.736s] Level 1:colcon.colcon_core.environment:checking '/home/ubuntu/650610832_final/install/sllidar_ros2' for CMake config files
[0.736s] Level 1:colcon.colcon_core.shell:create_environment_hook('sllidar_ros2', 'cmake_prefix_path')
[0.736s] INFO:colcon.colcon_core.shell:Creating environment hook '/home/ubuntu/650610832_final/install/sllidar_ros2/share/sllidar_ros2/hook/cmake_prefix_path.ps1'
[0.736s] INFO:colcon.colcon_core.shell:Creating environment descriptor '/home/ubuntu/650610832_final/install/sllidar_ros2/share/sllidar_ros2/hook/cmake_prefix_path.dsv'
[0.737s] INFO:colcon.colcon_core.shell:Creating environment hook '/home/ubuntu/650610832_final/install/sllidar_ros2/share/sllidar_ros2/hook/cmake_prefix_path.sh'
[0.737s] Level 1:colcon.colcon_core.environment:checking '/home/ubuntu/650610832_final/install/sllidar_ros2/lib'
[0.737s] Level 1:colcon.colcon_core.environment:checking '/home/ubuntu/650610832_final/install/sllidar_ros2/bin'
[0.737s] Level 1:colcon.colcon_core.environment:checking '/home/ubuntu/650610832_final/install/sllidar_ros2/lib/pkgconfig/sllidar_ros2.pc'
[0.737s] Level 1:colcon.colcon_core.environment:checking '/home/ubuntu/650610832_final/install/sllidar_ros2/lib/python3.10/site-packages'
[0.737s] Level 1:colcon.colcon_core.environment:checking '/home/ubuntu/650610832_final/install/sllidar_ros2/bin'
[0.737s] INFO:colcon.colcon_core.shell:Creating package script '/home/ubuntu/650610832_final/install/sllidar_ros2/share/sllidar_ros2/package.ps1'
[0.738s] INFO:colcon.colcon_core.shell:Creating package descriptor '/home/ubuntu/650610832_final/install/sllidar_ros2/share/sllidar_ros2/package.dsv'
[0.738s] INFO:colcon.colcon_core.shell:Creating package script '/home/ubuntu/650610832_final/install/sllidar_ros2/share/sllidar_ros2/package.sh'
[0.738s] INFO:colcon.colcon_core.shell:Creating package script '/home/ubuntu/650610832_final/install/sllidar_ros2/share/sllidar_ros2/package.bash'
[0.738s] INFO:colcon.colcon_core.shell:Creating package script '/home/ubuntu/650610832_final/install/sllidar_ros2/share/sllidar_ros2/package.zsh'
[0.738s] Level 1:colcon.colcon_core.environment:create_file_with_runtime_dependencies(/home/ubuntu/650610832_final/install/sllidar_ros2/share/colcon-core/packages/sllidar_ros2)
[0.757s] DEBUG:colcon.colcon_core.event_handler.log_command:Invoked command in '/home/ubuntu/650610832_final/build/robot_control' returned '0': PYTHONPATH=/home/ubuntu/650610832_final/build/robot_control/prefix_override:/usr/lib/python3/dist-packages/colcon_core/task/python/colcon_distutils_commands:/home/ubuntu/650610832_final/install/robot_control/lib/python3.10/site-packages:${PYTHONPATH} /usr/bin/python3 -W ignore:setup.py install is deprecated -W ignore:easy_install command is deprecated setup.py develop --uninstall --editable --build-directory /home/ubuntu/650610832_final/build/robot_control/build
[0.758s] DEBUG:colcon.colcon_core.event_handler.log_command:Invoking command in '/home/ubuntu/650610832_final/src/robot_control': PYTHONPATH=/home/ubuntu/650610832_final/build/robot_control/prefix_override:/usr/lib/python3/dist-packages/colcon_core/task/python/colcon_distutils_commands:/home/ubuntu/650610832_final/install/robot_control/lib/python3.10/site-packages:${PYTHONPATH} /usr/bin/python3 -W ignore:setup.py install is deprecated -W ignore:easy_install command is deprecated setup.py egg_info --egg-base ../../build/robot_control build --build-base /home/ubuntu/650610832_final/build/robot_control/build install --record /home/ubuntu/650610832_final/build/robot_control/install.log --single-version-externally-managed install_data --force
[0.908s] Level 1:colcon.colcon_core.environment:checking '/home/ubuntu/650610832_final/install/robot_control' for CMake module files
[0.909s] DEBUG:colcon.colcon_core.event_handler.log_command:Invoked command in '/home/ubuntu/650610832_final/src/robot_control' returned '0': PYTHONPATH=/home/ubuntu/650610832_final/build/robot_control/prefix_override:/usr/lib/python3/dist-packages/colcon_core/task/python/colcon_distutils_commands:/home/ubuntu/650610832_final/install/robot_control/lib/python3.10/site-packages:${PYTHONPATH} /usr/bin/python3 -W ignore:setup.py install is deprecated -W ignore:easy_install command is deprecated setup.py egg_info --egg-base ../../build/robot_control build --build-base /home/ubuntu/650610832_final/build/robot_control/build install --record /home/ubuntu/650610832_final/build/robot_control/install.log --single-version-externally-managed install_data --force
[0.909s] Level 1:colcon.colcon_core.environment:checking '/home/ubuntu/650610832_final/install/robot_control' for CMake config files
[0.909s] Level 1:colcon.colcon_core.environment:checking '/home/ubuntu/650610832_final/install/robot_control/lib'
[0.909s] Level 1:colcon.colcon_core.environment:checking '/home/ubuntu/650610832_final/install/robot_control/bin'
[0.909s] Level 1:colcon.colcon_core.environment:checking '/home/ubuntu/650610832_final/install/robot_control/lib/pkgconfig/robot_control.pc'
[0.909s] Level 1:colcon.colcon_core.environment:checking '/home/ubuntu/650610832_final/install/robot_control/lib/python3.10/site-packages'
[0.909s] Level 1:colcon.colcon_core.shell:create_environment_hook('robot_control', 'pythonpath')
[0.909s] INFO:colcon.colcon_core.shell:Creating environment hook '/home/ubuntu/650610832_final/install/robot_control/share/robot_control/hook/pythonpath.ps1'
[0.910s] INFO:colcon.colcon_core.shell:Creating environment descriptor '/home/ubuntu/650610832_final/install/robot_control/share/robot_control/hook/pythonpath.dsv'
[0.910s] INFO:colcon.colcon_core.shell:Creating environment hook '/home/ubuntu/650610832_final/install/robot_control/share/robot_control/hook/pythonpath.sh'
[0.910s] Level 1:colcon.colcon_core.environment:checking '/home/ubuntu/650610832_final/install/robot_control/bin'
[0.910s] Level 1:colcon.colcon_core.environment:create_environment_scripts_only(robot_control)
[0.911s] INFO:colcon.colcon_core.shell:Creating package script '/home/ubuntu/650610832_final/install/robot_control/share/robot_control/package.ps1'
[0.911s] INFO:colcon.colcon_core.shell:Creating package descriptor '/home/ubuntu/650610832_final/install/robot_control/share/robot_control/package.dsv'
[0.911s] INFO:colcon.colcon_core.shell:Creating package script '/home/ubuntu/650610832_final/install/robot_control/share/robot_control/package.sh'
[0.911s] INFO:colcon.colcon_core.shell:Creating package script '/home/ubuntu/650610832_final/install/robot_control/share/robot_control/package.bash'
[0.911s] INFO:colcon.colcon_core.shell:Creating package script '/home/ubuntu/650610832_final/install/robot_control/share/robot_control/package.zsh'
[0.912s] Level 1:colcon.colcon_core.environment:create_file_with_runtime_dependencies(/home/ubuntu/650610832_final/install/robot_control/share/colcon-core/packages/robot_control)
[0.912s] DEBUG:colcon.colcon_parallel_executor.executor.parallel:closing loop
[0.912s] DEBUG:colcon.colcon_parallel_executor.executor.parallel:loop closed
[0.912s] DEBUG:colcon.colcon_parallel_executor.executor.parallel:run_until_complete finished with '0'
[0.912s] DEBUG:colcon.colcon_core.event_reactor:joining thread
[0.915s] INFO:colcon.colcon_core.plugin_system:Skipping extension 'colcon_notification.desktop_notification.terminal_notifier': Not used on non-Darwin systems
[0.916s] INFO:colcon.colcon_core.plugin_system:Skipping extension 'colcon_notification.desktop_notification.win32': Not used on non-Windows systems
[0.916s] INFO:colcon.colcon_notification.desktop_notification:Sending desktop notification using 'notify2'
[0.923s] DEBUG:colcon.colcon_core.event_reactor:joined thread
[0.923s] INFO:colcon.colcon_core.shell:Creating prefix script '/home/ubuntu/650610832_final/install/local_setup.ps1'
[0.923s] INFO:colcon.colcon_core.shell:Creating prefix util module '/home/ubuntu/650610832_final/install/_local_setup_util_ps1.py'
[0.924s] INFO:colcon.colcon_core.shell:Creating prefix chain script '/home/ubuntu/650610832_final/install/setup.ps1'
[0.925s] INFO:colcon.colcon_core.shell:Creating prefix script '/home/ubuntu/650610832_final/install/local_setup.sh'
[0.925s] INFO:colcon.colcon_core.shell:Creating prefix util module '/home/ubuntu/650610832_final/install/_local_setup_util_sh.py'
[0.925s] INFO:colcon.colcon_core.shell:Creating prefix chain script '/home/ubuntu/650610832_final/install/setup.sh'
[0.926s] INFO:colcon.colcon_core.shell:Creating prefix script '/home/ubuntu/650610832_final/install/local_setup.bash'
[0.926s] INFO:colcon.colcon_core.shell:Creating prefix chain script '/home/ubuntu/650610832_final/install/setup.bash'
[0.926s] INFO:colcon.colcon_core.shell:Creating prefix script '/home/ubuntu/650610832_final/install/local_setup.zsh'
[0.927s] INFO:colcon.colcon_core.shell:Creating prefix chain script '/home/ubuntu/650610832_final/install/setup.zsh'
