[0.709s] Invoking command in '/home/ubuntu/650610832_final/build/service_node': PYTHONPATH=/home/ubuntu/650610832_final/build/service_node/prefix_override:/usr/lib/python3/dist-packages/colcon_core/task/python/colcon_distutils_commands:/home/ubuntu/650610832_final/install/service_node/lib/python3.10/site-packages:${PYTHONPATH} /usr/bin/python3 -W ignore:setup.py install is deprecated -W ignore:easy_install command is deprecated setup.py develop --editable --build-directory /home/ubuntu/650610832_final/build/service_node/build --no-deps symlink_data
[0.866s] running develop
[0.953s] running egg_info
[0.953s] creating service_node.egg-info
[0.953s] writing service_node.egg-info/PKG-INFO
[0.953s] writing dependency_links to service_node.egg-info/dependency_links.txt
[0.954s] writing entry points to service_node.egg-info/entry_points.txt
[0.954s] writing requirements to service_node.egg-info/requires.txt
[0.954s] writing top-level names to service_node.egg-info/top_level.txt
[0.954s] writing manifest file 'service_node.egg-info/SOURCES.txt'
[0.955s] reading manifest file 'service_node.egg-info/SOURCES.txt'
[0.955s] writing manifest file 'service_node.egg-info/SOURCES.txt'
[0.956s] running build_ext
[0.956s] Creating /home/ubuntu/650610832_final/install/service_node/lib/python3.10/site-packages/service-node.egg-link (link to .)
[0.957s] Installing service_node script to /home/ubuntu/650610832_final/install/service_node/lib/service_node
[0.957s] 
[0.957s] Installed /home/ubuntu/650610832_final/build/service_node
[0.957s] running symlink_data
[0.957s] creating /home/ubuntu/650610832_final/install/service_node/share/ament_index
[0.957s] creating /home/ubuntu/650610832_final/install/service_node/share/ament_index/resource_index
[0.957s] creating /home/ubuntu/650610832_final/install/service_node/share/ament_index/resource_index/packages
[0.957s] symbolically linking /home/ubuntu/650610832_final/build/service_node/resource/service_node -> /home/ubuntu/650610832_final/install/service_node/share/ament_index/resource_index/packages
[0.957s] symbolically linking /home/ubuntu/650610832_final/build/service_node/package.xml -> /home/ubuntu/650610832_final/install/service_node/share/service_node
[0.981s] Invoked command in '/home/ubuntu/650610832_final/build/service_node' returned '0': PYTHONPATH=/home/ubuntu/650610832_final/build/service_node/prefix_override:/usr/lib/python3/dist-packages/colcon_core/task/python/colcon_distutils_commands:/home/ubuntu/650610832_final/install/service_node/lib/python3.10/site-packages:${PYTHONPATH} /usr/bin/python3 -W ignore:setup.py install is deprecated -W ignore:easy_install command is deprecated setup.py develop --editable --build-directory /home/ubuntu/650610832_final/build/service_node/build --no-deps symlink_data
