[0.853s] Invoking command in '/home/ubuntu/650610832_final/src/robot_control': PYTHONPATH=/home/ubuntu/650610832_final/build/robot_control/prefix_override:/usr/lib/python3/dist-packages/colcon_core/task/python/colcon_distutils_commands:/home/ubuntu/650610832_final/install/robot_control/lib/python3.10/site-packages:${PYTHONPATH} /usr/bin/python3 -W ignore:setup.py install is deprecated -W ignore:easy_install command is deprecated setup.py egg_info --egg-base ../../build/robot_control build --build-base /home/ubuntu/650610832_final/build/robot_control/build install --record /home/ubuntu/650610832_final/build/robot_control/install.log --single-version-externally-managed install_data
[1.036s] running egg_info
[1.036s] writing ../../build/robot_control/robot_control.egg-info/PKG-INFO
[1.037s] writing dependency_links to ../../build/robot_control/robot_control.egg-info/dependency_links.txt
[1.037s] writing entry points to ../../build/robot_control/robot_control.egg-info/entry_points.txt
[1.037s] writing requirements to ../../build/robot_control/robot_control.egg-info/requires.txt
[1.037s] writing top-level names to ../../build/robot_control/robot_control.egg-info/top_level.txt
[1.038s] reading manifest file '../../build/robot_control/robot_control.egg-info/SOURCES.txt'
[1.039s] writing manifest file '../../build/robot_control/robot_control.egg-info/SOURCES.txt'
[1.039s] running build
[1.039s] running build_py
[1.039s] running install
[1.039s] running install_lib
[1.040s] running install_data
[1.040s] running install_egg_info
[1.042s] removing '/home/ubuntu/650610832_final/install/robot_control/lib/python3.10/site-packages/robot_control-0.0.0-py3.10.egg-info' (and everything under it)
[1.042s] Copying ../../build/robot_control/robot_control.egg-info to /home/ubuntu/650610832_final/install/robot_control/lib/python3.10/site-packages/robot_control-0.0.0-py3.10.egg-info
[1.042s] running install_scripts
[1.058s] Installing server_node script to /home/ubuntu/650610832_final/install/robot_control/lib/robot_control
[1.058s] Installing service_node script to /home/ubuntu/650610832_final/install/robot_control/lib/robot_control
[1.058s] writing list of installed files to '/home/ubuntu/650610832_final/build/robot_control/install.log'
[1.077s] Invoked command in '/home/ubuntu/650610832_final/src/robot_control' returned '0': PYTHONPATH=/home/ubuntu/650610832_final/build/robot_control/prefix_override:/usr/lib/python3/dist-packages/colcon_core/task/python/colcon_distutils_commands:/home/ubuntu/650610832_final/install/robot_control/lib/python3.10/site-packages:${PYTHONPATH} /usr/bin/python3 -W ignore:setup.py install is deprecated -W ignore:easy_install command is deprecated setup.py egg_info --egg-base ../../build/robot_control build --build-base /home/ubuntu/650610832_final/build/robot_control/build install --record /home/ubuntu/650610832_final/build/robot_control/install.log --single-version-externally-managed install_data
