running develop
running egg_info
creating server_node.egg-info
writing server_node.egg-info/PKG-INFO
writing dependency_links to server_node.egg-info/dependency_links.txt
writing entry points to server_node.egg-info/entry_points.txt
writing requirements to server_node.egg-info/requires.txt
writing top-level names to server_node.egg-info/top_level.txt
writing manifest file 'server_node.egg-info/SOURCES.txt'
reading manifest file 'server_node.egg-info/SOURCES.txt'
writing manifest file 'server_node.egg-info/SOURCES.txt'
running build_ext
Creating /home/ubuntu/650610832_final/install/server_node/lib/python3.10/site-packages/server-node.egg-link (link to .)
Installing server_node script to /home/ubuntu/650610832_final/install/server_node/lib/server_node

Installed /home/ubuntu/650610832_final/build/server_node
running symlink_data
creating /home/ubuntu/650610832_final/install/server_node/share/ament_index
creating /home/ubuntu/650610832_final/install/server_node/share/ament_index/resource_index
creating /home/ubuntu/650610832_final/install/server_node/share/ament_index/resource_index/packages
symbolically linking /home/ubuntu/650610832_final/build/server_node/resource/server_node -> /home/ubuntu/650610832_final/install/server_node/share/ament_index/resource_index/packages
symbolically linking /home/ubuntu/650610832_final/build/server_node/package.xml -> /home/ubuntu/650610832_final/install/server_node/share/server_node
